[2026-03-12 11:09:09.925 +07:00  DBG]  Registered model binder providers, in the following order: ["Microsoft.AspNetCore.Mvc.ModelBinding.Binders.BinderTypeModelBinderProvider","Microsoft.AspNetCore.Mvc.ModelBinding.Binders.ServicesModelBinderProvider","Microsoft.AspNetCore.Mvc.ModelBinding.Binders.BodyModelBinderProvider","Microsoft.AspNetCore.Mvc.ModelBinding.Binders.HeaderModelBinderProvider","Microsoft.AspNetCore.Mvc.ModelBinding.Binders.FloatingPointTypeModelBinderProvider","Microsoft.AspNetCore.Mvc.ModelBinding.Binders.EnumTypeModelBinderProvider","Microsoft.AspNetCore.Mvc.ModelBinding.Binders.DateTimeModelBinderProvider","Microsoft.AspNetCore.Mvc.ModelBinding.Binders.SimpleTypeModelBinderProvider","Microsoft.AspNetCore.Mvc.ModelBinding.Binders.TryParseModelBinderProvider","Microsoft.AspNetCore.Mvc.ModelBinding.Binders.CancellationTokenModelBinderProvider","Microsoft.AspNetCore.Mvc.ModelBinding.Binders.ByteArrayModelBinderProvider","Microsoft.AspNetCore.Mvc.ModelBinding.Binders.FormFileModelBinderProvider","Microsoft.AspNetCore.Mvc.ModelBinding.Binders.FormCollectionModelBinderProvider","Microsoft.AspNetCore.Mvc.ModelBinding.Binders.KeyValuePairModelBinderProvider","Microsoft.AspNetCore.Mvc.ModelBinding.Binders.DictionaryModelBinderProvider","Microsoft.AspNetCore.Mvc.ModelBinding.Binders.ArrayModelBinderProvider","Microsoft.AspNetCore.Mvc.ModelBinding.Binders.CollectionModelBinderProvider","Microsoft.AspNetCore.Mvc.ModelBinding.Binders.ComplexObjectModelBinderProvider"]
[2026-03-12 11:09:10.177 +07:00  DBG]  Hosting starting
[2026-03-12 11:09:10.203 +07:00  INF]  User profile is available. Using 'C:\Users\PhucTruong\AppData\Local\ASP.NET\DataProtection-Keys' as key repository and Windows DPAPI to encrypt keys at rest.
[2026-03-12 11:09:10.215 +07:00  DBG]  Reading data from file 'C:\Users\PhucTruong\AppData\Local\ASP.NET\DataProtection-Keys\key-1b396550-166d-4963-bbc7-4851fa5ec7da.xml'.
[2026-03-12 11:09:10.230 +07:00  DBG]  Reading data from file 'C:\Users\PhucTruong\AppData\Local\ASP.NET\DataProtection-Keys\key-32eddb85-f176-42d9-8959-f0eba61d82f7.xml'.
[2026-03-12 11:09:10.232 +07:00  DBG]  Reading data from file 'C:\Users\PhucTruong\AppData\Local\ASP.NET\DataProtection-Keys\key-33cf3412-961e-4bd3-ad04-ecb658f583fd.xml'.
[2026-03-12 11:09:10.234 +07:00  DBG]  Reading data from file 'C:\Users\PhucTruong\AppData\Local\ASP.NET\DataProtection-Keys\key-47935f9d-9847-4d4e-874f-a0dd392e9742.xml'.
[2026-03-12 11:09:10.236 +07:00  DBG]  Reading data from file 'C:\Users\PhucTruong\AppData\Local\ASP.NET\DataProtection-Keys\key-75a7f6c5-8341-498c-9634-b4f5280b626e.xml'.
[2026-03-12 11:09:10.239 +07:00  DBG]  Reading data from file 'C:\Users\PhucTruong\AppData\Local\ASP.NET\DataProtection-Keys\key-891896f9-c987-48ed-91d1-0a38007f1ee7.xml'.
[2026-03-12 11:09:10.241 +07:00  DBG]  Reading data from file 'C:\Users\PhucTruong\AppData\Local\ASP.NET\DataProtection-Keys\key-a37f0238-60ae-4529-a4d6-8c184821f545.xml'.
[2026-03-12 11:09:10.243 +07:00  DBG]  Reading data from file 'C:\Users\PhucTruong\AppData\Local\ASP.NET\DataProtection-Keys\key-b44e2774-fbee-4e46-8891-ca8df6aa0cc5.xml'.
[2026-03-12 11:09:10.245 +07:00  DBG]  Reading data from file 'C:\Users\PhucTruong\AppData\Local\ASP.NET\DataProtection-Keys\key-c004ae11-9260-4a42-b6f8-3f324f87369d.xml'.
[2026-03-12 11:09:10.253 +07:00  DBG]  Found key {1b396550-166d-4963-bbc7-4851fa5ec7da}.
[2026-03-12 11:09:10.260 +07:00  DBG]  Found key {32eddb85-f176-42d9-8959-f0eba61d82f7}.
[2026-03-12 11:09:10.262 +07:00  DBG]  Found key {33cf3412-961e-4bd3-ad04-ecb658f583fd}.
[2026-03-12 11:09:10.264 +07:00  DBG]  Found key {47935f9d-9847-4d4e-874f-a0dd392e9742}.
[2026-03-12 11:09:10.265 +07:00  DBG]  Found key {75a7f6c5-8341-498c-9634-b4f5280b626e}.
[2026-03-12 11:09:10.266 +07:00  DBG]  Found key {891896f9-c987-48ed-91d1-0a38007f1ee7}.
[2026-03-12 11:09:10.270 +07:00  DBG]  Found key {a37f0238-60ae-4529-a4d6-8c184821f545}.
[2026-03-12 11:09:10.272 +07:00  DBG]  Found key {b44e2774-fbee-4e46-8891-ca8df6aa0cc5}.
[2026-03-12 11:09:10.274 +07:00  DBG]  Found key {c004ae11-9260-4a42-b6f8-3f324f87369d}.
[2026-03-12 11:09:10.282 +07:00  DBG]  Considering key {a37f0238-60ae-4529-a4d6-8c184821f545} with expiration date 2026-06-04 04:03:36Z as default key.
[2026-03-12 11:09:10.288 +07:00  DBG]  Forwarded activator type request from Microsoft.AspNetCore.DataProtection.XmlEncryption.DpapiXmlDecryptor, Microsoft.AspNetCore.DataProtection, Version=8.0.0.0, Culture=neutral, PublicKeyToken=adb9793829ddae60 to Microsoft.AspNetCore.DataProtection.XmlEncryption.DpapiXmlDecryptor, Microsoft.AspNetCore.DataProtection, Culture=neutral, PublicKeyToken=adb9793829ddae60
[2026-03-12 11:09:10.293 +07:00  DBG]  Decrypting secret element using Windows DPAPI.
[2026-03-12 11:09:10.297 +07:00  DBG]  Forwarded activator type request from Microsoft.AspNetCore.DataProtection.AuthenticatedEncryption.ConfigurationModel.AuthenticatedEncryptorDescriptorDeserializer, Microsoft.AspNetCore.DataProtection, Version=8.0.0.0, Culture=neutral, PublicKeyToken=adb9793829ddae60 to Microsoft.AspNetCore.DataProtection.AuthenticatedEncryption.ConfigurationModel.AuthenticatedEncryptorDescriptorDeserializer, Microsoft.AspNetCore.DataProtection, Culture=neutral, PublicKeyToken=adb9793829ddae60
[2026-03-12 11:09:10.310 +07:00  DBG]  Opening CNG algorithm 'AES' from provider 'null' with chaining mode CBC.
[2026-03-12 11:09:10.312 +07:00  DBG]  Opening CNG algorithm 'SHA256' from provider 'null' with HMAC.
[2026-03-12 11:09:10.315 +07:00  DBG]  Using key {a37f0238-60ae-4529-a4d6-8c184821f545} as the default key.
[2026-03-12 11:09:10.319 +07:00  DBG]  Key ring with default key {a37f0238-60ae-4529-a4d6-8c184821f545} was loaded during application startup.
[2026-03-12 11:09:10.485 +07:00  ERR]  Hosting failed to start
System.IO.IOException: Failed to bind to address http://127.0.0.1:5082: address already in use.
 ---> Microsoft.AspNetCore.Connections.AddressInUseException: Only one usage of each socket address (protocol/network address/port) is normally permitted.
 ---> System.Net.Sockets.SocketException (10048): Only one usage of each socket address (protocol/network address/port) is normally permitted.
   at System.Net.Sockets.Socket.UpdateStatusAfterSocketErrorAndThrowException(SocketError error, Boolean disconnectOnFailure, String callerName)
   at System.Net.Sockets.Socket.DoBind(EndPoint endPointSnapshot, SocketAddress socketAddress)
   at System.Net.Sockets.Socket.Bind(EndPoint localEP)
   at Microsoft.AspNetCore.Server.Kestrel.Transport.Sockets.SocketTransportOptions.CreateDefaultBoundListenSocket(EndPoint endpoint)
   at Microsoft.AspNetCore.Server.Kestrel.Transport.Sockets.SocketConnectionListener.Bind()
   --- End of inner exception stack trace ---
   at Microsoft.AspNetCore.Server.Kestrel.Transport.Sockets.SocketConnectionListener.Bind()
   at Microsoft.AspNetCore.Server.Kestrel.Transport.Sockets.SocketTransportFactory.BindAsync(EndPoint endpoint, CancellationToken cancellationToken)
   at Microsoft.AspNetCore.Server.Kestrel.Core.Internal.Infrastructure.TransportManager.BindAsync(EndPoint endPoint, ConnectionDelegate connectionDelegate, EndpointConfig endpointConfig, CancellationToken cancellationToken)
   at Microsoft.AspNetCore.Server.Kestrel.Core.KestrelServerImpl.<>c__DisplayClass28_0`1.<<StartAsync>g__OnBind|0>d.MoveNext()
--- End of stack trace from previous location ---
   at Microsoft.AspNetCore.Server.Kestrel.Core.Internal.AddressBinder.BindEndpointAsync(ListenOptions endpoint, AddressBindContext context, CancellationToken cancellationToken)
   --- End of inner exception stack trace ---
   at Microsoft.AspNetCore.Server.Kestrel.Core.Internal.AddressBinder.BindEndpointAsync(ListenOptions endpoint, AddressBindContext context, CancellationToken cancellationToken)
   at Microsoft.AspNetCore.Server.Kestrel.Core.LocalhostListenOptions.BindAsync(AddressBindContext context, CancellationToken cancellationToken)
   at Microsoft.AspNetCore.Server.Kestrel.Core.Internal.AddressBinder.AddressesStrategy.BindAsync(AddressBindContext context, CancellationToken cancellationToken)
   at Microsoft.AspNetCore.Server.Kestrel.Core.Internal.AddressBinder.BindAsync(ListenOptions[] listenOptions, AddressBindContext context, Func`2 useHttps, CancellationToken cancellationToken)
   at Microsoft.AspNetCore.Server.Kestrel.Core.KestrelServerImpl.BindAsync(CancellationToken cancellationToken)
   at Microsoft.AspNetCore.Server.Kestrel.Core.KestrelServerImpl.StartAsync[TContext](IHttpApplication`1 application, CancellationToken cancellationToken)
   at Microsoft.AspNetCore.Hosting.GenericWebHostService.StartAsync(CancellationToken cancellationToken)
   at Microsoft.Extensions.Hosting.Internal.Host.<StartAsync>b__15_1(IHostedService service, CancellationToken token)
   at Microsoft.Extensions.Hosting.Internal.Host.ForeachService[T](IEnumerable`1 services, CancellationToken token, Boolean concurrent, Boolean abortOnFirstException, List`1 exceptions, Func`3 operation)
[2026-03-12 11:09:33.211 +07:00  DBG]  Registered model binder providers, in the following order: ["Microsoft.AspNetCore.Mvc.ModelBinding.Binders.BinderTypeModelBinderProvider","Microsoft.AspNetCore.Mvc.ModelBinding.Binders.ServicesModelBinderProvider","Microsoft.AspNetCore.Mvc.ModelBinding.Binders.BodyModelBinderProvider","Microsoft.AspNetCore.Mvc.ModelBinding.Binders.HeaderModelBinderProvider","Microsoft.AspNetCore.Mvc.ModelBinding.Binders.FloatingPointTypeModelBinderProvider","Microsoft.AspNetCore.Mvc.ModelBinding.Binders.EnumTypeModelBinderProvider","Microsoft.AspNetCore.Mvc.ModelBinding.Binders.DateTimeModelBinderProvider","Microsoft.AspNetCore.Mvc.ModelBinding.Binders.SimpleTypeModelBinderProvider","Microsoft.AspNetCore.Mvc.ModelBinding.Binders.TryParseModelBinderProvider","Microsoft.AspNetCore.Mvc.ModelBinding.Binders.CancellationTokenModelBinderProvider","Microsoft.AspNetCore.Mvc.ModelBinding.Binders.ByteArrayModelBinderProvider","Microsoft.AspNetCore.Mvc.ModelBinding.Binders.FormFileModelBinderProvider","Microsoft.AspNetCore.Mvc.ModelBinding.Binders.FormCollectionModelBinderProvider","Microsoft.AspNetCore.Mvc.ModelBinding.Binders.KeyValuePairModelBinderProvider","Microsoft.AspNetCore.Mvc.ModelBinding.Binders.DictionaryModelBinderProvider","Microsoft.AspNetCore.Mvc.ModelBinding.Binders.ArrayModelBinderProvider","Microsoft.AspNetCore.Mvc.ModelBinding.Binders.CollectionModelBinderProvider","Microsoft.AspNetCore.Mvc.ModelBinding.Binders.ComplexObjectModelBinderProvider"]
[2026-03-12 11:09:33.317 +07:00  DBG]  Hosting starting
[2026-03-12 11:09:33.328 +07:00  INF]  User profile is available. Using 'C:\Users\PhucTruong\AppData\Local\ASP.NET\DataProtection-Keys' as key repository and Windows DPAPI to encrypt keys at rest.
[2026-03-12 11:09:33.336 +07:00  DBG]  Reading data from file 'C:\Users\PhucTruong\AppData\Local\ASP.NET\DataProtection-Keys\key-1b396550-166d-4963-bbc7-4851fa5ec7da.xml'.
[2026-03-12 11:09:33.341 +07:00  DBG]  Reading data from file 'C:\Users\PhucTruong\AppData\Local\ASP.NET\DataProtection-Keys\key-32eddb85-f176-42d9-8959-f0eba61d82f7.xml'.
[2026-03-12 11:09:33.343 +07:00  DBG]  Reading data from file 'C:\Users\PhucTruong\AppData\Local\ASP.NET\DataProtection-Keys\key-33cf3412-961e-4bd3-ad04-ecb658f583fd.xml'.
[2026-03-12 11:09:33.344 +07:00  DBG]  Reading data from file 'C:\Users\PhucTruong\AppData\Local\ASP.NET\DataProtection-Keys\key-47935f9d-9847-4d4e-874f-a0dd392e9742.xml'.
[2026-03-12 11:09:33.345 +07:00  DBG]  Reading data from file 'C:\Users\PhucTruong\AppData\Local\ASP.NET\DataProtection-Keys\key-75a7f6c5-8341-498c-9634-b4f5280b626e.xml'.
[2026-03-12 11:09:33.346 +07:00  DBG]  Reading data from file 'C:\Users\PhucTruong\AppData\Local\ASP.NET\DataProtection-Keys\key-891896f9-c987-48ed-91d1-0a38007f1ee7.xml'.
[2026-03-12 11:09:33.346 +07:00  DBG]  Reading data from file 'C:\Users\PhucTruong\AppData\Local\ASP.NET\DataProtection-Keys\key-a37f0238-60ae-4529-a4d6-8c184821f545.xml'.
[2026-03-12 11:09:33.347 +07:00  DBG]  Reading data from file 'C:\Users\PhucTruong\AppData\Local\ASP.NET\DataProtection-Keys\key-b44e2774-fbee-4e46-8891-ca8df6aa0cc5.xml'.
[2026-03-12 11:09:33.349 +07:00  DBG]  Reading data from file 'C:\Users\PhucTruong\AppData\Local\ASP.NET\DataProtection-Keys\key-c004ae11-9260-4a42-b6f8-3f324f87369d.xml'.
[2026-03-12 11:09:33.352 +07:00  DBG]  Found key {1b396550-166d-4963-bbc7-4851fa5ec7da}.
[2026-03-12 11:09:33.355 +07:00  DBG]  Found key {32eddb85-f176-42d9-8959-f0eba61d82f7}.
[2026-03-12 11:09:33.356 +07:00  DBG]  Found key {33cf3412-961e-4bd3-ad04-ecb658f583fd}.
[2026-03-12 11:09:33.357 +07:00  DBG]  Found key {47935f9d-9847-4d4e-874f-a0dd392e9742}.
[2026-03-12 11:09:33.358 +07:00  DBG]  Found key {75a7f6c5-8341-498c-9634-b4f5280b626e}.
[2026-03-12 11:09:33.359 +07:00  DBG]  Found key {891896f9-c987-48ed-91d1-0a38007f1ee7}.
[2026-03-12 11:09:33.360 +07:00  DBG]  Found key {a37f0238-60ae-4529-a4d6-8c184821f545}.
[2026-03-12 11:09:33.361 +07:00  DBG]  Found key {b44e2774-fbee-4e46-8891-ca8df6aa0cc5}.
[2026-03-12 11:09:33.362 +07:00  DBG]  Found key {c004ae11-9260-4a42-b6f8-3f324f87369d}.
[2026-03-12 11:09:33.366 +07:00  DBG]  Considering key {a37f0238-60ae-4529-a4d6-8c184821f545} with expiration date 2026-06-04 04:03:36Z as default key.
[2026-03-12 11:09:33.370 +07:00  DBG]  Forwarded activator type request from Microsoft.AspNetCore.DataProtection.XmlEncryption.DpapiXmlDecryptor, Microsoft.AspNetCore.DataProtection, Version=8.0.0.0, Culture=neutral, PublicKeyToken=adb9793829ddae60 to Microsoft.AspNetCore.DataProtection.XmlEncryption.DpapiXmlDecryptor, Microsoft.AspNetCore.DataProtection, Culture=neutral, PublicKeyToken=adb9793829ddae60
[2026-03-12 11:09:33.374 +07:00  DBG]  Decrypting secret element using Windows DPAPI.
[2026-03-12 11:09:33.376 +07:00  DBG]  Forwarded activator type request from Microsoft.AspNetCore.DataProtection.AuthenticatedEncryption.ConfigurationModel.AuthenticatedEncryptorDescriptorDeserializer, Microsoft.AspNetCore.DataProtection, Version=8.0.0.0, Culture=neutral, PublicKeyToken=adb9793829ddae60 to Microsoft.AspNetCore.DataProtection.AuthenticatedEncryption.ConfigurationModel.AuthenticatedEncryptorDescriptorDeserializer, Microsoft.AspNetCore.DataProtection, Culture=neutral, PublicKeyToken=adb9793829ddae60
[2026-03-12 11:09:33.379 +07:00  DBG]  Opening CNG algorithm 'AES' from provider 'null' with chaining mode CBC.
[2026-03-12 11:09:33.381 +07:00  DBG]  Opening CNG algorithm 'SHA256' from provider 'null' with HMAC.
[2026-03-12 11:09:33.385 +07:00  DBG]  Using key {a37f0238-60ae-4529-a4d6-8c184821f545} as the default key.
[2026-03-12 11:09:33.386 +07:00  DBG]  Key ring with default key {a37f0238-60ae-4529-a4d6-8c184821f545} was loaded during application startup.
[2026-03-12 11:09:33.425 +07:00  ERR]  Hosting failed to start
System.IO.IOException: Failed to bind to address http://127.0.0.1:5082: address already in use.
 ---> Microsoft.AspNetCore.Connections.AddressInUseException: Only one usage of each socket address (protocol/network address/port) is normally permitted.
 ---> System.Net.Sockets.SocketException (10048): Only one usage of each socket address (protocol/network address/port) is normally permitted.
   at System.Net.Sockets.Socket.UpdateStatusAfterSocketErrorAndThrowException(SocketError error, Boolean disconnectOnFailure, String callerName)
   at System.Net.Sockets.Socket.DoBind(EndPoint endPointSnapshot, SocketAddress socketAddress)
   at System.Net.Sockets.Socket.Bind(EndPoint localEP)
   at Microsoft.AspNetCore.Server.Kestrel.Transport.Sockets.SocketTransportOptions.CreateDefaultBoundListenSocket(EndPoint endpoint)
   at Microsoft.AspNetCore.Server.Kestrel.Transport.Sockets.SocketConnectionListener.Bind()
   --- End of inner exception stack trace ---
   at Microsoft.AspNetCore.Server.Kestrel.Transport.Sockets.SocketConnectionListener.Bind()
   at Microsoft.AspNetCore.Server.Kestrel.Transport.Sockets.SocketTransportFactory.BindAsync(EndPoint endpoint, CancellationToken cancellationToken)
   at Microsoft.AspNetCore.Server.Kestrel.Core.Internal.Infrastructure.TransportManager.BindAsync(EndPoint endPoint, ConnectionDelegate connectionDelegate, EndpointConfig endpointConfig, CancellationToken cancellationToken)
   at Microsoft.AspNetCore.Server.Kestrel.Core.KestrelServerImpl.<>c__DisplayClass28_0`1.<<StartAsync>g__OnBind|0>d.MoveNext()
--- End of stack trace from previous location ---
   at Microsoft.AspNetCore.Server.Kestrel.Core.Internal.AddressBinder.BindEndpointAsync(ListenOptions endpoint, AddressBindContext context, CancellationToken cancellationToken)
   --- End of inner exception stack trace ---
   at Microsoft.AspNetCore.Server.Kestrel.Core.Internal.AddressBinder.BindEndpointAsync(ListenOptions endpoint, AddressBindContext context, CancellationToken cancellationToken)
   at Microsoft.AspNetCore.Server.Kestrel.Core.LocalhostListenOptions.BindAsync(AddressBindContext context, CancellationToken cancellationToken)
   at Microsoft.AspNetCore.Server.Kestrel.Core.Internal.AddressBinder.AddressesStrategy.BindAsync(AddressBindContext context, CancellationToken cancellationToken)
   at Microsoft.AspNetCore.Server.Kestrel.Core.Internal.AddressBinder.BindAsync(ListenOptions[] listenOptions, AddressBindContext context, Func`2 useHttps, CancellationToken cancellationToken)
   at Microsoft.AspNetCore.Server.Kestrel.Core.KestrelServerImpl.BindAsync(CancellationToken cancellationToken)
   at Microsoft.AspNetCore.Server.Kestrel.Core.KestrelServerImpl.StartAsync[TContext](IHttpApplication`1 application, CancellationToken cancellationToken)
   at Microsoft.AspNetCore.Hosting.GenericWebHostService.StartAsync(CancellationToken cancellationToken)
   at Microsoft.Extensions.Hosting.Internal.Host.<StartAsync>b__15_1(IHostedService service, CancellationToken token)
   at Microsoft.Extensions.Hosting.Internal.Host.ForeachService[T](IEnumerable`1 services, CancellationToken token, Boolean concurrent, Boolean abortOnFirstException, List`1 exceptions, Func`3 operation)
[2026-03-12 11:11:13.113 +07:00  DBG]  Registered model binder providers, in the following order: ["Microsoft.AspNetCore.Mvc.ModelBinding.Binders.BinderTypeModelBinderProvider","Microsoft.AspNetCore.Mvc.ModelBinding.Binders.ServicesModelBinderProvider","Microsoft.AspNetCore.Mvc.ModelBinding.Binders.BodyModelBinderProvider","Microsoft.AspNetCore.Mvc.ModelBinding.Binders.HeaderModelBinderProvider","Microsoft.AspNetCore.Mvc.ModelBinding.Binders.FloatingPointTypeModelBinderProvider","Microsoft.AspNetCore.Mvc.ModelBinding.Binders.EnumTypeModelBinderProvider","Microsoft.AspNetCore.Mvc.ModelBinding.Binders.DateTimeModelBinderProvider","Microsoft.AspNetCore.Mvc.ModelBinding.Binders.SimpleTypeModelBinderProvider","Microsoft.AspNetCore.Mvc.ModelBinding.Binders.TryParseModelBinderProvider","Microsoft.AspNetCore.Mvc.ModelBinding.Binders.CancellationTokenModelBinderProvider","Microsoft.AspNetCore.Mvc.ModelBinding.Binders.ByteArrayModelBinderProvider","Microsoft.AspNetCore.Mvc.ModelBinding.Binders.FormFileModelBinderProvider","Microsoft.AspNetCore.Mvc.ModelBinding.Binders.FormCollectionModelBinderProvider","Microsoft.AspNetCore.Mvc.ModelBinding.Binders.KeyValuePairModelBinderProvider","Microsoft.AspNetCore.Mvc.ModelBinding.Binders.DictionaryModelBinderProvider","Microsoft.AspNetCore.Mvc.ModelBinding.Binders.ArrayModelBinderProvider","Microsoft.AspNetCore.Mvc.ModelBinding.Binders.CollectionModelBinderProvider","Microsoft.AspNetCore.Mvc.ModelBinding.Binders.ComplexObjectModelBinderProvider"]
[2026-03-12 11:11:13.354 +07:00  DBG]  Hosting starting
[2026-03-12 11:11:13.388 +07:00  INF]  User profile is available. Using 'C:\Users\PhucTruong\AppData\Local\ASP.NET\DataProtection-Keys' as key repository and Windows DPAPI to encrypt keys at rest.
[2026-03-12 11:11:13.401 +07:00  DBG]  Reading data from file 'C:\Users\PhucTruong\AppData\Local\ASP.NET\DataProtection-Keys\key-1b396550-166d-4963-bbc7-4851fa5ec7da.xml'.
[2026-03-12 11:11:13.409 +07:00  DBG]  Reading data from file 'C:\Users\PhucTruong\AppData\Local\ASP.NET\DataProtection-Keys\key-32eddb85-f176-42d9-8959-f0eba61d82f7.xml'.
[2026-03-12 11:11:13.411 +07:00  DBG]  Reading data from file 'C:\Users\PhucTruong\AppData\Local\ASP.NET\DataProtection-Keys\key-33cf3412-961e-4bd3-ad04-ecb658f583fd.xml'.
[2026-03-12 11:11:13.413 +07:00  DBG]  Reading data from file 'C:\Users\PhucTruong\AppData\Local\ASP.NET\DataProtection-Keys\key-47935f9d-9847-4d4e-874f-a0dd392e9742.xml'.
[2026-03-12 11:11:13.415 +07:00  DBG]  Reading data from file 'C:\Users\PhucTruong\AppData\Local\ASP.NET\DataProtection-Keys\key-75a7f6c5-8341-498c-9634-b4f5280b626e.xml'.
[2026-03-12 11:11:13.416 +07:00  DBG]  Reading data from file 'C:\Users\PhucTruong\AppData\Local\ASP.NET\DataProtection-Keys\key-891896f9-c987-48ed-91d1-0a38007f1ee7.xml'.
[2026-03-12 11:11:13.419 +07:00  DBG]  Reading data from file 'C:\Users\PhucTruong\AppData\Local\ASP.NET\DataProtection-Keys\key-a37f0238-60ae-4529-a4d6-8c184821f545.xml'.
[2026-03-12 11:11:13.422 +07:00  DBG]  Reading data from file 'C:\Users\PhucTruong\AppData\Local\ASP.NET\DataProtection-Keys\key-b44e2774-fbee-4e46-8891-ca8df6aa0cc5.xml'.
[2026-03-12 11:11:13.425 +07:00  DBG]  Reading data from file 'C:\Users\PhucTruong\AppData\Local\ASP.NET\DataProtection-Keys\key-c004ae11-9260-4a42-b6f8-3f324f87369d.xml'.
[2026-03-12 11:11:13.432 +07:00  DBG]  Found key {1b396550-166d-4963-bbc7-4851fa5ec7da}.
[2026-03-12 11:11:13.438 +07:00  DBG]  Found key {32eddb85-f176-42d9-8959-f0eba61d82f7}.
[2026-03-12 11:11:13.440 +07:00  DBG]  Found key {33cf3412-961e-4bd3-ad04-ecb658f583fd}.
[2026-03-12 11:11:13.443 +07:00  DBG]  Found key {47935f9d-9847-4d4e-874f-a0dd392e9742}.
[2026-03-12 11:11:13.445 +07:00  DBG]  Found key {75a7f6c5-8341-498c-9634-b4f5280b626e}.
[2026-03-12 11:11:13.448 +07:00  DBG]  Found key {891896f9-c987-48ed-91d1-0a38007f1ee7}.
[2026-03-12 11:11:13.453 +07:00  DBG]  Found key {a37f0238-60ae-4529-a4d6-8c184821f545}.
[2026-03-12 11:11:13.457 +07:00  DBG]  Found key {b44e2774-fbee-4e46-8891-ca8df6aa0cc5}.
[2026-03-12 11:11:13.461 +07:00  DBG]  Found key {c004ae11-9260-4a42-b6f8-3f324f87369d}.
[2026-03-12 11:11:13.469 +07:00  DBG]  Considering key {a37f0238-60ae-4529-a4d6-8c184821f545} with expiration date 2026-06-04 04:03:36Z as default key.
[2026-03-12 11:11:13.481 +07:00  DBG]  Forwarded activator type request from Microsoft.AspNetCore.DataProtection.XmlEncryption.DpapiXmlDecryptor, Microsoft.AspNetCore.DataProtection, Version=8.0.0.0, Culture=neutral, PublicKeyToken=adb9793829ddae60 to Microsoft.AspNetCore.DataProtection.XmlEncryption.DpapiXmlDecryptor, Microsoft.AspNetCore.DataProtection, Culture=neutral, PublicKeyToken=adb9793829ddae60
[2026-03-12 11:11:13.490 +07:00  DBG]  Decrypting secret element using Windows DPAPI.
[2026-03-12 11:11:13.495 +07:00  DBG]  Forwarded activator type request from Microsoft.AspNetCore.DataProtection.AuthenticatedEncryption.ConfigurationModel.AuthenticatedEncryptorDescriptorDeserializer, Microsoft.AspNetCore.DataProtection, Version=8.0.0.0, Culture=neutral, PublicKeyToken=adb9793829ddae60 to Microsoft.AspNetCore.DataProtection.AuthenticatedEncryption.ConfigurationModel.AuthenticatedEncryptorDescriptorDeserializer, Microsoft.AspNetCore.DataProtection, Culture=neutral, PublicKeyToken=adb9793829ddae60
[2026-03-12 11:11:13.501 +07:00  DBG]  Opening CNG algorithm 'AES' from provider 'null' with chaining mode CBC.
[2026-03-12 11:11:13.509 +07:00  DBG]  Opening CNG algorithm 'SHA256' from provider 'null' with HMAC.
[2026-03-12 11:11:13.516 +07:00  DBG]  Using key {a37f0238-60ae-4529-a4d6-8c184821f545} as the default key.
[2026-03-12 11:11:13.523 +07:00  DBG]  Key ring with default key {a37f0238-60ae-4529-a4d6-8c184821f545} was loaded during application startup.
[2026-03-12 11:11:13.962 +07:00  ERR]  Hosting failed to start
System.IO.IOException: Failed to bind to address http://127.0.0.1:5082: address already in use.
 ---> Microsoft.AspNetCore.Connections.AddressInUseException: Only one usage of each socket address (protocol/network address/port) is normally permitted.
 ---> System.Net.Sockets.SocketException (10048): Only one usage of each socket address (protocol/network address/port) is normally permitted.
   at System.Net.Sockets.Socket.UpdateStatusAfterSocketErrorAndThrowException(SocketError error, Boolean disconnectOnFailure, String callerName)
   at System.Net.Sockets.Socket.DoBind(EndPoint endPointSnapshot, SocketAddress socketAddress)
   at System.Net.Sockets.Socket.Bind(EndPoint localEP)
   at Microsoft.AspNetCore.Server.Kestrel.Transport.Sockets.SocketTransportOptions.CreateDefaultBoundListenSocket(EndPoint endpoint)
   at Microsoft.AspNetCore.Server.Kestrel.Transport.Sockets.SocketConnectionListener.Bind()
   --- End of inner exception stack trace ---
   at Microsoft.AspNetCore.Server.Kestrel.Transport.Sockets.SocketConnectionListener.Bind()
   at Microsoft.AspNetCore.Server.Kestrel.Transport.Sockets.SocketTransportFactory.BindAsync(EndPoint endpoint, CancellationToken cancellationToken)
   at Microsoft.AspNetCore.Server.Kestrel.Core.Internal.Infrastructure.TransportManager.BindAsync(EndPoint endPoint, ConnectionDelegate connectionDelegate, EndpointConfig endpointConfig, CancellationToken cancellationToken)
   at Microsoft.AspNetCore.Server.Kestrel.Core.KestrelServerImpl.<>c__DisplayClass28_0`1.<<StartAsync>g__OnBind|0>d.MoveNext()
--- End of stack trace from previous location ---
   at Microsoft.AspNetCore.Server.Kestrel.Core.Internal.AddressBinder.BindEndpointAsync(ListenOptions endpoint, AddressBindContext context, CancellationToken cancellationToken)
   --- End of inner exception stack trace ---
   at Microsoft.AspNetCore.Server.Kestrel.Core.Internal.AddressBinder.BindEndpointAsync(ListenOptions endpoint, AddressBindContext context, CancellationToken cancellationToken)
   at Microsoft.AspNetCore.Server.Kestrel.Core.LocalhostListenOptions.BindAsync(AddressBindContext context, CancellationToken cancellationToken)
   at Microsoft.AspNetCore.Server.Kestrel.Core.Internal.AddressBinder.AddressesStrategy.BindAsync(AddressBindContext context, CancellationToken cancellationToken)
   at Microsoft.AspNetCore.Server.Kestrel.Core.Internal.AddressBinder.BindAsync(ListenOptions[] listenOptions, AddressBindContext context, Func`2 useHttps, CancellationToken cancellationToken)
   at Microsoft.AspNetCore.Server.Kestrel.Core.KestrelServerImpl.BindAsync(CancellationToken cancellationToken)
   at Microsoft.AspNetCore.Server.Kestrel.Core.KestrelServerImpl.StartAsync[TContext](IHttpApplication`1 application, CancellationToken cancellationToken)
   at Microsoft.AspNetCore.Hosting.GenericWebHostService.StartAsync(CancellationToken cancellationToken)
   at Microsoft.Extensions.Hosting.Internal.Host.<StartAsync>b__15_1(IHostedService service, CancellationToken token)
   at Microsoft.Extensions.Hosting.Internal.Host.ForeachService[T](IEnumerable`1 services, CancellationToken token, Boolean concurrent, Boolean abortOnFirstException, List`1 exceptions, Func`3 operation)
[2026-03-12 11:11:38.769 +07:00  DBG]  Registered model binder providers, in the following order: ["Microsoft.AspNetCore.Mvc.ModelBinding.Binders.BinderTypeModelBinderProvider","Microsoft.AspNetCore.Mvc.ModelBinding.Binders.ServicesModelBinderProvider","Microsoft.AspNetCore.Mvc.ModelBinding.Binders.BodyModelBinderProvider","Microsoft.AspNetCore.Mvc.ModelBinding.Binders.HeaderModelBinderProvider","Microsoft.AspNetCore.Mvc.ModelBinding.Binders.FloatingPointTypeModelBinderProvider","Microsoft.AspNetCore.Mvc.ModelBinding.Binders.EnumTypeModelBinderProvider","Microsoft.AspNetCore.Mvc.ModelBinding.Binders.DateTimeModelBinderProvider","Microsoft.AspNetCore.Mvc.ModelBinding.Binders.SimpleTypeModelBinderProvider","Microsoft.AspNetCore.Mvc.ModelBinding.Binders.TryParseModelBinderProvider","Microsoft.AspNetCore.Mvc.ModelBinding.Binders.CancellationTokenModelBinderProvider","Microsoft.AspNetCore.Mvc.ModelBinding.Binders.ByteArrayModelBinderProvider","Microsoft.AspNetCore.Mvc.ModelBinding.Binders.FormFileModelBinderProvider","Microsoft.AspNetCore.Mvc.ModelBinding.Binders.FormCollectionModelBinderProvider","Microsoft.AspNetCore.Mvc.ModelBinding.Binders.KeyValuePairModelBinderProvider","Microsoft.AspNetCore.Mvc.ModelBinding.Binders.DictionaryModelBinderProvider","Microsoft.AspNetCore.Mvc.ModelBinding.Binders.ArrayModelBinderProvider","Microsoft.AspNetCore.Mvc.ModelBinding.Binders.CollectionModelBinderProvider","Microsoft.AspNetCore.Mvc.ModelBinding.Binders.ComplexObjectModelBinderProvider"]
[2026-03-12 11:11:38.922 +07:00  DBG]  Hosting starting
[2026-03-12 11:11:38.962 +07:00  INF]  User profile is available. Using 'C:\Users\PhucTruong\AppData\Local\ASP.NET\DataProtection-Keys' as key repository and Windows DPAPI to encrypt keys at rest.
[2026-03-12 11:11:38.972 +07:00  DBG]  Reading data from file 'C:\Users\PhucTruong\AppData\Local\ASP.NET\DataProtection-Keys\key-1b396550-166d-4963-bbc7-4851fa5ec7da.xml'.
[2026-03-12 11:11:38.977 +07:00  DBG]  Reading data from file 'C:\Users\PhucTruong\AppData\Local\ASP.NET\DataProtection-Keys\key-32eddb85-f176-42d9-8959-f0eba61d82f7.xml'.
[2026-03-12 11:11:38.978 +07:00  DBG]  Reading data from file 'C:\Users\PhucTruong\AppData\Local\ASP.NET\DataProtection-Keys\key-33cf3412-961e-4bd3-ad04-ecb658f583fd.xml'.
[2026-03-12 11:11:38.979 +07:00  DBG]  Reading data from file 'C:\Users\PhucTruong\AppData\Local\ASP.NET\DataProtection-Keys\key-47935f9d-9847-4d4e-874f-a0dd392e9742.xml'.
[2026-03-12 11:11:38.979 +07:00  DBG]  Reading data from file 'C:\Users\PhucTruong\AppData\Local\ASP.NET\DataProtection-Keys\key-75a7f6c5-8341-498c-9634-b4f5280b626e.xml'.
[2026-03-12 11:11:38.980 +07:00  DBG]  Reading data from file 'C:\Users\PhucTruong\AppData\Local\ASP.NET\DataProtection-Keys\key-891896f9-c987-48ed-91d1-0a38007f1ee7.xml'.
[2026-03-12 11:11:38.981 +07:00  DBG]  Reading data from file 'C:\Users\PhucTruong\AppData\Local\ASP.NET\DataProtection-Keys\key-a37f0238-60ae-4529-a4d6-8c184821f545.xml'.
[2026-03-12 11:11:38.982 +07:00  DBG]  Reading data from file 'C:\Users\PhucTruong\AppData\Local\ASP.NET\DataProtection-Keys\key-b44e2774-fbee-4e46-8891-ca8df6aa0cc5.xml'.
[2026-03-12 11:11:38.983 +07:00  DBG]  Reading data from file 'C:\Users\PhucTruong\AppData\Local\ASP.NET\DataProtection-Keys\key-c004ae11-9260-4a42-b6f8-3f324f87369d.xml'.
[2026-03-12 11:11:38.994 +07:00  DBG]  Found key {1b396550-166d-4963-bbc7-4851fa5ec7da}.
[2026-03-12 11:11:39.004 +07:00  DBG]  Found key {32eddb85-f176-42d9-8959-f0eba61d82f7}.
[2026-03-12 11:11:39.008 +07:00  DBG]  Found key {33cf3412-961e-4bd3-ad04-ecb658f583fd}.
[2026-03-12 11:11:39.011 +07:00  DBG]  Found key {47935f9d-9847-4d4e-874f-a0dd392e9742}.
[2026-03-12 11:11:39.014 +07:00  DBG]  Found key {75a7f6c5-8341-498c-9634-b4f5280b626e}.
[2026-03-12 11:11:39.017 +07:00  DBG]  Found key {891896f9-c987-48ed-91d1-0a38007f1ee7}.
[2026-03-12 11:11:39.020 +07:00  DBG]  Found key {a37f0238-60ae-4529-a4d6-8c184821f545}.
[2026-03-12 11:11:39.022 +07:00  DBG]  Found key {b44e2774-fbee-4e46-8891-ca8df6aa0cc5}.
[2026-03-12 11:11:39.024 +07:00  DBG]  Found key {c004ae11-9260-4a42-b6f8-3f324f87369d}.
[2026-03-12 11:11:39.031 +07:00  DBG]  Considering key {a37f0238-60ae-4529-a4d6-8c184821f545} with expiration date 2026-06-04 04:03:36Z as default key.
[2026-03-12 11:11:39.039 +07:00  DBG]  Forwarded activator type request from Microsoft.AspNetCore.DataProtection.XmlEncryption.DpapiXmlDecryptor, Microsoft.AspNetCore.DataProtection, Version=8.0.0.0, Culture=neutral, PublicKeyToken=adb9793829ddae60 to Microsoft.AspNetCore.DataProtection.XmlEncryption.DpapiXmlDecryptor, Microsoft.AspNetCore.DataProtection, Culture=neutral, PublicKeyToken=adb9793829ddae60
[2026-03-12 11:11:39.044 +07:00  DBG]  Decrypting secret element using Windows DPAPI.
[2026-03-12 11:11:39.047 +07:00  DBG]  Forwarded activator type request from Microsoft.AspNetCore.DataProtection.AuthenticatedEncryption.ConfigurationModel.AuthenticatedEncryptorDescriptorDeserializer, Microsoft.AspNetCore.DataProtection, Version=8.0.0.0, Culture=neutral, PublicKeyToken=adb9793829ddae60 to Microsoft.AspNetCore.DataProtection.AuthenticatedEncryption.ConfigurationModel.AuthenticatedEncryptorDescriptorDeserializer, Microsoft.AspNetCore.DataProtection, Culture=neutral, PublicKeyToken=adb9793829ddae60
[2026-03-12 11:11:39.054 +07:00  DBG]  Opening CNG algorithm 'AES' from provider 'null' with chaining mode CBC.
[2026-03-12 11:11:39.056 +07:00  DBG]  Opening CNG algorithm 'SHA256' from provider 'null' with HMAC.
[2026-03-12 11:11:39.060 +07:00  DBG]  Using key {a37f0238-60ae-4529-a4d6-8c184821f545} as the default key.
[2026-03-12 11:11:39.062 +07:00  DBG]  Key ring with default key {a37f0238-60ae-4529-a4d6-8c184821f545} was loaded during application startup.
[2026-03-12 11:11:39.430 +07:00  ERR]  Hosting failed to start
System.IO.IOException: Failed to bind to address http://127.0.0.1:5082: address already in use.
 ---> Microsoft.AspNetCore.Connections.AddressInUseException: Only one usage of each socket address (protocol/network address/port) is normally permitted.
 ---> System.Net.Sockets.SocketException (10048): Only one usage of each socket address (protocol/network address/port) is normally permitted.
   at System.Net.Sockets.Socket.UpdateStatusAfterSocketErrorAndThrowException(SocketError error, Boolean disconnectOnFailure, String callerName)
   at System.Net.Sockets.Socket.DoBind(EndPoint endPointSnapshot, SocketAddress socketAddress)
   at System.Net.Sockets.Socket.Bind(EndPoint localEP)
   at Microsoft.AspNetCore.Server.Kestrel.Transport.Sockets.SocketTransportOptions.CreateDefaultBoundListenSocket(EndPoint endpoint)
   at Microsoft.AspNetCore.Server.Kestrel.Transport.Sockets.SocketConnectionListener.Bind()
   --- End of inner exception stack trace ---
   at Microsoft.AspNetCore.Server.Kestrel.Transport.Sockets.SocketConnectionListener.Bind()
   at Microsoft.AspNetCore.Server.Kestrel.Transport.Sockets.SocketTransportFactory.BindAsync(EndPoint endpoint, CancellationToken cancellationToken)
   at Microsoft.AspNetCore.Server.Kestrel.Core.Internal.Infrastructure.TransportManager.BindAsync(EndPoint endPoint, ConnectionDelegate connectionDelegate, EndpointConfig endpointConfig, CancellationToken cancellationToken)
   at Microsoft.AspNetCore.Server.Kestrel.Core.KestrelServerImpl.<>c__DisplayClass28_0`1.<<StartAsync>g__OnBind|0>d.MoveNext()
--- End of stack trace from previous location ---
   at Microsoft.AspNetCore.Server.Kestrel.Core.Internal.AddressBinder.BindEndpointAsync(ListenOptions endpoint, AddressBindContext context, CancellationToken cancellationToken)
   --- End of inner exception stack trace ---
   at Microsoft.AspNetCore.Server.Kestrel.Core.Internal.AddressBinder.BindEndpointAsync(ListenOptions endpoint, AddressBindContext context, CancellationToken cancellationToken)
   at Microsoft.AspNetCore.Server.Kestrel.Core.LocalhostListenOptions.BindAsync(AddressBindContext context, CancellationToken cancellationToken)
   at Microsoft.AspNetCore.Server.Kestrel.Core.Internal.AddressBinder.AddressesStrategy.BindAsync(AddressBindContext context, CancellationToken cancellationToken)
   at Microsoft.AspNetCore.Server.Kestrel.Core.Internal.AddressBinder.BindAsync(ListenOptions[] listenOptions, AddressBindContext context, Func`2 useHttps, CancellationToken cancellationToken)
   at Microsoft.AspNetCore.Server.Kestrel.Core.KestrelServerImpl.BindAsync(CancellationToken cancellationToken)
   at Microsoft.AspNetCore.Server.Kestrel.Core.KestrelServerImpl.StartAsync[TContext](IHttpApplication`1 application, CancellationToken cancellationToken)
   at Microsoft.AspNetCore.Hosting.GenericWebHostService.StartAsync(CancellationToken cancellationToken)
   at Microsoft.Extensions.Hosting.Internal.Host.<StartAsync>b__15_1(IHostedService service, CancellationToken token)
   at Microsoft.Extensions.Hosting.Internal.Host.ForeachService[T](IEnumerable`1 services, CancellationToken token, Boolean concurrent, Boolean abortOnFirstException, List`1 exceptions, Func`3 operation)
