[2026-03-19 11:41:08.589 +07:00  DBG]  Registered model binder providers, in the following order: ["Microsoft.AspNetCore.Mvc.ModelBinding.Binders.BinderTypeModelBinderProvider","Microsoft.AspNetCore.Mvc.ModelBinding.Binders.ServicesModelBinderProvider","Microsoft.AspNetCore.Mvc.ModelBinding.Binders.BodyModelBinderProvider","Microsoft.AspNetCore.Mvc.ModelBinding.Binders.HeaderModelBinderProvider","Microsoft.AspNetCore.Mvc.ModelBinding.Binders.FloatingPointTypeModelBinderProvider","Microsoft.AspNetCore.Mvc.ModelBinding.Binders.EnumTypeModelBinderProvider","Microsoft.AspNetCore.Mvc.ModelBinding.Binders.DateTimeModelBinderProvider","Microsoft.AspNetCore.Mvc.ModelBinding.Binders.SimpleTypeModelBinderProvider","Microsoft.AspNetCore.Mvc.ModelBinding.Binders.TryParseModelBinderProvider","Microsoft.AspNetCore.Mvc.ModelBinding.Binders.CancellationTokenModelBinderProvider","Microsoft.AspNetCore.Mvc.ModelBinding.Binders.ByteArrayModelBinderProvider","Microsoft.AspNetCore.Mvc.ModelBinding.Binders.FormFileModelBinderProvider","Microsoft.AspNetCore.Mvc.ModelBinding.Binders.FormCollectionModelBinderProvider","Microsoft.AspNetCore.Mvc.ModelBinding.Binders.KeyValuePairModelBinderProvider","Microsoft.AspNetCore.Mvc.ModelBinding.Binders.DictionaryModelBinderProvider","Microsoft.AspNetCore.Mvc.ModelBinding.Binders.ArrayModelBinderProvider","Microsoft.AspNetCore.Mvc.ModelBinding.Binders.CollectionModelBinderProvider","Microsoft.AspNetCore.Mvc.ModelBinding.Binders.ComplexObjectModelBinderProvider"]
[2026-03-19 11:41:09.061 +07:00  DBG]  Hosting starting
[2026-03-19 11:41:09.161 +07:00  INF]  User profile is available. Using 'C:\Users\PhucTruong\AppData\Local\ASP.NET\DataProtection-Keys' as key repository and Windows DPAPI to encrypt keys at rest.
[2026-03-19 11:41:09.212 +07:00  DBG]  Reading data from file 'C:\Users\PhucTruong\AppData\Local\ASP.NET\DataProtection-Keys\key-1b396550-166d-4963-bbc7-4851fa5ec7da.xml'.
[2026-03-19 11:41:09.269 +07:00  DBG]  Reading data from file 'C:\Users\PhucTruong\AppData\Local\ASP.NET\DataProtection-Keys\key-32eddb85-f176-42d9-8959-f0eba61d82f7.xml'.
[2026-03-19 11:41:09.290 +07:00  DBG]  Reading data from file 'C:\Users\PhucTruong\AppData\Local\ASP.NET\DataProtection-Keys\key-33cf3412-961e-4bd3-ad04-ecb658f583fd.xml'.
[2026-03-19 11:41:09.308 +07:00  DBG]  Reading data from file 'C:\Users\PhucTruong\AppData\Local\ASP.NET\DataProtection-Keys\key-47935f9d-9847-4d4e-874f-a0dd392e9742.xml'.
[2026-03-19 11:41:09.332 +07:00  DBG]  Reading data from file 'C:\Users\PhucTruong\AppData\Local\ASP.NET\DataProtection-Keys\key-75a7f6c5-8341-498c-9634-b4f5280b626e.xml'.
[2026-03-19 11:41:09.373 +07:00  DBG]  Reading data from file 'C:\Users\PhucTruong\AppData\Local\ASP.NET\DataProtection-Keys\key-891896f9-c987-48ed-91d1-0a38007f1ee7.xml'.
[2026-03-19 11:41:09.437 +07:00  DBG]  Reading data from file 'C:\Users\PhucTruong\AppData\Local\ASP.NET\DataProtection-Keys\key-a37f0238-60ae-4529-a4d6-8c184821f545.xml'.
[2026-03-19 11:41:09.473 +07:00  DBG]  Reading data from file 'C:\Users\PhucTruong\AppData\Local\ASP.NET\DataProtection-Keys\key-b44e2774-fbee-4e46-8891-ca8df6aa0cc5.xml'.
[2026-03-19 11:41:09.506 +07:00  DBG]  Reading data from file 'C:\Users\PhucTruong\AppData\Local\ASP.NET\DataProtection-Keys\key-c004ae11-9260-4a42-b6f8-3f324f87369d.xml'.
[2026-03-19 11:41:09.542 +07:00  DBG]  Found key {1b396550-166d-4963-bbc7-4851fa5ec7da}.
[2026-03-19 11:41:09.558 +07:00  DBG]  Found key {32eddb85-f176-42d9-8959-f0eba61d82f7}.
[2026-03-19 11:41:09.569 +07:00  DBG]  Found key {33cf3412-961e-4bd3-ad04-ecb658f583fd}.
[2026-03-19 11:41:09.582 +07:00  DBG]  Found key {47935f9d-9847-4d4e-874f-a0dd392e9742}.
[2026-03-19 11:41:09.602 +07:00  DBG]  Found key {75a7f6c5-8341-498c-9634-b4f5280b626e}.
[2026-03-19 11:41:09.615 +07:00  DBG]  Found key {891896f9-c987-48ed-91d1-0a38007f1ee7}.
[2026-03-19 11:41:09.626 +07:00  DBG]  Found key {a37f0238-60ae-4529-a4d6-8c184821f545}.
[2026-03-19 11:41:09.634 +07:00  DBG]  Found key {b44e2774-fbee-4e46-8891-ca8df6aa0cc5}.
[2026-03-19 11:41:09.643 +07:00  DBG]  Found key {c004ae11-9260-4a42-b6f8-3f324f87369d}.
[2026-03-19 11:41:09.661 +07:00  DBG]  Considering key {a37f0238-60ae-4529-a4d6-8c184821f545} with expiration date 2026-06-04 04:03:36Z as default key.
[2026-03-19 11:41:09.671 +07:00  DBG]  Forwarded activator type request from Microsoft.AspNetCore.DataProtection.XmlEncryption.DpapiXmlDecryptor, Microsoft.AspNetCore.DataProtection, Version=8.0.0.0, Culture=neutral, PublicKeyToken=adb9793829ddae60 to Microsoft.AspNetCore.DataProtection.XmlEncryption.DpapiXmlDecryptor, Microsoft.AspNetCore.DataProtection, Culture=neutral, PublicKeyToken=adb9793829ddae60
[2026-03-19 11:41:09.677 +07:00  DBG]  Decrypting secret element using Windows DPAPI.
[2026-03-19 11:41:09.681 +07:00  DBG]  Forwarded activator type request from Microsoft.AspNetCore.DataProtection.AuthenticatedEncryption.ConfigurationModel.AuthenticatedEncryptorDescriptorDeserializer, Microsoft.AspNetCore.DataProtection, Version=8.0.0.0, Culture=neutral, PublicKeyToken=adb9793829ddae60 to Microsoft.AspNetCore.DataProtection.AuthenticatedEncryption.ConfigurationModel.AuthenticatedEncryptorDescriptorDeserializer, Microsoft.AspNetCore.DataProtection, Culture=neutral, PublicKeyToken=adb9793829ddae60
[2026-03-19 11:41:09.692 +07:00  DBG]  Opening CNG algorithm 'AES' from provider 'null' with chaining mode CBC.
[2026-03-19 11:41:09.698 +07:00  DBG]  Opening CNG algorithm 'SHA256' from provider 'null' with HMAC.
[2026-03-19 11:41:09.746 +07:00  DBG]  Using key {a37f0238-60ae-4529-a4d6-8c184821f545} as the default key.
[2026-03-19 11:41:09.749 +07:00  DBG]  Key ring with default key {a37f0238-60ae-4529-a4d6-8c184821f545} was loaded during application startup.
[2026-03-19 11:41:10.171 +07:00  INF]  Now listening on: http://localhost:5082
[2026-03-19 11:41:10.179 +07:00  INF]  Now listening on: https://localhost:5092
[2026-03-19 11:41:10.196 +07:00  DBG]  Loaded hosting startup assembly QLDA.WebApi
[2026-03-19 11:41:10.209 +07:00  DBG]  Loaded hosting startup assembly Microsoft.WebTools.ApiEndpointDiscovery
[2026-03-19 11:41:10.214 +07:00  DBG]  Loaded hosting startup assembly Microsoft.AspNetCore.Watch.BrowserRefresh
[2026-03-19 11:41:10.229 +07:00  DBG]  Loaded hosting startup assembly Microsoft.WebTools.BrowserLink.Net
[2026-03-19 11:41:10.426 +07:00  INF]  Application started. Press Ctrl+C to shut down.
[2026-03-19 11:41:10.467 +07:00  INF]  Hosting environment: Development
[2026-03-19 11:41:10.519 +07:00  INF]  Content root path: D:\Viet_info\TTCDS\pml\DesktopModules\MVC\QuanLyDuAn\SER\QLDA.WebApi
[2026-03-19 11:41:10.539 +07:00  DBG]  Hosting started
[2026-03-19 11:43:39.479 +07:00  DBG]  Connection id "0HNK5E8BIQ1KP" accepted.
[2026-03-19 11:43:39.482 +07:00  DBG]  Connection id "0HNK5E8BIQ1KP" started.
[2026-03-19 11:43:39.538 +07:00  INF]  Request starting HTTP/1.1 GET http://localhost:5082/swagger/index.html - null null
[2026-03-19 11:43:39.569 +07:00  DBG]  Wildcard detected, all requests with hosts will be allowed.
[2026-03-19 11:43:39.605 +07:00  DBG]  No candidates found for the request path '/swagger/index.html'
[2026-03-19 11:43:39.607 +07:00  DBG]  Request did not match any endpoints
[2026-03-19 11:43:39.682 +07:00  DBG]  Connection id "0HNK5E8BIQ1KQ" accepted.
[2026-03-19 11:43:39.689 +07:00  DBG]  Connection id "0HNK5E8BIQ1KQ" started.
[2026-03-19 11:43:40.086 +07:00  DBG]  Response markup is scheduled to include browser refresh script injection.
[2026-03-19 11:43:40.117 +07:00  DBG]  Response markup was updated to include browser refresh script injection.
[2026-03-19 11:43:40.120 +07:00  DBG]  Connection id "0HNK5E8BIQ1KP" completed keep alive response.
[2026-03-19 11:43:40.131 +07:00  INF]  Request finished HTTP/1.1 GET http://localhost:5082/swagger/index.html - 200 null text/html;charset=utf-8 600.7837ms
[2026-03-19 11:43:40.286 +07:00  INF]  Request starting HTTP/1.1 GET http://localhost:5082/swagger/swagger-ui.css - null null
[2026-03-19 11:43:40.290 +07:00  DBG]  Connection id "0HNK5E8BIQ1KR" accepted.
[2026-03-19 11:43:40.289 +07:00  INF]  Request starting HTTP/1.1 GET http://localhost:5082/swagger/index.css - null null
[2026-03-19 11:43:40.299 +07:00  DBG]  No candidates found for the request path '/swagger/swagger-ui.css'
[2026-03-19 11:43:40.303 +07:00  DBG]  Connection id "0HNK5E8BIQ1KS" accepted.
[2026-03-19 11:43:40.301 +07:00  DBG]  Connection id "0HNK5E8BIQ1KR" started.
[2026-03-19 11:43:40.314 +07:00  DBG]  Request did not match any endpoints
[2026-03-19 11:43:40.322 +07:00  DBG]  Connection id "0HNK5E8BIQ1KT" accepted.
[2026-03-19 11:43:40.311 +07:00  DBG]  No candidates found for the request path '/swagger/index.css'
[2026-03-19 11:43:40.325 +07:00  INF]  Request starting HTTP/1.1 GET http://localhost:5082/swagger/swagger-ui-bundle.js - null null
[2026-03-19 11:43:40.340 +07:00  DBG]  Connection id "0HNK5E8BIQ1KU" accepted.
[2026-03-19 11:43:40.340 +07:00  DBG]  Request did not match any endpoints
[2026-03-19 11:43:40.349 +07:00  DBG]  No candidates found for the request path '/swagger/swagger-ui-bundle.js'
[2026-03-19 11:43:40.316 +07:00  DBG]  Connection id "0HNK5E8BIQ1KS" started.
[2026-03-19 11:43:40.329 +07:00  DBG]  Connection id "0HNK5E8BIQ1KT" started.
[2026-03-19 11:43:40.352 +07:00  DBG]  Connection id "0HNK5E8BIQ1KU" started.
[2026-03-19 11:43:40.357 +07:00  DBG]  Request did not match any endpoints
[2026-03-19 11:43:40.360 +07:00  INF]  Request starting HTTP/1.1 GET http://localhost:5082/swagger/swagger-ui-standalone-preset.js - null null
[2026-03-19 11:43:40.362 +07:00  INF]  Request starting HTTP/1.1 GET http://localhost:5082/swagger/index.js - null null
[2026-03-19 11:43:40.365 +07:00  INF]  Request starting HTTP/1.1 GET http://localhost:5082/_framework/aspnetcore-browser-refresh.js - null null
[2026-03-19 11:43:40.374 +07:00  DBG]  Connection id "0HNK5E8BIQ1KP" completed keep alive response.
[2026-03-19 11:43:40.374 +07:00  DBG]  Connection id "0HNK5E8BIQ1KQ" completed keep alive response.
[2026-03-19 11:43:40.393 +07:00  INF]  Request finished HTTP/1.1 GET http://localhost:5082/swagger/swagger-ui.css - 200 23647 text/css 106.2519ms
[2026-03-19 11:43:40.401 +07:00  INF]  Request finished HTTP/1.1 GET http://localhost:5082/swagger/index.css - 200 152 text/css 112.6011ms
[2026-03-19 11:43:40.375 +07:00  DBG]  No candidates found for the request path '/swagger/swagger-ui-standalone-preset.js'
[2026-03-19 11:43:40.381 +07:00  DBG]  No candidates found for the request path '/swagger/index.js'
[2026-03-19 11:43:40.393 +07:00  DBG]  Connection id "0HNK5E8BIQ1KU" completed keep alive response.
[2026-03-19 11:43:40.421 +07:00  DBG]  Connection id "0HNK5E8BIQ1KR" completed keep alive response.
[2026-03-19 11:43:40.428 +07:00  DBG]  Request did not match any endpoints
[2026-03-19 11:43:40.430 +07:00  DBG]  Request did not match any endpoints
[2026-03-19 11:43:40.433 +07:00  INF]  Request finished HTTP/1.1 GET http://localhost:5082/_framework/aspnetcore-browser-refresh.js - 200 13758 application/javascript; charset=utf-8 68.2952ms
[2026-03-19 11:43:40.440 +07:00  DBG]  Connection id "0HNK5E8BIQ1KT" completed keep alive response.
[2026-03-19 11:43:40.443 +07:00  DBG]  Connection id "0HNK5E8BIQ1KS" completed keep alive response.
[2026-03-19 11:43:40.436 +07:00  INF]  Request finished HTTP/1.1 GET http://localhost:5082/swagger/swagger-ui-bundle.js - 200 417980 text/javascript 110.5162ms
[2026-03-19 11:43:40.452 +07:00  INF]  Request finished HTTP/1.1 GET http://localhost:5082/swagger/index.js - 200 null application/javascript;charset=utf-8 89.5865ms
[2026-03-19 11:43:40.455 +07:00  INF]  Request finished HTTP/1.1 GET http://localhost:5082/swagger/swagger-ui-standalone-preset.js - 200 70860 text/javascript 94.7696ms
[2026-03-19 11:43:40.617 +07:00  INF]  Request starting HTTP/1.1 GET http://localhost:5082/swagger/v1/swagger.json - null null
[2026-03-19 11:43:40.624 +07:00  DBG]  No candidates found for the request path '/swagger/v1/swagger.json'
[2026-03-19 11:43:40.627 +07:00  DBG]  Request did not match any endpoints
[2026-03-19 11:43:41.032 +07:00  DBG]  Connection id "0HNK5E8BIQ1KS" completed keep alive response.
[2026-03-19 11:43:41.036 +07:00  INF]  Request finished HTTP/1.1 GET http://localhost:5082/swagger/v1/swagger.json - 200 null application/json;charset=utf-8 419.6752ms
[2026-03-19 11:44:37.125 +07:00  INF]  Request starting HTTP/1.1 GET http://localhost:5082/api/du-an/danh-sach?NamDuAn=2026&PageIndex=1 - null null
[2026-03-19 11:44:37.147 +07:00  DBG]  1 candidate(s) found for the request path '/api/du-an/danh-sach'
[2026-03-19 11:44:37.155 +07:00  DBG]  Endpoint 'QLDA.WebApi.Controllers.DuAnController.Get (QLDA.WebApi)' with route pattern 'api/du-an/danh-sach' is valid for the request path '/api/du-an/danh-sach'
[2026-03-19 11:44:37.158 +07:00  DBG]  Request matched endpoint 'QLDA.WebApi.Controllers.DuAnController.Get (QLDA.WebApi)'
[2026-03-19 11:44:37.162 +07:00  DBG]  The request cannot be served from cache because it contains an 'Authorization' header.
[2026-03-19 11:44:38.163 +07:00  DBG]  Successfully validated the token.
[2026-03-19 11:44:38.166 +07:00  DBG]  AuthenticationScheme: Bearer was successfully authenticated.
[2026-03-19 11:44:38.172 +07:00  DBG]  Authorization was successful.
[2026-03-19 11:44:38.174 +07:00  INF]  Executing endpoint 'QLDA.WebApi.Controllers.DuAnController.Get (QLDA.WebApi)'
[2026-03-19 11:44:38.203 +07:00  INF]  Route matched with {action = "Get", controller = "DuAn"}. Executing controller action with signature System.Threading.Tasks.Task`1[QLDA.Application.Common.DTOs.ResultApi] Get(QLDA.Application.DuAns.DTOs.DuAnSearchDto) on controller QLDA.WebApi.Controllers.DuAnController (QLDA.WebApi).
[2026-03-19 11:44:38.208 +07:00  DBG]  Execution plan of authorization filters (in the following order): ["None"]
[2026-03-19 11:44:38.210 +07:00  DBG]  Execution plan of resource filters (in the following order): ["Microsoft.AspNetCore.Mvc.ConsumesAttribute"]
[2026-03-19 11:44:38.212 +07:00  DBG]  Execution plan of action filters (in the following order): ["Microsoft.AspNetCore.Mvc.ModelBinding.UnsupportedContentTypeFilter (Order: -3000)","Microsoft.AspNetCore.Mvc.Infrastructure.ModelStateInvalidFilter (Order: -2000)"]
[2026-03-19 11:44:38.213 +07:00  DBG]  Execution plan of exception filters (in the following order): ["None"]
[2026-03-19 11:44:38.215 +07:00  DBG]  Execution plan of result filters (in the following order): ["Microsoft.AspNetCore.Mvc.Infrastructure.ClientErrorResultFilter (Order: -2000)"]
[2026-03-19 11:44:38.220 +07:00  DBG]  Executing controller factory for controller QLDA.WebApi.Controllers.DuAnController (QLDA.WebApi)
[2026-03-19 11:44:38.222 +07:00  DBG]  Executed controller factory for controller QLDA.WebApi.Controllers.DuAnController (QLDA.WebApi)
[2026-03-19 11:44:38.228 +07:00  DBG]  Attempting to bind parameter 'searchDto' of type 'QLDA.Application.DuAns.DTOs.DuAnSearchDto' ...
[2026-03-19 11:44:38.232 +07:00  DBG]  Attempting to bind parameter 'searchDto' of type 'QLDA.Application.DuAns.DTOs.DuAnSearchDto' using the name '' in request data ...
[2026-03-19 11:44:38.240 +07:00  DBG]  Attempting to bind property 'QLDA.Application.DuAns.DTOs.DuAnSearchDto.TenDuAn' of type 'System.String' using the name 'TenDuAn' in request data ...
[2026-03-19 11:44:38.245 +07:00  DBG]  Could not find a value in the request with name 'TenDuAn' for binding property 'QLDA.Application.DuAns.DTOs.DuAnSearchDto.TenDuAn' of type 'System.String'.
[2026-03-19 11:44:38.249 +07:00  DBG]  Done attempting to bind property 'QLDA.Application.DuAns.DTOs.DuAnSearchDto.TenDuAn' of type 'System.String'.
[2026-03-19 11:44:38.255 +07:00  DBG]  Attempting to bind property 'QLDA.Application.DuAns.DTOs.DuAnSearchDto.MaDuAn' of type 'System.String' using the name 'MaDuAn' in request data ...
[2026-03-19 11:44:38.259 +07:00  DBG]  Could not find a value in the request with name 'MaDuAn' for binding property 'QLDA.Application.DuAns.DTOs.DuAnSearchDto.MaDuAn' of type 'System.String'.
[2026-03-19 11:44:38.263 +07:00  DBG]  Done attempting to bind property 'QLDA.Application.DuAns.DTOs.DuAnSearchDto.MaDuAn' of type 'System.String'.
[2026-03-19 11:44:38.265 +07:00  DBG]  Attempting to bind property 'QLDA.Application.DuAns.DTOs.DuAnSearchDto.LinhVucId' of type 'System.Nullable`1[System.Int32]' using the name 'LinhVucId' in request data ...
[2026-03-19 11:44:38.269 +07:00  DBG]  Could not find a value in the request with name 'LinhVucId' for binding property 'QLDA.Application.DuAns.DTOs.DuAnSearchDto.LinhVucId' of type 'System.Nullable`1[System.Int32]'.
[2026-03-19 11:44:38.271 +07:00  DBG]  Done attempting to bind property 'QLDA.Application.DuAns.DTOs.DuAnSearchDto.LinhVucId' of type 'System.Nullable`1[System.Int32]'.
[2026-03-19 11:44:38.273 +07:00  DBG]  Attempting to bind property 'QLDA.Application.DuAns.DTOs.DuAnSearchDto.NguonVonId' of type 'System.Nullable`1[System.Int32]' using the name 'NguonVonId' in request data ...
[2026-03-19 11:44:38.275 +07:00  DBG]  Could not find a value in the request with name 'NguonVonId' for binding property 'QLDA.Application.DuAns.DTOs.DuAnSearchDto.NguonVonId' of type 'System.Nullable`1[System.Int32]'.
[2026-03-19 11:44:38.276 +07:00  DBG]  Done attempting to bind property 'QLDA.Application.DuAns.DTOs.DuAnSearchDto.NguonVonId' of type 'System.Nullable`1[System.Int32]'.
[2026-03-19 11:44:38.278 +07:00  DBG]  Attempting to bind property 'QLDA.Application.DuAns.DTOs.DuAnSearchDto.NhomDuAnId' of type 'System.Nullable`1[System.Int32]' using the name 'NhomDuAnId' in request data ...
[2026-03-19 11:44:38.280 +07:00  DBG]  Could not find a value in the request with name 'NhomDuAnId' for binding property 'QLDA.Application.DuAns.DTOs.DuAnSearchDto.NhomDuAnId' of type 'System.Nullable`1[System.Int32]'.
[2026-03-19 11:44:38.281 +07:00  DBG]  Done attempting to bind property 'QLDA.Application.DuAns.DTOs.DuAnSearchDto.NhomDuAnId' of type 'System.Nullable`1[System.Int32]'.
[2026-03-19 11:44:38.286 +07:00  DBG]  Attempting to bind property 'QLDA.Application.DuAns.DTOs.DuAnSearchDto.DonViPhuTrachChinhId' of type 'System.Nullable`1[System.Int64]' using the name 'DonViPhuTrachChinhId' in request data ...
[2026-03-19 11:44:38.290 +07:00  DBG]  Could not find a value in the request with name 'DonViPhuTrachChinhId' for binding property 'QLDA.Application.DuAns.DTOs.DuAnSearchDto.DonViPhuTrachChinhId' of type 'System.Nullable`1[System.Int64]'.
[2026-03-19 11:44:38.295 +07:00  DBG]  Done attempting to bind property 'QLDA.Application.DuAns.DTOs.DuAnSearchDto.DonViPhuTrachChinhId' of type 'System.Nullable`1[System.Int64]'.
[2026-03-19 11:44:38.297 +07:00  DBG]  Attempting to bind property 'QLDA.Application.DuAns.DTOs.DuAnSearchDto.DonViPhoiHopId' of type 'System.Nullable`1[System.Int64]' using the name 'DonViPhoiHopId' in request data ...
[2026-03-19 11:44:38.299 +07:00  DBG]  Could not find a value in the request with name 'DonViPhoiHopId' for binding property 'QLDA.Application.DuAns.DTOs.DuAnSearchDto.DonViPhoiHopId' of type 'System.Nullable`1[System.Int64]'.
[2026-03-19 11:44:38.306 +07:00  DBG]  Done attempting to bind property 'QLDA.Application.DuAns.DTOs.DuAnSearchDto.DonViPhoiHopId' of type 'System.Nullable`1[System.Int64]'.
[2026-03-19 11:44:38.308 +07:00  DBG]  Attempting to bind property 'QLDA.Application.DuAns.DTOs.DuAnSearchDto.GiaiDoanId' of type 'System.Nullable`1[System.Int32]' using the name 'GiaiDoanId' in request data ...
[2026-03-19 11:44:38.311 +07:00  DBG]  Could not find a value in the request with name 'GiaiDoanId' for binding property 'QLDA.Application.DuAns.DTOs.DuAnSearchDto.GiaiDoanId' of type 'System.Nullable`1[System.Int32]'.
[2026-03-19 11:44:38.314 +07:00  DBG]  Done attempting to bind property 'QLDA.Application.DuAns.DTOs.DuAnSearchDto.GiaiDoanId' of type 'System.Nullable`1[System.Int32]'.
[2026-03-19 11:44:38.319 +07:00  DBG]  Attempting to bind property 'QLDA.Application.DuAns.DTOs.DuAnSearchDto.ThoiGianKhoiCong' of type 'System.Nullable`1[System.Int32]' using the name 'ThoiGianKhoiCong' in request data ...
[2026-03-19 11:44:38.324 +07:00  DBG]  Could not find a value in the request with name 'ThoiGianKhoiCong' for binding property 'QLDA.Application.DuAns.DTOs.DuAnSearchDto.ThoiGianKhoiCong' of type 'System.Nullable`1[System.Int32]'.
[2026-03-19 11:44:38.327 +07:00  DBG]  Done attempting to bind property 'QLDA.Application.DuAns.DTOs.DuAnSearchDto.ThoiGianKhoiCong' of type 'System.Nullable`1[System.Int32]'.
[2026-03-19 11:44:38.329 +07:00  DBG]  Attempting to bind property 'QLDA.Application.DuAns.DTOs.DuAnSearchDto.ThoiGianHoanThanh' of type 'System.Nullable`1[System.Int32]' using the name 'ThoiGianHoanThanh' in request data ...
[2026-03-19 11:44:38.332 +07:00  DBG]  Could not find a value in the request with name 'ThoiGianHoanThanh' for binding property 'QLDA.Application.DuAns.DTOs.DuAnSearchDto.ThoiGianHoanThanh' of type 'System.Nullable`1[System.Int32]'.
[2026-03-19 11:44:38.335 +07:00  DBG]  Done attempting to bind property 'QLDA.Application.DuAns.DTOs.DuAnSearchDto.ThoiGianHoanThanh' of type 'System.Nullable`1[System.Int32]'.
[2026-03-19 11:44:38.337 +07:00  DBG]  Attempting to bind property 'QLDA.Application.DuAns.DTOs.DuAnSearchDto.LanhDaoPhuTrachId' of type 'System.Nullable`1[System.Int64]' using the name 'LanhDaoPhuTrachId' in request data ...
[2026-03-19 11:44:38.338 +07:00  DBG]  Could not find a value in the request with name 'LanhDaoPhuTrachId' for binding property 'QLDA.Application.DuAns.DTOs.DuAnSearchDto.LanhDaoPhuTrachId' of type 'System.Nullable`1[System.Int64]'.
[2026-03-19 11:44:38.340 +07:00  DBG]  Done attempting to bind property 'QLDA.Application.DuAns.DTOs.DuAnSearchDto.LanhDaoPhuTrachId' of type 'System.Nullable`1[System.Int64]'.
[2026-03-19 11:44:38.341 +07:00  DBG]  Attempting to bind property 'QLDA.Application.DuAns.DTOs.DuAnSearchDto.MaNganSach' of type 'System.String' using the name 'MaNganSach' in request data ...
[2026-03-19 11:44:38.342 +07:00  DBG]  Could not find a value in the request with name 'MaNganSach' for binding property 'QLDA.Application.DuAns.DTOs.DuAnSearchDto.MaNganSach' of type 'System.String'.
[2026-03-19 11:44:38.344 +07:00  DBG]  Done attempting to bind property 'QLDA.Application.DuAns.DTOs.DuAnSearchDto.MaNganSach' of type 'System.String'.
[2026-03-19 11:44:38.346 +07:00  DBG]  Attempting to bind property 'QLDA.Application.DuAns.DTOs.DuAnSearchDto.LoaiDuAnId' of type 'System.Nullable`1[System.Int32]' using the name 'LoaiDuAnId' in request data ...
[2026-03-19 11:44:38.347 +07:00  DBG]  Could not find a value in the request with name 'LoaiDuAnId' for binding property 'QLDA.Application.DuAns.DTOs.DuAnSearchDto.LoaiDuAnId' of type 'System.Nullable`1[System.Int32]'.
[2026-03-19 11:44:38.352 +07:00  DBG]  Done attempting to bind property 'QLDA.Application.DuAns.DTOs.DuAnSearchDto.LoaiDuAnId' of type 'System.Nullable`1[System.Int32]'.
[2026-03-19 11:44:38.354 +07:00  DBG]  Attempting to bind property 'QLDA.Application.DuAns.DTOs.DuAnSearchDto.QuyTrinhId' of type 'System.Nullable`1[System.Int32]' using the name 'QuyTrinhId' in request data ...
[2026-03-19 11:44:38.356 +07:00  DBG]  Could not find a value in the request with name 'QuyTrinhId' for binding property 'QLDA.Application.DuAns.DTOs.DuAnSearchDto.QuyTrinhId' of type 'System.Nullable`1[System.Int32]'.
[2026-03-19 11:44:38.357 +07:00  DBG]  Done attempting to bind property 'QLDA.Application.DuAns.DTOs.DuAnSearchDto.QuyTrinhId' of type 'System.Nullable`1[System.Int32]'.
[2026-03-19 11:44:38.359 +07:00  DBG]  Attempting to bind property 'QLDA.Application.DuAns.DTOs.DuAnSearchDto.TrangThaiDuAnId' of type 'System.Nullable`1[System.Int32]' using the name 'TrangThaiDuAnId' in request data ...
[2026-03-19 11:44:38.360 +07:00  DBG]  Could not find a value in the request with name 'TrangThaiDuAnId' for binding property 'QLDA.Application.DuAns.DTOs.DuAnSearchDto.TrangThaiDuAnId' of type 'System.Nullable`1[System.Int32]'.
[2026-03-19 11:44:38.362 +07:00  DBG]  Done attempting to bind property 'QLDA.Application.DuAns.DTOs.DuAnSearchDto.TrangThaiDuAnId' of type 'System.Nullable`1[System.Int32]'.
[2026-03-19 11:44:38.363 +07:00  DBG]  Attempting to bind property 'QLDA.Application.DuAns.DTOs.DuAnSearchDto.NamBatDau' of type 'System.Nullable`1[System.Int32]' using the name 'NamBatDau' in request data ...
[2026-03-19 11:44:38.365 +07:00  DBG]  Could not find a value in the request with name 'NamBatDau' for binding property 'QLDA.Application.DuAns.DTOs.DuAnSearchDto.NamBatDau' of type 'System.Nullable`1[System.Int32]'.
[2026-03-19 11:44:38.369 +07:00  DBG]  Done attempting to bind property 'QLDA.Application.DuAns.DTOs.DuAnSearchDto.NamBatDau' of type 'System.Nullable`1[System.Int32]'.
[2026-03-19 11:44:38.370 +07:00  DBG]  Attempting to bind property 'QLDA.Application.DuAns.DTOs.DuAnSearchDto.NamDuAn' of type 'System.Nullable`1[System.Int32]' using the name 'NamDuAn' in request data ...
[2026-03-19 11:44:38.373 +07:00  DBG]  Done attempting to bind property 'QLDA.Application.DuAns.DTOs.DuAnSearchDto.NamDuAn' of type 'System.Nullable`1[System.Int32]'.
[2026-03-19 11:44:38.375 +07:00  DBG]  Attempting to bind property 'QLDA.Application.DuAns.DTOs.DuAnSearchDto.LoaiDuAnTheoNamId' of type 'System.Nullable`1[System.Int32]' using the name 'LoaiDuAnTheoNamId' in request data ...
[2026-03-19 11:44:38.376 +07:00  DBG]  Could not find a value in the request with name 'LoaiDuAnTheoNamId' for binding property 'QLDA.Application.DuAns.DTOs.DuAnSearchDto.LoaiDuAnTheoNamId' of type 'System.Nullable`1[System.Int32]'.
[2026-03-19 11:44:38.378 +07:00  DBG]  Done attempting to bind property 'QLDA.Application.DuAns.DTOs.DuAnSearchDto.LoaiDuAnTheoNamId' of type 'System.Nullable`1[System.Int32]'.
[2026-03-19 11:44:38.380 +07:00  DBG]  Attempting to bind property 'QLDA.Application.DuAns.DTOs.DuAnSearchDto.HinhThucDauTuId' of type 'System.Nullable`1[System.Int32]' using the name 'HinhThucDauTuId' in request data ...
[2026-03-19 11:44:38.381 +07:00  DBG]  Could not find a value in the request with name 'HinhThucDauTuId' for binding property 'QLDA.Application.DuAns.DTOs.DuAnSearchDto.HinhThucDauTuId' of type 'System.Nullable`1[System.Int32]'.
[2026-03-19 11:44:38.385 +07:00  DBG]  Done attempting to bind property 'QLDA.Application.DuAns.DTOs.DuAnSearchDto.HinhThucDauTuId' of type 'System.Nullable`1[System.Int32]'.
[2026-03-19 11:44:38.387 +07:00  DBG]  Attempting to bind property 'QLDA.Application.DuAns.DTOs.DuAnSearchDto.TuNgay' of type 'System.Nullable`1[System.DateOnly]' using the name 'TuNgay' in request data ...
[2026-03-19 11:44:38.388 +07:00  DBG]  Could not find a value in the request with name 'TuNgay' for binding property 'QLDA.Application.DuAns.DTOs.DuAnSearchDto.TuNgay' of type 'System.Nullable`1[System.DateOnly]'.
[2026-03-19 11:44:38.389 +07:00  DBG]  Done attempting to bind property 'QLDA.Application.DuAns.DTOs.DuAnSearchDto.TuNgay' of type 'System.Nullable`1[System.DateOnly]'.
[2026-03-19 11:44:38.391 +07:00  DBG]  Attempting to bind property 'QLDA.Application.DuAns.DTOs.DuAnSearchDto.DenNgay' of type 'System.Nullable`1[System.DateOnly]' using the name 'DenNgay' in request data ...
[2026-03-19 11:44:38.392 +07:00  DBG]  Could not find a value in the request with name 'DenNgay' for binding property 'QLDA.Application.DuAns.DTOs.DuAnSearchDto.DenNgay' of type 'System.Nullable`1[System.DateOnly]'.
[2026-03-19 11:44:38.393 +07:00  DBG]  Done attempting to bind property 'QLDA.Application.DuAns.DTOs.DuAnSearchDto.DenNgay' of type 'System.Nullable`1[System.DateOnly]'.
[2026-03-19 11:44:38.395 +07:00  DBG]  Attempting to bind property 'QLDA.Application.DuAns.DTOs.DuAnSearchDto.DuAnId' of type 'System.Nullable`1[System.Guid]' using the name 'DuAnId' in request data ...
[2026-03-19 11:44:38.397 +07:00  DBG]  Could not find a value in the request with name 'DuAnId' for binding property 'QLDA.Application.DuAns.DTOs.DuAnSearchDto.DuAnId' of type 'System.Nullable`1[System.Guid]'.
[2026-03-19 11:44:38.398 +07:00  DBG]  Done attempting to bind property 'QLDA.Application.DuAns.DTOs.DuAnSearchDto.DuAnId' of type 'System.Nullable`1[System.Guid]'.
[2026-03-19 11:44:38.403 +07:00  DBG]  Attempting to bind property 'QLDA.Application.DuAns.DTOs.DuAnSearchDto.BuocId' of type 'System.Nullable`1[System.Int32]' using the name 'BuocId' in request data ...
[2026-03-19 11:44:38.405 +07:00  DBG]  Could not find a value in the request with name 'BuocId' for binding property 'QLDA.Application.DuAns.DTOs.DuAnSearchDto.BuocId' of type 'System.Nullable`1[System.Int32]'.
[2026-03-19 11:44:38.407 +07:00  DBG]  Done attempting to bind property 'QLDA.Application.DuAns.DTOs.DuAnSearchDto.BuocId' of type 'System.Nullable`1[System.Int32]'.
[2026-03-19 11:44:38.408 +07:00  DBG]  Attempting to bind property 'QLDA.Application.DuAns.DTOs.DuAnSearchDto.GlobalFilter' of type 'System.String' using the name 'GlobalFilter' in request data ...
[2026-03-19 11:44:38.410 +07:00  DBG]  Could not find a value in the request with name 'GlobalFilter' for binding property 'QLDA.Application.DuAns.DTOs.DuAnSearchDto.GlobalFilter' of type 'System.String'.
[2026-03-19 11:44:38.412 +07:00  DBG]  Done attempting to bind property 'QLDA.Application.DuAns.DTOs.DuAnSearchDto.GlobalFilter' of type 'System.String'.
[2026-03-19 11:44:38.414 +07:00  DBG]  Attempting to bind property 'QLDA.Application.DuAns.DTOs.DuAnSearchDto.HiddenColumns' of type 'System.Collections.Generic.List`1[System.String]' using the name 'HiddenColumns' in request data ...
[2026-03-19 11:44:38.417 +07:00  DBG]  Could not find a value in the request with name 'HiddenColumns' for binding property 'QLDA.Application.DuAns.DTOs.DuAnSearchDto.HiddenColumns' of type 'System.Collections.Generic.List`1[System.String]'.
[2026-03-19 11:44:38.420 +07:00  DBG]  Done attempting to bind property 'QLDA.Application.DuAns.DTOs.DuAnSearchDto.HiddenColumns' of type 'System.Collections.Generic.List`1[System.String]'.
[2026-03-19 11:44:38.421 +07:00  DBG]  Attempting to bind property 'QLDA.Application.DuAns.DTOs.DuAnSearchDto.PageIndex' of type 'System.Int32' using the name 'PageIndex' in request data ...
[2026-03-19 11:44:38.423 +07:00  DBG]  Done attempting to bind property 'QLDA.Application.DuAns.DTOs.DuAnSearchDto.PageIndex' of type 'System.Int32'.
[2026-03-19 11:44:38.424 +07:00  DBG]  Attempting to bind property 'QLDA.Application.DuAns.DTOs.DuAnSearchDto.PageSize' of type 'System.Int32' using the name 'PageSize' in request data ...
[2026-03-19 11:44:38.426 +07:00  DBG]  Could not find a value in the request with name 'PageSize' for binding property 'QLDA.Application.DuAns.DTOs.DuAnSearchDto.PageSize' of type 'System.Int32'.
[2026-03-19 11:44:38.428 +07:00  DBG]  Done attempting to bind property 'QLDA.Application.DuAns.DTOs.DuAnSearchDto.PageSize' of type 'System.Int32'.
[2026-03-19 11:44:38.430 +07:00  DBG]  Done attempting to bind parameter 'searchDto' of type 'QLDA.Application.DuAns.DTOs.DuAnSearchDto'.
[2026-03-19 11:44:38.432 +07:00  DBG]  Done attempting to bind parameter 'searchDto' of type 'QLDA.Application.DuAns.DTOs.DuAnSearchDto'.
[2026-03-19 11:44:38.433 +07:00  DBG]  Attempting to validate the bound parameter 'searchDto' of type 'QLDA.Application.DuAns.DTOs.DuAnSearchDto' ...
[2026-03-19 11:44:38.441 +07:00  DBG]  Done attempting to validate the bound parameter 'searchDto' of type 'QLDA.Application.DuAns.DTOs.DuAnSearchDto'.
[2026-03-19 11:44:39.084 +07:00  DBG]  An 'IServiceProvider' was created for internal use by Entity Framework.
[2026-03-19 11:44:39.458 +07:00  DBG]  No relationship from 'DuAn' to 'DuAnBuoc' has been configured by convention because there are multiple properties on one entity type - {'BuocHienTai', 'DuAnBuocs'} that could be matched with the properties on the other entity type - {'DuAn', 'DuAnHienTai'}. This message can be disregarded if explicit configuration has been specified in 'OnModelCreating'.
[2026-03-19 11:44:39.466 +07:00  DBG]  No relationship from 'DuAn' to 'DuToan' has been configured by convention because there are multiple properties on one entity type - {'DuToanHienTai', 'DuToans'} that could be matched with the properties on the other entity type - {'DuAn'}. This message can be disregarded if explicit configuration has been specified in 'OnModelCreating'.
[2026-03-19 11:44:39.478 +07:00  DBG]  No relationship from 'DuAnBuoc' to 'DuAn' has been configured by convention because there are multiple properties on one entity type - {'DuAn', 'DuAnHienTai'} that could be matched with the properties on the other entity type - {'BuocHienTai', 'DuAnBuocs'}. This message can be disregarded if explicit configuration has been specified in 'OnModelCreating'.
[2026-03-19 11:44:39.567 +07:00  DBG]  No relationship from 'DuToan' to 'DuAn' has been configured by convention because there are multiple properties on one entity type - {'DuAn'} that could be matched with the properties on the other entity type - {'DuToanHienTai', 'DuToans'}. This message can be disregarded if explicit configuration has been specified in 'OnModelCreating'.
[2026-03-19 11:44:39.654 +07:00  DBG]  No relationship from 'DuAnBuoc' to 'DuAn' has been configured by convention because there are multiple properties on one entity type - {'DuAn', 'DuAnHienTai'} that could be matched with the properties on the other entity type - {'BuocHienTai', 'DuAnBuocs'}. This message can be disregarded if explicit configuration has been specified in 'OnModelCreating'.
[2026-03-19 11:44:39.659 +07:00  DBG]  No relationship from 'DuAn' to 'DuAnBuoc' has been configured by convention because there are multiple properties on one entity type - {'BuocHienTai', 'DuAnBuocs'} that could be matched with the properties on the other entity type - {'DuAn', 'DuAnHienTai'}. This message can be disregarded if explicit configuration has been specified in 'OnModelCreating'.
[2026-03-19 11:44:39.662 +07:00  DBG]  No relationship from 'DuAn' to 'DuToan' has been configured by convention because there are multiple properties on one entity type - {'DuToanHienTai', 'DuToans'} that could be matched with the properties on the other entity type - {'DuAn'}. This message can be disregarded if explicit configuration has been specified in 'OnModelCreating'.
[2026-03-19 11:44:39.715 +07:00  DBG]  No relationship from 'DuAnBuoc' to 'DuAn' has been configured by convention because there are multiple properties on one entity type - {'DuAn', 'DuAnHienTai'} that could be matched with the properties on the other entity type - {'BuocHienTai', 'DuAnBuocs'}. This message can be disregarded if explicit configuration has been specified in 'OnModelCreating'.
[2026-03-19 11:44:39.719 +07:00  DBG]  No relationship from 'DuAn' to 'DuAnBuoc' has been configured by convention because there are multiple properties on one entity type - {'BuocHienTai', 'DuAnBuocs'} that could be matched with the properties on the other entity type - {'DuAn', 'DuAnHienTai'}. This message can be disregarded if explicit configuration has been specified in 'OnModelCreating'.
[2026-03-19 11:44:39.721 +07:00  DBG]  No relationship from 'DuAn' to 'DuToan' has been configured by convention because there are multiple properties on one entity type - {'DuToanHienTai', 'DuToans'} that could be matched with the properties on the other entity type - {'DuAn'}. This message can be disregarded if explicit configuration has been specified in 'OnModelCreating'.
[2026-03-19 11:44:39.754 +07:00  DBG]  No relationship from 'DuAnBuoc' to 'DuAn' has been configured by convention because there are multiple properties on one entity type - {'DuAn', 'DuAnHienTai'} that could be matched with the properties on the other entity type - {'BuocHienTai', 'DuAnBuocs'}. This message can be disregarded if explicit configuration has been specified in 'OnModelCreating'.
[2026-03-19 11:44:39.757 +07:00  DBG]  No relationship from 'DuAn' to 'DuAnBuoc' has been configured by convention because there are multiple properties on one entity type - {'BuocHienTai', 'DuAnBuocs'} that could be matched with the properties on the other entity type - {'DuAn', 'DuAnHienTai'}. This message can be disregarded if explicit configuration has been specified in 'OnModelCreating'.
[2026-03-19 11:44:39.759 +07:00  DBG]  No relationship from 'DuAn' to 'DuToan' has been configured by convention because there are multiple properties on one entity type - {'DuToanHienTai', 'DuToans'} that could be matched with the properties on the other entity type - {'DuAn'}. This message can be disregarded if explicit configuration has been specified in 'OnModelCreating'.
[2026-03-19 11:44:39.776 +07:00  DBG]  No relationship from 'DuAnBuoc' to 'DuAn' has been configured by convention because there are multiple properties on one entity type - {'DuAn', 'DuAnHienTai'} that could be matched with the properties on the other entity type - {'BuocHienTai', 'DuAnBuocs'}. This message can be disregarded if explicit configuration has been specified in 'OnModelCreating'.
[2026-03-19 11:44:39.779 +07:00  DBG]  No relationship from 'DuAn' to 'DuAnBuoc' has been configured by convention because there are multiple properties on one entity type - {'BuocHienTai', 'DuAnBuocs'} that could be matched with the properties on the other entity type - {'DuAn', 'DuAnHienTai'}. This message can be disregarded if explicit configuration has been specified in 'OnModelCreating'.
[2026-03-19 11:44:39.785 +07:00  DBG]  No relationship from 'DuAn' to 'DuToan' has been configured by convention because there are multiple properties on one entity type - {'DuToanHienTai', 'DuToans'} that could be matched with the properties on the other entity type - {'DuAn'}. This message can be disregarded if explicit configuration has been specified in 'OnModelCreating'.
[2026-03-19 11:44:39.805 +07:00  DBG]  No relationship from 'DuAnBuoc' to 'DuAn' has been configured by convention because there are multiple properties on one entity type - {'DuAn', 'DuAnHienTai'} that could be matched with the properties on the other entity type - {'BuocHienTai', 'DuAnBuocs'}. This message can be disregarded if explicit configuration has been specified in 'OnModelCreating'.
[2026-03-19 11:44:39.808 +07:00  DBG]  No relationship from 'DuAn' to 'DuAnBuoc' has been configured by convention because there are multiple properties on one entity type - {'BuocHienTai', 'DuAnBuocs'} that could be matched with the properties on the other entity type - {'DuAn', 'DuAnHienTai'}. This message can be disregarded if explicit configuration has been specified in 'OnModelCreating'.
[2026-03-19 11:44:39.813 +07:00  DBG]  No relationship from 'DuAn' to 'DuToan' has been configured by convention because there are multiple properties on one entity type - {'DuToanHienTai', 'DuToans'} that could be matched with the properties on the other entity type - {'DuAn'}. This message can be disregarded if explicit configuration has been specified in 'OnModelCreating'.
[2026-03-19 11:44:39.839 +07:00  DBG]  No relationship from 'DuAnBuoc' to 'DuAn' has been configured by convention because there are multiple properties on one entity type - {'DuAn', 'DuAnHienTai'} that could be matched with the properties on the other entity type - {'BuocHienTai', 'DuAnBuocs'}. This message can be disregarded if explicit configuration has been specified in 'OnModelCreating'.
[2026-03-19 11:44:39.848 +07:00  DBG]  No relationship from 'DuAn' to 'DuAnBuoc' has been configured by convention because there are multiple properties on one entity type - {'BuocHienTai', 'DuAnBuocs'} that could be matched with the properties on the other entity type - {'DuAn', 'DuAnHienTai'}. This message can be disregarded if explicit configuration has been specified in 'OnModelCreating'.
[2026-03-19 11:44:39.857 +07:00  DBG]  No relationship from 'DuAn' to 'DuToan' has been configured by convention because there are multiple properties on one entity type - {'DuToanHienTai', 'DuToans'} that could be matched with the properties on the other entity type - {'DuAn'}. This message can be disregarded if explicit configuration has been specified in 'OnModelCreating'.
[2026-03-19 11:44:39.871 +07:00  DBG]  No relationship from 'DuAnBuoc' to 'DuAn' has been configured by convention because there are multiple properties on one entity type - {'DuAn', 'DuAnHienTai'} that could be matched with the properties on the other entity type - {'BuocHienTai', 'DuAnBuocs'}. This message can be disregarded if explicit configuration has been specified in 'OnModelCreating'.
[2026-03-19 11:44:39.880 +07:00  DBG]  No relationship from 'DuAn' to 'DuAnBuoc' has been configured by convention because there are multiple properties on one entity type - {'BuocHienTai', 'DuAnBuocs'} that could be matched with the properties on the other entity type - {'DuAn', 'DuAnHienTai'}. This message can be disregarded if explicit configuration has been specified in 'OnModelCreating'.
[2026-03-19 11:44:39.890 +07:00  DBG]  No relationship from 'DuAn' to 'DuToan' has been configured by convention because there are multiple properties on one entity type - {'DuToanHienTai', 'DuToans'} that could be matched with the properties on the other entity type - {'DuAn'}. This message can be disregarded if explicit configuration has been specified in 'OnModelCreating'.
[2026-03-19 11:44:39.903 +07:00  DBG]  No relationship from 'DuAnBuoc' to 'DuAn' has been configured by convention because there are multiple properties on one entity type - {'DuAn', 'DuAnHienTai'} that could be matched with the properties on the other entity type - {'BuocHienTai', 'DuAnBuocs'}. This message can be disregarded if explicit configuration has been specified in 'OnModelCreating'.
[2026-03-19 11:44:39.910 +07:00  DBG]  No relationship from 'DuAn' to 'DuAnBuoc' has been configured by convention because there are multiple properties on one entity type - {'BuocHienTai', 'DuAnBuocs'} that could be matched with the properties on the other entity type - {'DuAn', 'DuAnHienTai'}. This message can be disregarded if explicit configuration has been specified in 'OnModelCreating'.
[2026-03-19 11:44:39.917 +07:00  DBG]  No relationship from 'DuAn' to 'DuToan' has been configured by convention because there are multiple properties on one entity type - {'DuToanHienTai', 'DuToans'} that could be matched with the properties on the other entity type - {'DuAn'}. This message can be disregarded if explicit configuration has been specified in 'OnModelCreating'.
[2026-03-19 11:44:40.021 +07:00  DBG]  No relationship from 'DuAnBuoc' to 'DuAn' has been configured by convention because there are multiple properties on one entity type - {'DuAn', 'DuAnHienTai'} that could be matched with the properties on the other entity type - {'BuocHienTai', 'DuAnBuocs'}. This message can be disregarded if explicit configuration has been specified in 'OnModelCreating'.
[2026-03-19 11:44:40.030 +07:00  DBG]  No relationship from 'DuAn' to 'DuAnBuoc' has been configured by convention because there are multiple properties on one entity type - {'BuocHienTai', 'DuAnBuocs'} that could be matched with the properties on the other entity type - {'DuAn', 'DuAnHienTai'}. This message can be disregarded if explicit configuration has been specified in 'OnModelCreating'.
[2026-03-19 11:44:40.039 +07:00  DBG]  No relationship from 'DuAn' to 'DuToan' has been configured by convention because there are multiple properties on one entity type - {'DuToanHienTai', 'DuToans'} that could be matched with the properties on the other entity type - {'DuAn'}. This message can be disregarded if explicit configuration has been specified in 'OnModelCreating'.
[2026-03-19 11:44:40.107 +07:00  DBG]  No relationship from 'DuAn' to 'DuAnBuoc' has been configured by convention because there are multiple properties on one entity type - {'BuocHienTai', 'DuAnBuocs'} that could be matched with the properties on the other entity type - {'DuAn', 'DuAnHienTai'}. This message can be disregarded if explicit configuration has been specified in 'OnModelCreating'.
[2026-03-19 11:44:40.115 +07:00  DBG]  No relationship from 'DuAn' to 'DuToan' has been configured by convention because there are multiple properties on one entity type - {'DuToanHienTai', 'DuToans'} that could be matched with the properties on the other entity type - {'DuAn'}. This message can be disregarded if explicit configuration has been specified in 'OnModelCreating'.
[2026-03-19 11:44:40.119 +07:00  DBG]  No relationship from 'DuAnBuoc' to 'DuAn' has been configured by convention because there are multiple properties on one entity type - {'DuAn', 'DuAnHienTai'} that could be matched with the properties on the other entity type - {'BuocHienTai', 'DuAnBuocs'}. This message can be disregarded if explicit configuration has been specified in 'OnModelCreating'.
[2026-03-19 11:44:40.123 +07:00  DBG]  No relationship from 'DuAn' to 'DuToan' has been configured by convention because there are multiple properties on one entity type - {'DuToanHienTai', 'DuToans'} that could be matched with the properties on the other entity type - {'DuAn'}. This message can be disregarded if explicit configuration has been specified in 'OnModelCreating'.
[2026-03-19 11:44:40.132 +07:00  DBG]  No relationship from 'DuAn' to 'DuToan' has been configured by convention because there are multiple properties on one entity type - {'DuToanHienTai', 'DuToans'} that could be matched with the properties on the other entity type - {'DuAn'}. This message can be disregarded if explicit configuration has been specified in 'OnModelCreating'.
[2026-03-19 11:44:40.138 +07:00  DBG]  No relationship from 'DuToan' to 'DuAn' has been configured by convention because there are multiple properties on one entity type - {'DuAn'} that could be matched with the properties on the other entity type - {'DuToanHienTai', 'DuToans'}. This message can be disregarded if explicit configuration has been specified in 'OnModelCreating'.
[2026-03-19 11:44:40.221 +07:00  DBG]  The index {'BuocId'} was not created on entity type 'DanhMucBuocManHinh' as the properties are already covered by the index {'BuocId', 'ManHinhId'}.
[2026-03-19 11:44:40.225 +07:00  DBG]  The index {'BuocId'} was not created on entity type 'DuAnBuocManHinh' as the properties are already covered by the index {'BuocId', 'ManHinhId'}.
[2026-03-19 11:44:40.228 +07:00  DBG]  The index {'DuAnId'} was not created on entity type 'DuAnChiuTrachNhiemXuLy' as the properties are already covered by the index {'DuAnId', 'ChiuTrachNhiemXuLyId'}.
[2026-03-19 11:44:40.230 +07:00  DBG]  The index {'DuAnId'} was not created on entity type 'DuAnNguonVon' as the properties are already covered by the index {'DuAnId', 'NguonVonId'}.
[2026-03-19 11:44:40.232 +07:00  DBG]  The index {'NghiemThuId'} was not created on entity type 'NghiemThuPhuLucHopDong' as the properties are already covered by the index {'NghiemThuId', 'PhuLucHopDongId'}.
[2026-03-19 11:44:40.236 +07:00  DBG]  The index {'NhaThauId'} was not created on entity type 'NhaThauNguoiDung' as the properties are already covered by the index {'NhaThauId', 'NguoiDungId'}.
[2026-03-19 11:44:40.361 +07:00  WRN]  Sensitive data logging is enabled. Log entries and exception messages may include sensitive application data; this mode should only be enabled during development.
[2026-03-19 11:44:40.410 +07:00  DBG]  The property 'GoiThau.DuAnBuocId' was created in shadow state because there are no eligible CLR members with a matching name.
[2026-03-19 11:44:40.413 +07:00  DBG]  The property 'NghiemThu.DuAnBuocId' was created in shadow state because there are no eligible CLR members with a matching name.
[2026-03-19 11:44:40.415 +07:00  DBG]  The property 'VanBanPhapLy.ChuDauTuId' was created in shadow state because there are no eligible CLR members with a matching name.
[2026-03-19 11:44:40.617 +07:00  DBG]  Entity Framework Core 8.0.15 initialized 'AppDbContext' using provider 'Microsoft.EntityFrameworkCore.SqlServer:8.0.15' with options: SensitiveDataLoggingEnabled CompatibilityLevel=120
[2026-03-19 11:44:40.704 +07:00  DBG]  Compiling query expression: 
'DbSet<DuAn>()
    .Where(e => !(e.IsDeleted))
    .OrderByDescending(e => e.Index)
    .AsNoTracking()
    .Where(e => !(e.IsDeleted))
    .Include(e => e.DuToanHienTai)
    .Include(e => e.DuToans)
    .Where(e => __request_SearchDto_NamDuAn_0 >= e.ThoiGianKhoiCong && __request_SearchDto_NamDuAn_0 <= e.ThoiGianHoanThanh)
    .Select(e => new DuAnDto{ 
        Id = e.Id, 
        TenDuAn = e.TenDuAn, 
        QuyTrinhId = e.QuyTrinhId, 
        DiaDiem = e.DiaDiem, 
        ChuDauTuId = e.ChuDauTuId, 
        ThoiGianKhoiCong = e.ThoiGianKhoiCong, 
        ThoiGianHoanThanh = e.ThoiGianHoanThanh, 
        MaDuAn = e.MaDuAn, 
        MaNganSach = e.MaNganSach, 
        DuAnTrongDiem = e.DuAnTrongDiem, 
        GiaiDoanId = e.GiaiDoanHienTaiId != null ? e.GiaiDoanHienTaiId : e.BuocHienTai != null && e.BuocHienTai.Buoc != null ? e.BuocHienTai.Buoc.GiaiDoanId : null, 
        LinhVucId = e.LinhVucId, 
        NhomDuAnId = e.NhomDuAnId, 
        NangLucThietKe = e.NangLucThietKe, 
        QuyMoDuAn = e.QuyMoDuAn, 
        HinhThucQuanLyDuAnId = e.HinhThucQuanLyDuAnId, 
        LoaiDuAnId = e.LoaiDuAnId, 
        TongMucDauTu = e.TongMucDauTu, 
        TrangThaiDuAnId = e.TrangThaiDuAnId, 
        GhiChu = e.GhiChu, 
        NgayBatDau = (DateTimeOffset?)(DateTimeOffset)e.NgayBatDau.Value.Date, 
        LanhDaoPhuTrachId = e.LanhDaoPhuTrachId, 
        DonViPhuTrachChinhId = e.DonViPhuTrachChinhId, 
        DonViPhoiHopIds = e.DuAnChiuTrachNhiemXuLys
            .Where(i => (int)i.Loai == 0)
            .Select(i => i.ChiuTrachNhiemXuLyId)
            .ToList(), 
        HinhThucDauTuId = e.HinhThucDauTuId, 
        LoaiDuAnTheoNamId = e.LoaiDuAnTheoNamId, 
        TenBuoc = e.BuocHienTai != null ? e.BuocHienTai.TenBuoc : null, 
        BuocId = e.BuocHienTai != null ? (int?)e.BuocHienTai.BuocId : null 
    }
    )
    .AsNoTracking()
    .Count()'
[2026-03-19 11:44:40.857 +07:00  DBG]  Generated query execution expression: 
'queryContext => ShapedQueryCompilingExpressionVisitor.SingleAsync<int>(
    asyncEnumerable: new SingleQueryingEnumerable<int>(
        (RelationalQueryContext)queryContext, 
        RelationalCommandCache.QueryExpression(
            Projection Mapping:
                EmptyProjectionMember -> 0
            SELECT COUNT(*)
            FROM DuAn AS d
            WHERE (Not(d.IsDeleted) && Not(d.IsDeleted)) && ((@__request_SearchDto_NamDuAn_0 >= d.ThoiGianKhoiCong) && (@__request_SearchDto_NamDuAn_0 <= d.ThoiGianHoanThanh))), 
        null, 
        Func<QueryContext, DbDataReader, ResultContext, SingleQueryResultCoordinator, int>, 
        QLDA.Persistence.AppDbContext, 
        False, 
        False, 
        True
    ), 
    cancellationToken: queryContext.CancellationToken)'
[2026-03-19 11:44:40.931 +07:00  DBG]  Creating DbConnection.
[2026-03-19 11:44:40.952 +07:00  DBG]  Created DbConnection. (19ms).
[2026-03-19 11:44:40.959 +07:00  DBG]  Opening connection to database 'VI_DACDT' on server '192.168.1.13\sql2k16r2, 1439'.
[2026-03-19 11:44:41.506 +07:00  DBG]  Opened connection to database 'VI_DACDT' on server '192.168.1.13\sql2k16r2, 1439'.
[2026-03-19 11:44:41.510 +07:00  DBG]  Creating DbCommand for 'ExecuteReader'.
[2026-03-19 11:44:41.515 +07:00  DBG]  Created DbCommand for 'ExecuteReader' (4ms).
[2026-03-19 11:44:41.524 +07:00  DBG]  Initialized DbCommand for 'ExecuteReader' (14ms).
[2026-03-19 11:44:41.534 +07:00  DBG]  Executing DbCommand [Parameters=[@__request_SearchDto_NamDuAn_0='2026' (Nullable = true)], CommandType='"Text"', CommandTimeout='30']
SELECT COUNT(*)
FROM [DuAn] AS [d]
WHERE [d].[IsDeleted] = CAST(0 AS bit) AND [d].[IsDeleted] = CAST(0 AS bit) AND @__request_SearchDto_NamDuAn_0 >= [d].[ThoiGianKhoiCong] AND @__request_SearchDto_NamDuAn_0 <= [d].[ThoiGianHoanThanh]
[2026-03-19 11:44:41.641 +07:00  INF]  Executed DbCommand (109ms) [Parameters=[@__request_SearchDto_NamDuAn_0='2026' (Nullable = true)], CommandType='"Text"', CommandTimeout='30']
SELECT COUNT(*)
FROM [DuAn] AS [d]
WHERE [d].[IsDeleted] = CAST(0 AS bit) AND [d].[IsDeleted] = CAST(0 AS bit) AND @__request_SearchDto_NamDuAn_0 >= [d].[ThoiGianKhoiCong] AND @__request_SearchDto_NamDuAn_0 <= [d].[ThoiGianHoanThanh]
[2026-03-19 11:44:41.656 +07:00  DBG]  Closing data reader to 'VI_DACDT' on server '192.168.1.13\sql2k16r2, 1439'.
[2026-03-19 11:44:41.662 +07:00  DBG]  A data reader for 'VI_DACDT' on server '192.168.1.13\sql2k16r2, 1439' is being disposed after spending 14ms reading results.
[2026-03-19 11:44:41.667 +07:00  DBG]  Closing connection to database 'VI_DACDT' on server '192.168.1.13\sql2k16r2, 1439'.
[2026-03-19 11:44:41.672 +07:00  DBG]  Closed connection to database 'VI_DACDT' on server '192.168.1.13\sql2k16r2, 1439' (5ms).
[2026-03-19 11:44:41.676 +07:00  DBG]  Compiling query expression: 
'DbSet<DuAn>()
    .Where(e => !(e.IsDeleted))
    .OrderByDescending(e => e.Index)
    .AsNoTracking()
    .Where(e => !(e.IsDeleted))
    .Include(e => e.DuToanHienTai)
    .Include(e => e.DuToans)
    .Where(e => __request_SearchDto_NamDuAn_0 >= e.ThoiGianKhoiCong && __request_SearchDto_NamDuAn_0 <= e.ThoiGianHoanThanh)
    .Select(e => new DuAnDto{ 
        Id = e.Id, 
        TenDuAn = e.TenDuAn, 
        QuyTrinhId = e.QuyTrinhId, 
        DiaDiem = e.DiaDiem, 
        ChuDauTuId = e.ChuDauTuId, 
        ThoiGianKhoiCong = e.ThoiGianKhoiCong, 
        ThoiGianHoanThanh = e.ThoiGianHoanThanh, 
        MaDuAn = e.MaDuAn, 
        MaNganSach = e.MaNganSach, 
        DuAnTrongDiem = e.DuAnTrongDiem, 
        GiaiDoanId = e.GiaiDoanHienTaiId != null ? e.GiaiDoanHienTaiId : e.BuocHienTai != null && e.BuocHienTai.Buoc != null ? e.BuocHienTai.Buoc.GiaiDoanId : null, 
        LinhVucId = e.LinhVucId, 
        NhomDuAnId = e.NhomDuAnId, 
        NangLucThietKe = e.NangLucThietKe, 
        QuyMoDuAn = e.QuyMoDuAn, 
        HinhThucQuanLyDuAnId = e.HinhThucQuanLyDuAnId, 
        LoaiDuAnId = e.LoaiDuAnId, 
        TongMucDauTu = e.TongMucDauTu, 
        TrangThaiDuAnId = e.TrangThaiDuAnId, 
        GhiChu = e.GhiChu, 
        NgayBatDau = (DateTimeOffset?)(DateTimeOffset)e.NgayBatDau.Value.Date, 
        LanhDaoPhuTrachId = e.LanhDaoPhuTrachId, 
        DonViPhuTrachChinhId = e.DonViPhuTrachChinhId, 
        DonViPhoiHopIds = e.DuAnChiuTrachNhiemXuLys
            .Where(i => (int)i.Loai == 0)
            .Select(i => i.ChiuTrachNhiemXuLyId)
            .ToList(), 
        HinhThucDauTuId = e.HinhThucDauTuId, 
        LoaiDuAnTheoNamId = e.LoaiDuAnTheoNamId, 
        TenBuoc = e.BuocHienTai != null ? e.BuocHienTai.TenBuoc : null, 
        BuocId = e.BuocHienTai != null ? (int?)e.BuocHienTai.BuocId : null 
    }
    )
    .AsNoTracking()'
[2026-03-19 11:44:41.738 +07:00  DBG]  Generated query execution expression: 
'queryContext => new SingleQueryingEnumerable<DuAnDto>(
    (RelationalQueryContext)queryContext, 
    RelationalCommandCache.QueryExpression(
        Client Projections:
            0 -> 0
            1 -> 1
            2 -> 2
            3 -> 3
            4 -> 4
            5 -> 5
            6 -> 6
            7 -> 7
            8 -> 8
            9 -> 9
            10 -> 10
            11 -> 11
            12 -> 12
            13 -> 13
            14 -> 14
            15 -> 15
            16 -> 16
            17 -> 17
            18 -> 18
            19 -> 19
            20 -> 20
            21 -> 21
            22 -> 22
            23 -> 23
            24 -> 24
            25 -> 25
            26 -> 26
            27 -> 27
            28 -> 28
            29 -> 29
            30 -> 30
        SELECT d.Id, d.TenDuAn, d.QuyTrinhId, d.DiaDiem, d.ChuDauTuId, d.ThoiGianKhoiCong, d.ThoiGianHoanThanh, d.MaDuAn, d.MaNganSach, d.DuAnTrongDiem, CASE
            WHEN d.GiaiDoanHienTaiId != NULL THEN d.GiaiDoanHienTaiId
            WHEN Not(d0.Id == NULL) && Not(d1.Id == NULL) THEN d1.GiaiDoanId
            ELSE NULL
        END, d.LinhVucId, d.NhomDuAnId, d.NangLucThietKe, d.QuyMoDuAn, d.HinhThucQuanLyDuAnId, d.LoaiDuAnId, d.TongMucDauTu, d.TrangThaiDuAnId, d.GhiChu, CAST(CONVERT(date, d.NgayBatDau) AS datetimeoffset), d.LanhDaoPhuTrachId, d.DonViPhuTrachChinhId, d0.Id, d1.Id, t.ChiuTrachNhiemXuLyId, t.DuAnId, d.HinhThucDauTuId, d.LoaiDuAnTheoNamId, d0.TenBuoc, d0.BuocId
        FROM DuAn AS d
        LEFT JOIN DuAnBuoc AS d0 ON d.BuocHienTaiId == d0.Id
        LEFT JOIN DmBuoc AS d1 ON d0.BuocId == d1.Id
        LEFT JOIN 
        (
            SELECT d2.ChiuTrachNhiemXuLyId, d2.DuAnId
            FROM DuAnChiuTrachNhiemXuLy AS d2
            WHERE d2.Loai == N'DonViPhoiHop'
        ) AS t ON d.Id == t.DuAnId
        WHERE (Not(d.IsDeleted) && Not(d.IsDeleted)) && ((@__request_SearchDto_NamDuAn_0 >= d.ThoiGianKhoiCong) && (@__request_SearchDto_NamDuAn_0 <= d.ThoiGianHoanThanh))
        ORDER BY d.Index DESC, d.Id ASC, d0.Id ASC, d1.Id ASC, t.DuAnId ASC), 
    null, 
    Func<QueryContext, DbDataReader, ResultContext, SingleQueryResultCoordinator, DuAnDto>, 
    QLDA.Persistence.AppDbContext, 
    False, 
    False, 
    True
)'
[2026-03-19 11:44:41.755 +07:00  DBG]  Opening connection to database 'VI_DACDT' on server '192.168.1.13\sql2k16r2, 1439'.
[2026-03-19 11:44:41.759 +07:00  DBG]  Opened connection to database 'VI_DACDT' on server '192.168.1.13\sql2k16r2, 1439'.
[2026-03-19 11:44:41.760 +07:00  DBG]  Creating DbCommand for 'ExecuteReader'.
[2026-03-19 11:44:41.762 +07:00  DBG]  Created DbCommand for 'ExecuteReader' (1ms).
[2026-03-19 11:44:41.763 +07:00  DBG]  Initialized DbCommand for 'ExecuteReader' (2ms).
[2026-03-19 11:44:41.764 +07:00  DBG]  Executing DbCommand [Parameters=[@__request_SearchDto_NamDuAn_0='2026' (Nullable = true)], CommandType='"Text"', CommandTimeout='30']
SELECT [d].[Id], [d].[TenDuAn], [d].[QuyTrinhId], [d].[DiaDiem], [d].[ChuDauTuId], [d].[ThoiGianKhoiCong], [d].[ThoiGianHoanThanh], [d].[MaDuAn], [d].[MaNganSach], [d].[DuAnTrongDiem], CASE
    WHEN [d].[GiaiDoanHienTaiId] IS NOT NULL THEN [d].[GiaiDoanHienTaiId]
    WHEN [d0].[Id] IS NOT NULL AND [d1].[Id] IS NOT NULL THEN [d1].[GiaiDoanId]
    ELSE NULL
END, [d].[LinhVucId], [d].[NhomDuAnId], [d].[NangLucThietKe], [d].[QuyMoDuAn], [d].[HinhThucQuanLyDuAnId], [d].[LoaiDuAnId], [d].[TongMucDauTu], [d].[TrangThaiDuAnId], [d].[GhiChu], CAST(CONVERT(date, [d].[NgayBatDau]) AS datetimeoffset), [d].[LanhDaoPhuTrachId], [d].[DonViPhuTrachChinhId], [d0].[Id], [d1].[Id], [t].[ChiuTrachNhiemXuLyId], [t].[DuAnId], [d].[HinhThucDauTuId], [d].[LoaiDuAnTheoNamId], [d0].[TenBuoc], [d0].[BuocId]
FROM [DuAn] AS [d]
LEFT JOIN [DuAnBuoc] AS [d0] ON [d].[BuocHienTaiId] = [d0].[Id]
LEFT JOIN [DmBuoc] AS [d1] ON [d0].[BuocId] = [d1].[Id]
LEFT JOIN (
    SELECT [d2].[ChiuTrachNhiemXuLyId], [d2].[DuAnId]
    FROM [DuAnChiuTrachNhiemXuLy] AS [d2]
    WHERE [d2].[Loai] = N'DonViPhoiHop'
) AS [t] ON [d].[Id] = [t].[DuAnId]
WHERE [d].[IsDeleted] = CAST(0 AS bit) AND [d].[IsDeleted] = CAST(0 AS bit) AND @__request_SearchDto_NamDuAn_0 >= [d].[ThoiGianKhoiCong] AND @__request_SearchDto_NamDuAn_0 <= [d].[ThoiGianHoanThanh]
ORDER BY [d].[Index] DESC, [d].[Id], [d0].[Id], [d1].[Id], [t].[DuAnId]
[2026-03-19 11:44:41.777 +07:00  INF]  Executed DbCommand (13ms) [Parameters=[@__request_SearchDto_NamDuAn_0='2026' (Nullable = true)], CommandType='"Text"', CommandTimeout='30']
SELECT [d].[Id], [d].[TenDuAn], [d].[QuyTrinhId], [d].[DiaDiem], [d].[ChuDauTuId], [d].[ThoiGianKhoiCong], [d].[ThoiGianHoanThanh], [d].[MaDuAn], [d].[MaNganSach], [d].[DuAnTrongDiem], CASE
    WHEN [d].[GiaiDoanHienTaiId] IS NOT NULL THEN [d].[GiaiDoanHienTaiId]
    WHEN [d0].[Id] IS NOT NULL AND [d1].[Id] IS NOT NULL THEN [d1].[GiaiDoanId]
    ELSE NULL
END, [d].[LinhVucId], [d].[NhomDuAnId], [d].[NangLucThietKe], [d].[QuyMoDuAn], [d].[HinhThucQuanLyDuAnId], [d].[LoaiDuAnId], [d].[TongMucDauTu], [d].[TrangThaiDuAnId], [d].[GhiChu], CAST(CONVERT(date, [d].[NgayBatDau]) AS datetimeoffset), [d].[LanhDaoPhuTrachId], [d].[DonViPhuTrachChinhId], [d0].[Id], [d1].[Id], [t].[ChiuTrachNhiemXuLyId], [t].[DuAnId], [d].[HinhThucDauTuId], [d].[LoaiDuAnTheoNamId], [d0].[TenBuoc], [d0].[BuocId]
FROM [DuAn] AS [d]
LEFT JOIN [DuAnBuoc] AS [d0] ON [d].[BuocHienTaiId] = [d0].[Id]
LEFT JOIN [DmBuoc] AS [d1] ON [d0].[BuocId] = [d1].[Id]
LEFT JOIN (
    SELECT [d2].[ChiuTrachNhiemXuLyId], [d2].[DuAnId]
    FROM [DuAnChiuTrachNhiemXuLy] AS [d2]
    WHERE [d2].[Loai] = N'DonViPhoiHop'
) AS [t] ON [d].[Id] = [t].[DuAnId]
WHERE [d].[IsDeleted] = CAST(0 AS bit) AND [d].[IsDeleted] = CAST(0 AS bit) AND @__request_SearchDto_NamDuAn_0 >= [d].[ThoiGianKhoiCong] AND @__request_SearchDto_NamDuAn_0 <= [d].[ThoiGianHoanThanh]
ORDER BY [d].[Index] DESC, [d].[Id], [d0].[Id], [d1].[Id], [t].[DuAnId]
[2026-03-19 11:44:41.797 +07:00  DBG]  Closing data reader to 'VI_DACDT' on server '192.168.1.13\sql2k16r2, 1439'.
[2026-03-19 11:44:41.799 +07:00  DBG]  A data reader for 'VI_DACDT' on server '192.168.1.13\sql2k16r2, 1439' is being disposed after spending 18ms reading results.
[2026-03-19 11:44:41.803 +07:00  DBG]  Closing connection to database 'VI_DACDT' on server '192.168.1.13\sql2k16r2, 1439'.
[2026-03-19 11:44:41.805 +07:00  DBG]  Closed connection to database 'VI_DACDT' on server '192.168.1.13\sql2k16r2, 1439' (2ms).
[2026-03-19 11:44:41.824 +07:00  WRN]  Messenger Long Running Request: DuAnGetDanhSachQuery (3360 milliseconds)  {"SearchDto":{"TenDuAn":null,"MaDuAn":null,"LinhVucId":null,"NguonVonId":null,"NhomDuAnId":null,"DonViPhuTrachChinhId":null,"DonViPhoiHopId":null,"GiaiDoanId":null,"ThoiGianKhoiCong":null,"ThoiGianHoanThanh":null,"LanhDaoPhuTrachId":null,"MaNganSach":null,"LoaiDuAnId":null,"QuyTrinhId":null,"TrangThaiDuAnId":null,"NamBatDau":null,"NamDuAn":2026,"LoaiDuAnTheoNamId":null,"HinhThucDauTuId":null,"TuNgay":null,"DenNgay":null,"DuAnId":null,"BuocId":null,"GlobalFilter":null,"HiddenColumns":null,"PageIndex":1,"PageSize":0},"IsNoTracking":false,"PageIndex":0,"PageSize":0}
[2026-03-19 11:44:41.830 +07:00  DBG]  List of registered output formatters, in the following order: ["Microsoft.AspNetCore.Mvc.Formatters.HttpNoContentOutputFormatter","Microsoft.AspNetCore.Mvc.Formatters.StringOutputFormatter","Microsoft.AspNetCore.Mvc.Formatters.StreamOutputFormatter","Microsoft.AspNetCore.Mvc.Formatters.SystemTextJsonOutputFormatter"]
[2026-03-19 11:44:41.839 +07:00  DBG]  Attempting to select an output formatter based on Accept header '["text/plain"]'.
[2026-03-19 11:44:41.841 +07:00  DBG]  Could not find an output formatter based on content negotiation. Accepted types were (["text/plain"])
[2026-03-19 11:44:41.843 +07:00  DBG]  Attempting to select an output formatter without using a content type as no explicit content types were specified for the response.
[2026-03-19 11:44:41.844 +07:00  DBG]  Attempting to select the first formatter in the output formatters list which can write the result.
[2026-03-19 11:44:41.845 +07:00  DBG]  Selected output formatter 'Microsoft.AspNetCore.Mvc.Formatters.SystemTextJsonOutputFormatter' and content type 'application/json' to write the response.
[2026-03-19 11:44:41.846 +07:00  INF]  Executing ObjectResult, writing value of type 'QLDA.Application.Common.DTOs.ResultApi'.
[2026-03-19 11:44:41.870 +07:00  INF]  Executed action QLDA.WebApi.Controllers.DuAnController.Get (QLDA.WebApi) in 3650.1028ms
[2026-03-19 11:44:41.872 +07:00  INF]  Executed endpoint 'QLDA.WebApi.Controllers.DuAnController.Get (QLDA.WebApi)'
[2026-03-19 11:44:41.875 +07:00  INF]  HTTP GET /api/du-an/danh-sach responded 200 in 4697.7999 ms
[2026-03-19 11:44:41.878 +07:00  DBG]  Connection id "0HNK5E8BIQ1KS" completed keep alive response.
[2026-03-19 11:44:41.882 +07:00  DBG]  'AppDbContext' disposed.
[2026-03-19 11:44:41.886 +07:00  DBG]  Disposing connection to database 'VI_DACDT' on server '192.168.1.13\sql2k16r2, 1439'.
[2026-03-19 11:44:41.888 +07:00  DBG]  Disposed connection to database '' on server '' (2ms).
[2026-03-19 11:44:41.890 +07:00  INF]  Request finished HTTP/1.1 GET http://localhost:5082/api/du-an/danh-sach?NamDuAn=2026&PageIndex=1 - 200 null application/json; charset=utf-8 4765.9008ms
[2026-03-19 11:46:33.593 +07:00  INF]  Request starting HTTP/1.1 GET http://localhost:5082/api/du-an/danh-sach?NamDuAn=2026&PageIndex=1 - null null
[2026-03-19 11:49:08.213 +07:00  DBG]  Connection id "0HNK5E8BIQ1KQ" received FIN.
[2026-03-19 11:49:08.218 +07:00  DBG]  Connection id "0HNK5E8BIQ1KP" received FIN.
[2026-03-19 11:49:08.238 +07:00  DBG]  Connection id "0HNK5E8BIQ1KU" received FIN.
[2026-03-19 11:52:37.966 +07:00  DBG]  1 candidate(s) found for the request path '/api/du-an/danh-sach'
[2026-03-19 11:52:37.974 +07:00  DBG]  Connection id "0HNK5E8BIQ1KQ" sending FIN because: "The Socket transport's send loop completed gracefully."
[2026-03-19 11:52:38.035 +07:00  DBG]  Endpoint 'QLDA.WebApi.Controllers.DuAnController.Get (QLDA.WebApi)' with route pattern 'api/du-an/danh-sach' is valid for the request path '/api/du-an/danh-sach'
[2026-03-19 11:52:38.048 +07:00  DBG]  Connection id "0HNK5E8BIQ1KQ" disconnecting.
[2026-03-19 11:49:08.272 +07:00  DBG]  Connection id "0HNK5E8BIQ1KR" received FIN.
[2026-03-19 11:49:08.310 +07:00  DBG]  Connection id "0HNK5E8BIQ1KT" received FIN.
[2026-03-19 11:50:26.104 +07:00  DBG]  Connection id "0HNK5E8BIQ1KS" received FIN.
[2026-03-19 11:52:37.978 +07:00  DBG]  Connection id "0HNK5E8BIQ1KP" disconnecting.
[2026-03-19 11:52:37.997 +07:00  DBG]  Connection id "0HNK5E8BIQ1KU" disconnecting.
[2026-03-19 11:52:38.079 +07:00  DBG]  Request matched endpoint 'QLDA.WebApi.Controllers.DuAnController.Get (QLDA.WebApi)'
[2026-03-19 11:52:38.089 +07:00  DBG]  Connection id "0HNK5E8BIQ1KQ" stopped.
[2026-03-19 11:52:38.091 +07:00  DBG]  Connection id "0HNK5E8BIQ1KR" sending FIN because: "The Socket transport's send loop completed gracefully."
[2026-03-19 11:52:38.094 +07:00  DBG]  Connection id "0HNK5E8BIQ1KT" disconnecting.
[2026-03-19 11:52:38.096 +07:00  DBG]  Connection id "0HNK5E8BIQ1KS" sending FIN because: "The Socket transport's send loop completed gracefully."
[2026-03-19 11:52:38.097 +07:00  DBG]  Connection id "0HNK5E8BIQ1KP" sending FIN because: "The Socket transport's send loop completed gracefully."
[2026-03-19 11:52:38.100 +07:00  DBG]  Connection id "0HNK5E8BIQ1KU" sending FIN because: "The Socket transport's send loop completed gracefully."
[2026-03-19 11:52:38.115 +07:00  DBG]  The request cannot be served from cache because it contains an 'Authorization' header.
[2026-03-19 11:52:38.126 +07:00  DBG]  Connection id "0HNK5E8BIQ1KR" disconnecting.
[2026-03-19 11:52:38.133 +07:00  DBG]  Connection id "0HNK5E8BIQ1KT" sending FIN because: "The Socket transport's send loop completed gracefully."
[2026-03-19 11:52:38.143 +07:00  DBG]  Connection id "0HNK5E8BIQ1KS" disconnecting.
[2026-03-19 11:52:38.149 +07:00  DBG]  Connection id "0HNK5E8BIQ1KP" stopped.
[2026-03-19 11:52:38.165 +07:00  DBG]  Successfully validated the token.
[2026-03-19 11:52:38.165 +07:00  DBG]  Connection id "0HNK5E8BIQ1KU" stopped.
[2026-03-19 11:52:38.176 +07:00  DBG]  Connection id "0HNK5E8BIQ1KR" stopped.
[2026-03-19 11:52:38.193 +07:00  DBG]  AuthenticationScheme: Bearer was successfully authenticated.
[2026-03-19 11:52:38.205 +07:00  DBG]  Connection id "0HNK5E8BIQ1KT" stopped.
[2026-03-19 11:52:38.206 +07:00  DBG]  Authorization was successful.
[2026-03-19 11:52:38.219 +07:00  INF]  Executing endpoint 'QLDA.WebApi.Controllers.DuAnController.Get (QLDA.WebApi)'
[2026-03-19 11:52:38.225 +07:00  INF]  Route matched with {action = "Get", controller = "DuAn"}. Executing controller action with signature System.Threading.Tasks.Task`1[QLDA.Application.Common.DTOs.ResultApi] Get(QLDA.Application.DuAns.DTOs.DuAnSearchDto) on controller QLDA.WebApi.Controllers.DuAnController (QLDA.WebApi).
[2026-03-19 11:52:38.234 +07:00  DBG]  Execution plan of authorization filters (in the following order): ["None"]
[2026-03-19 11:52:38.238 +07:00  DBG]  Execution plan of resource filters (in the following order): ["Microsoft.AspNetCore.Mvc.ConsumesAttribute"]
[2026-03-19 11:52:38.243 +07:00  DBG]  Execution plan of action filters (in the following order): ["Microsoft.AspNetCore.Mvc.ModelBinding.UnsupportedContentTypeFilter (Order: -3000)","Microsoft.AspNetCore.Mvc.Infrastructure.ModelStateInvalidFilter (Order: -2000)"]
[2026-03-19 11:52:38.259 +07:00  DBG]  Execution plan of exception filters (in the following order): ["None"]
[2026-03-19 11:52:38.263 +07:00  DBG]  Execution plan of result filters (in the following order): ["Microsoft.AspNetCore.Mvc.Infrastructure.ClientErrorResultFilter (Order: -2000)"]
[2026-03-19 11:52:38.266 +07:00  DBG]  Executing controller factory for controller QLDA.WebApi.Controllers.DuAnController (QLDA.WebApi)
[2026-03-19 11:52:38.270 +07:00  DBG]  Executed controller factory for controller QLDA.WebApi.Controllers.DuAnController (QLDA.WebApi)
[2026-03-19 11:52:38.273 +07:00  DBG]  Attempting to bind parameter 'searchDto' of type 'QLDA.Application.DuAns.DTOs.DuAnSearchDto' ...
[2026-03-19 11:52:38.282 +07:00  DBG]  Attempting to bind parameter 'searchDto' of type 'QLDA.Application.DuAns.DTOs.DuAnSearchDto' using the name '' in request data ...
[2026-03-19 11:52:38.287 +07:00  DBG]  Attempting to bind property 'QLDA.Application.DuAns.DTOs.DuAnSearchDto.TenDuAn' of type 'System.String' using the name 'TenDuAn' in request data ...
[2026-03-19 11:52:38.295 +07:00  DBG]  Could not find a value in the request with name 'TenDuAn' for binding property 'QLDA.Application.DuAns.DTOs.DuAnSearchDto.TenDuAn' of type 'System.String'.
[2026-03-19 11:52:38.302 +07:00  DBG]  Done attempting to bind property 'QLDA.Application.DuAns.DTOs.DuAnSearchDto.TenDuAn' of type 'System.String'.
[2026-03-19 11:52:38.305 +07:00  DBG]  Attempting to bind property 'QLDA.Application.DuAns.DTOs.DuAnSearchDto.MaDuAn' of type 'System.String' using the name 'MaDuAn' in request data ...
[2026-03-19 11:52:38.311 +07:00  DBG]  Could not find a value in the request with name 'MaDuAn' for binding property 'QLDA.Application.DuAns.DTOs.DuAnSearchDto.MaDuAn' of type 'System.String'.
[2026-03-19 11:52:38.314 +07:00  DBG]  Done attempting to bind property 'QLDA.Application.DuAns.DTOs.DuAnSearchDto.MaDuAn' of type 'System.String'.
[2026-03-19 11:52:38.316 +07:00  DBG]  Attempting to bind property 'QLDA.Application.DuAns.DTOs.DuAnSearchDto.LinhVucId' of type 'System.Nullable`1[System.Int32]' using the name 'LinhVucId' in request data ...
[2026-03-19 11:52:38.320 +07:00  DBG]  Could not find a value in the request with name 'LinhVucId' for binding property 'QLDA.Application.DuAns.DTOs.DuAnSearchDto.LinhVucId' of type 'System.Nullable`1[System.Int32]'.
[2026-03-19 11:52:38.321 +07:00  DBG]  Done attempting to bind property 'QLDA.Application.DuAns.DTOs.DuAnSearchDto.LinhVucId' of type 'System.Nullable`1[System.Int32]'.
[2026-03-19 11:52:38.324 +07:00  DBG]  Attempting to bind property 'QLDA.Application.DuAns.DTOs.DuAnSearchDto.NguonVonId' of type 'System.Nullable`1[System.Int32]' using the name 'NguonVonId' in request data ...
[2026-03-19 11:52:38.326 +07:00  DBG]  Could not find a value in the request with name 'NguonVonId' for binding property 'QLDA.Application.DuAns.DTOs.DuAnSearchDto.NguonVonId' of type 'System.Nullable`1[System.Int32]'.
[2026-03-19 11:52:38.327 +07:00  DBG]  Done attempting to bind property 'QLDA.Application.DuAns.DTOs.DuAnSearchDto.NguonVonId' of type 'System.Nullable`1[System.Int32]'.
[2026-03-19 11:52:38.329 +07:00  DBG]  Attempting to bind property 'QLDA.Application.DuAns.DTOs.DuAnSearchDto.NhomDuAnId' of type 'System.Nullable`1[System.Int32]' using the name 'NhomDuAnId' in request data ...
[2026-03-19 11:52:38.330 +07:00  DBG]  Could not find a value in the request with name 'NhomDuAnId' for binding property 'QLDA.Application.DuAns.DTOs.DuAnSearchDto.NhomDuAnId' of type 'System.Nullable`1[System.Int32]'.
[2026-03-19 11:52:38.331 +07:00  DBG]  Done attempting to bind property 'QLDA.Application.DuAns.DTOs.DuAnSearchDto.NhomDuAnId' of type 'System.Nullable`1[System.Int32]'.
[2026-03-19 11:52:38.332 +07:00  DBG]  Attempting to bind property 'QLDA.Application.DuAns.DTOs.DuAnSearchDto.DonViPhuTrachChinhId' of type 'System.Nullable`1[System.Int64]' using the name 'DonViPhuTrachChinhId' in request data ...
[2026-03-19 11:52:38.334 +07:00  DBG]  Could not find a value in the request with name 'DonViPhuTrachChinhId' for binding property 'QLDA.Application.DuAns.DTOs.DuAnSearchDto.DonViPhuTrachChinhId' of type 'System.Nullable`1[System.Int64]'.
[2026-03-19 11:52:38.335 +07:00  DBG]  Done attempting to bind property 'QLDA.Application.DuAns.DTOs.DuAnSearchDto.DonViPhuTrachChinhId' of type 'System.Nullable`1[System.Int64]'.
[2026-03-19 11:52:38.337 +07:00  DBG]  Attempting to bind property 'QLDA.Application.DuAns.DTOs.DuAnSearchDto.DonViPhoiHopId' of type 'System.Nullable`1[System.Int64]' using the name 'DonViPhoiHopId' in request data ...
[2026-03-19 11:52:38.340 +07:00  DBG]  Could not find a value in the request with name 'DonViPhoiHopId' for binding property 'QLDA.Application.DuAns.DTOs.DuAnSearchDto.DonViPhoiHopId' of type 'System.Nullable`1[System.Int64]'.
[2026-03-19 11:52:38.341 +07:00  DBG]  Done attempting to bind property 'QLDA.Application.DuAns.DTOs.DuAnSearchDto.DonViPhoiHopId' of type 'System.Nullable`1[System.Int64]'.
[2026-03-19 11:52:38.342 +07:00  DBG]  Attempting to bind property 'QLDA.Application.DuAns.DTOs.DuAnSearchDto.GiaiDoanId' of type 'System.Nullable`1[System.Int32]' using the name 'GiaiDoanId' in request data ...
[2026-03-19 11:52:38.343 +07:00  DBG]  Could not find a value in the request with name 'GiaiDoanId' for binding property 'QLDA.Application.DuAns.DTOs.DuAnSearchDto.GiaiDoanId' of type 'System.Nullable`1[System.Int32]'.
[2026-03-19 11:52:38.344 +07:00  DBG]  Done attempting to bind property 'QLDA.Application.DuAns.DTOs.DuAnSearchDto.GiaiDoanId' of type 'System.Nullable`1[System.Int32]'.
[2026-03-19 11:52:38.345 +07:00  DBG]  Attempting to bind property 'QLDA.Application.DuAns.DTOs.DuAnSearchDto.ThoiGianKhoiCong' of type 'System.Nullable`1[System.Int32]' using the name 'ThoiGianKhoiCong' in request data ...
[2026-03-19 11:52:38.347 +07:00  DBG]  Could not find a value in the request with name 'ThoiGianKhoiCong' for binding property 'QLDA.Application.DuAns.DTOs.DuAnSearchDto.ThoiGianKhoiCong' of type 'System.Nullable`1[System.Int32]'.
[2026-03-19 11:52:38.348 +07:00  DBG]  Done attempting to bind property 'QLDA.Application.DuAns.DTOs.DuAnSearchDto.ThoiGianKhoiCong' of type 'System.Nullable`1[System.Int32]'.
[2026-03-19 11:52:38.349 +07:00  DBG]  Attempting to bind property 'QLDA.Application.DuAns.DTOs.DuAnSearchDto.ThoiGianHoanThanh' of type 'System.Nullable`1[System.Int32]' using the name 'ThoiGianHoanThanh' in request data ...
[2026-03-19 11:52:38.351 +07:00  DBG]  Could not find a value in the request with name 'ThoiGianHoanThanh' for binding property 'QLDA.Application.DuAns.DTOs.DuAnSearchDto.ThoiGianHoanThanh' of type 'System.Nullable`1[System.Int32]'.
[2026-03-19 11:52:38.352 +07:00  DBG]  Done attempting to bind property 'QLDA.Application.DuAns.DTOs.DuAnSearchDto.ThoiGianHoanThanh' of type 'System.Nullable`1[System.Int32]'.
[2026-03-19 11:52:38.353 +07:00  DBG]  Attempting to bind property 'QLDA.Application.DuAns.DTOs.DuAnSearchDto.LanhDaoPhuTrachId' of type 'System.Nullable`1[System.Int64]' using the name 'LanhDaoPhuTrachId' in request data ...
[2026-03-19 11:52:38.358 +07:00  DBG]  Could not find a value in the request with name 'LanhDaoPhuTrachId' for binding property 'QLDA.Application.DuAns.DTOs.DuAnSearchDto.LanhDaoPhuTrachId' of type 'System.Nullable`1[System.Int64]'.
[2026-03-19 11:52:38.359 +07:00  DBG]  Done attempting to bind property 'QLDA.Application.DuAns.DTOs.DuAnSearchDto.LanhDaoPhuTrachId' of type 'System.Nullable`1[System.Int64]'.
[2026-03-19 11:52:38.360 +07:00  DBG]  Attempting to bind property 'QLDA.Application.DuAns.DTOs.DuAnSearchDto.MaNganSach' of type 'System.String' using the name 'MaNganSach' in request data ...
[2026-03-19 11:52:38.361 +07:00  DBG]  Could not find a value in the request with name 'MaNganSach' for binding property 'QLDA.Application.DuAns.DTOs.DuAnSearchDto.MaNganSach' of type 'System.String'.
[2026-03-19 11:52:38.363 +07:00  DBG]  Done attempting to bind property 'QLDA.Application.DuAns.DTOs.DuAnSearchDto.MaNganSach' of type 'System.String'.
[2026-03-19 11:52:38.364 +07:00  DBG]  Attempting to bind property 'QLDA.Application.DuAns.DTOs.DuAnSearchDto.LoaiDuAnId' of type 'System.Nullable`1[System.Int32]' using the name 'LoaiDuAnId' in request data ...
[2026-03-19 11:52:38.365 +07:00  DBG]  Could not find a value in the request with name 'LoaiDuAnId' for binding property 'QLDA.Application.DuAns.DTOs.DuAnSearchDto.LoaiDuAnId' of type 'System.Nullable`1[System.Int32]'.
[2026-03-19 11:52:38.367 +07:00  DBG]  Done attempting to bind property 'QLDA.Application.DuAns.DTOs.DuAnSearchDto.LoaiDuAnId' of type 'System.Nullable`1[System.Int32]'.
[2026-03-19 11:52:38.368 +07:00  DBG]  Attempting to bind property 'QLDA.Application.DuAns.DTOs.DuAnSearchDto.QuyTrinhId' of type 'System.Nullable`1[System.Int32]' using the name 'QuyTrinhId' in request data ...
[2026-03-19 11:52:38.369 +07:00  DBG]  Could not find a value in the request with name 'QuyTrinhId' for binding property 'QLDA.Application.DuAns.DTOs.DuAnSearchDto.QuyTrinhId' of type 'System.Nullable`1[System.Int32]'.
[2026-03-19 11:52:38.373 +07:00  DBG]  Done attempting to bind property 'QLDA.Application.DuAns.DTOs.DuAnSearchDto.QuyTrinhId' of type 'System.Nullable`1[System.Int32]'.
[2026-03-19 11:52:38.374 +07:00  DBG]  Attempting to bind property 'QLDA.Application.DuAns.DTOs.DuAnSearchDto.TrangThaiDuAnId' of type 'System.Nullable`1[System.Int32]' using the name 'TrangThaiDuAnId' in request data ...
[2026-03-19 11:52:38.376 +07:00  DBG]  Could not find a value in the request with name 'TrangThaiDuAnId' for binding property 'QLDA.Application.DuAns.DTOs.DuAnSearchDto.TrangThaiDuAnId' of type 'System.Nullable`1[System.Int32]'.
[2026-03-19 11:52:38.378 +07:00  DBG]  Done attempting to bind property 'QLDA.Application.DuAns.DTOs.DuAnSearchDto.TrangThaiDuAnId' of type 'System.Nullable`1[System.Int32]'.
[2026-03-19 11:52:38.380 +07:00  DBG]  Attempting to bind property 'QLDA.Application.DuAns.DTOs.DuAnSearchDto.NamBatDau' of type 'System.Nullable`1[System.Int32]' using the name 'NamBatDau' in request data ...
[2026-03-19 11:52:38.381 +07:00  DBG]  Could not find a value in the request with name 'NamBatDau' for binding property 'QLDA.Application.DuAns.DTOs.DuAnSearchDto.NamBatDau' of type 'System.Nullable`1[System.Int32]'.
[2026-03-19 11:52:38.384 +07:00  DBG]  Done attempting to bind property 'QLDA.Application.DuAns.DTOs.DuAnSearchDto.NamBatDau' of type 'System.Nullable`1[System.Int32]'.
[2026-03-19 11:52:38.388 +07:00  DBG]  Attempting to bind property 'QLDA.Application.DuAns.DTOs.DuAnSearchDto.NamDuAn' of type 'System.Nullable`1[System.Int32]' using the name 'NamDuAn' in request data ...
[2026-03-19 11:52:38.390 +07:00  DBG]  Done attempting to bind property 'QLDA.Application.DuAns.DTOs.DuAnSearchDto.NamDuAn' of type 'System.Nullable`1[System.Int32]'.
[2026-03-19 11:52:38.391 +07:00  DBG]  Attempting to bind property 'QLDA.Application.DuAns.DTOs.DuAnSearchDto.LoaiDuAnTheoNamId' of type 'System.Nullable`1[System.Int32]' using the name 'LoaiDuAnTheoNamId' in request data ...
[2026-03-19 11:52:38.393 +07:00  DBG]  Could not find a value in the request with name 'LoaiDuAnTheoNamId' for binding property 'QLDA.Application.DuAns.DTOs.DuAnSearchDto.LoaiDuAnTheoNamId' of type 'System.Nullable`1[System.Int32]'.
[2026-03-19 11:52:38.395 +07:00  DBG]  Done attempting to bind property 'QLDA.Application.DuAns.DTOs.DuAnSearchDto.LoaiDuAnTheoNamId' of type 'System.Nullable`1[System.Int32]'.
[2026-03-19 11:52:38.397 +07:00  DBG]  Attempting to bind property 'QLDA.Application.DuAns.DTOs.DuAnSearchDto.HinhThucDauTuId' of type 'System.Nullable`1[System.Int32]' using the name 'HinhThucDauTuId' in request data ...
[2026-03-19 11:52:38.399 +07:00  DBG]  Could not find a value in the request with name 'HinhThucDauTuId' for binding property 'QLDA.Application.DuAns.DTOs.DuAnSearchDto.HinhThucDauTuId' of type 'System.Nullable`1[System.Int32]'.
[2026-03-19 11:52:38.405 +07:00  DBG]  Done attempting to bind property 'QLDA.Application.DuAns.DTOs.DuAnSearchDto.HinhThucDauTuId' of type 'System.Nullable`1[System.Int32]'.
[2026-03-19 11:52:38.407 +07:00  DBG]  Attempting to bind property 'QLDA.Application.DuAns.DTOs.DuAnSearchDto.TuNgay' of type 'System.Nullable`1[System.DateOnly]' using the name 'TuNgay' in request data ...
[2026-03-19 11:52:38.407 +07:00  DBG]  Could not find a value in the request with name 'TuNgay' for binding property 'QLDA.Application.DuAns.DTOs.DuAnSearchDto.TuNgay' of type 'System.Nullable`1[System.DateOnly]'.
[2026-03-19 11:52:38.409 +07:00  DBG]  Done attempting to bind property 'QLDA.Application.DuAns.DTOs.DuAnSearchDto.TuNgay' of type 'System.Nullable`1[System.DateOnly]'.
[2026-03-19 11:52:38.410 +07:00  DBG]  Attempting to bind property 'QLDA.Application.DuAns.DTOs.DuAnSearchDto.DenNgay' of type 'System.Nullable`1[System.DateOnly]' using the name 'DenNgay' in request data ...
[2026-03-19 11:52:38.411 +07:00  DBG]  Could not find a value in the request with name 'DenNgay' for binding property 'QLDA.Application.DuAns.DTOs.DuAnSearchDto.DenNgay' of type 'System.Nullable`1[System.DateOnly]'.
[2026-03-19 11:52:38.413 +07:00  DBG]  Done attempting to bind property 'QLDA.Application.DuAns.DTOs.DuAnSearchDto.DenNgay' of type 'System.Nullable`1[System.DateOnly]'.
[2026-03-19 11:52:38.414 +07:00  DBG]  Attempting to bind property 'QLDA.Application.DuAns.DTOs.DuAnSearchDto.DuAnId' of type 'System.Nullable`1[System.Guid]' using the name 'DuAnId' in request data ...
[2026-03-19 11:52:38.415 +07:00  DBG]  Could not find a value in the request with name 'DuAnId' for binding property 'QLDA.Application.DuAns.DTOs.DuAnSearchDto.DuAnId' of type 'System.Nullable`1[System.Guid]'.
[2026-03-19 11:52:38.416 +07:00  DBG]  Done attempting to bind property 'QLDA.Application.DuAns.DTOs.DuAnSearchDto.DuAnId' of type 'System.Nullable`1[System.Guid]'.
[2026-03-19 11:52:38.418 +07:00  DBG]  Attempting to bind property 'QLDA.Application.DuAns.DTOs.DuAnSearchDto.BuocId' of type 'System.Nullable`1[System.Int32]' using the name 'BuocId' in request data ...
[2026-03-19 11:52:38.419 +07:00  DBG]  Could not find a value in the request with name 'BuocId' for binding property 'QLDA.Application.DuAns.DTOs.DuAnSearchDto.BuocId' of type 'System.Nullable`1[System.Int32]'.
[2026-03-19 11:52:38.421 +07:00  DBG]  Done attempting to bind property 'QLDA.Application.DuAns.DTOs.DuAnSearchDto.BuocId' of type 'System.Nullable`1[System.Int32]'.
[2026-03-19 11:52:38.422 +07:00  DBG]  Attempting to bind property 'QLDA.Application.DuAns.DTOs.DuAnSearchDto.GlobalFilter' of type 'System.String' using the name 'GlobalFilter' in request data ...
[2026-03-19 11:52:38.423 +07:00  DBG]  Could not find a value in the request with name 'GlobalFilter' for binding property 'QLDA.Application.DuAns.DTOs.DuAnSearchDto.GlobalFilter' of type 'System.String'.
[2026-03-19 11:52:38.424 +07:00  DBG]  Done attempting to bind property 'QLDA.Application.DuAns.DTOs.DuAnSearchDto.GlobalFilter' of type 'System.String'.
[2026-03-19 11:52:38.425 +07:00  DBG]  Attempting to bind property 'QLDA.Application.DuAns.DTOs.DuAnSearchDto.HiddenColumns' of type 'System.Collections.Generic.List`1[System.String]' using the name 'HiddenColumns' in request data ...
[2026-03-19 11:52:38.426 +07:00  DBG]  Could not find a value in the request with name 'HiddenColumns' for binding property 'QLDA.Application.DuAns.DTOs.DuAnSearchDto.HiddenColumns' of type 'System.Collections.Generic.List`1[System.String]'.
[2026-03-19 11:52:38.428 +07:00  DBG]  Done attempting to bind property 'QLDA.Application.DuAns.DTOs.DuAnSearchDto.HiddenColumns' of type 'System.Collections.Generic.List`1[System.String]'.
[2026-03-19 11:52:38.429 +07:00  DBG]  Attempting to bind property 'QLDA.Application.DuAns.DTOs.DuAnSearchDto.PageIndex' of type 'System.Int32' using the name 'PageIndex' in request data ...
[2026-03-19 11:52:38.436 +07:00  DBG]  Done attempting to bind property 'QLDA.Application.DuAns.DTOs.DuAnSearchDto.PageIndex' of type 'System.Int32'.
[2026-03-19 11:52:38.438 +07:00  DBG]  Attempting to bind property 'QLDA.Application.DuAns.DTOs.DuAnSearchDto.PageSize' of type 'System.Int32' using the name 'PageSize' in request data ...
[2026-03-19 11:52:38.440 +07:00  DBG]  Could not find a value in the request with name 'PageSize' for binding property 'QLDA.Application.DuAns.DTOs.DuAnSearchDto.PageSize' of type 'System.Int32'.
[2026-03-19 11:52:38.442 +07:00  DBG]  Done attempting to bind property 'QLDA.Application.DuAns.DTOs.DuAnSearchDto.PageSize' of type 'System.Int32'.
[2026-03-19 11:52:38.444 +07:00  DBG]  Done attempting to bind parameter 'searchDto' of type 'QLDA.Application.DuAns.DTOs.DuAnSearchDto'.
[2026-03-19 11:52:38.445 +07:00  DBG]  Done attempting to bind parameter 'searchDto' of type 'QLDA.Application.DuAns.DTOs.DuAnSearchDto'.
[2026-03-19 11:52:38.449 +07:00  DBG]  Attempting to validate the bound parameter 'searchDto' of type 'QLDA.Application.DuAns.DTOs.DuAnSearchDto' ...
[2026-03-19 11:52:38.452 +07:00  DBG]  Done attempting to validate the bound parameter 'searchDto' of type 'QLDA.Application.DuAns.DTOs.DuAnSearchDto'.
[2026-03-19 11:52:38.490 +07:00  DBG]  Entity Framework Core 8.0.15 initialized 'AppDbContext' using provider 'Microsoft.EntityFrameworkCore.SqlServer:8.0.15' with options: SensitiveDataLoggingEnabled CompatibilityLevel=120
[2026-03-19 11:52:38.498 +07:00  DBG]  Creating DbConnection.
[2026-03-19 11:52:38.499 +07:00  DBG]  Created DbConnection. (0ms).
[2026-03-19 11:52:38.501 +07:00  DBG]  Opening connection to database 'VI_DACDT' on server '192.168.1.13\sql2k16r2, 1439'.
[2026-03-19 11:52:38.538 +07:00  DBG]  Opened connection to database 'VI_DACDT' on server '192.168.1.13\sql2k16r2, 1439'.
[2026-03-19 11:52:38.548 +07:00  DBG]  Creating DbCommand for 'ExecuteReader'.
[2026-03-19 11:52:38.552 +07:00  DBG]  Created DbCommand for 'ExecuteReader' (3ms).
[2026-03-19 11:52:38.555 +07:00  DBG]  Initialized DbCommand for 'ExecuteReader' (6ms).
[2026-03-19 11:52:38.561 +07:00  DBG]  Executing DbCommand [Parameters=[@__request_SearchDto_NamDuAn_0='2026' (Nullable = true)], CommandType='"Text"', CommandTimeout='30']
SELECT COUNT(*)
FROM [DuAn] AS [d]
WHERE [d].[IsDeleted] = CAST(0 AS bit) AND [d].[IsDeleted] = CAST(0 AS bit) AND @__request_SearchDto_NamDuAn_0 >= [d].[ThoiGianKhoiCong] AND @__request_SearchDto_NamDuAn_0 <= [d].[ThoiGianHoanThanh]
[2026-03-19 11:52:38.571 +07:00  INF]  Executed DbCommand (11ms) [Parameters=[@__request_SearchDto_NamDuAn_0='2026' (Nullable = true)], CommandType='"Text"', CommandTimeout='30']
SELECT COUNT(*)
FROM [DuAn] AS [d]
WHERE [d].[IsDeleted] = CAST(0 AS bit) AND [d].[IsDeleted] = CAST(0 AS bit) AND @__request_SearchDto_NamDuAn_0 >= [d].[ThoiGianKhoiCong] AND @__request_SearchDto_NamDuAn_0 <= [d].[ThoiGianHoanThanh]
[2026-03-19 11:52:38.575 +07:00  DBG]  Closing data reader to 'VI_DACDT' on server '192.168.1.13\sql2k16r2, 1439'.
[2026-03-19 11:52:38.577 +07:00  DBG]  A data reader for 'VI_DACDT' on server '192.168.1.13\sql2k16r2, 1439' is being disposed after spending 2ms reading results.
[2026-03-19 11:52:38.584 +07:00  DBG]  Closing connection to database 'VI_DACDT' on server '192.168.1.13\sql2k16r2, 1439'.
[2026-03-19 11:52:38.585 +07:00  DBG]  Closed connection to database 'VI_DACDT' on server '192.168.1.13\sql2k16r2, 1439' (1ms).
[2026-03-19 11:52:38.589 +07:00  DBG]  Opening connection to database 'VI_DACDT' on server '192.168.1.13\sql2k16r2, 1439'.
[2026-03-19 11:52:38.590 +07:00  DBG]  Opened connection to database 'VI_DACDT' on server '192.168.1.13\sql2k16r2, 1439'.
[2026-03-19 11:52:38.592 +07:00  DBG]  Creating DbCommand for 'ExecuteReader'.
[2026-03-19 11:52:38.593 +07:00  DBG]  Created DbCommand for 'ExecuteReader' (1ms).
[2026-03-19 11:52:38.594 +07:00  DBG]  Initialized DbCommand for 'ExecuteReader' (2ms).
[2026-03-19 11:52:38.597 +07:00  DBG]  Executing DbCommand [Parameters=[@__request_SearchDto_NamDuAn_0='2026' (Nullable = true)], CommandType='"Text"', CommandTimeout='30']
SELECT [d].[Id], [d].[TenDuAn], [d].[QuyTrinhId], [d].[DiaDiem], [d].[ChuDauTuId], [d].[ThoiGianKhoiCong], [d].[ThoiGianHoanThanh], [d].[MaDuAn], [d].[MaNganSach], [d].[DuAnTrongDiem], CASE
    WHEN [d].[GiaiDoanHienTaiId] IS NOT NULL THEN [d].[GiaiDoanHienTaiId]
    WHEN [d0].[Id] IS NOT NULL AND [d1].[Id] IS NOT NULL THEN [d1].[GiaiDoanId]
    ELSE NULL
END, [d].[LinhVucId], [d].[NhomDuAnId], [d].[NangLucThietKe], [d].[QuyMoDuAn], [d].[HinhThucQuanLyDuAnId], [d].[LoaiDuAnId], [d].[TongMucDauTu], [d].[TrangThaiDuAnId], [d].[GhiChu], CAST(CONVERT(date, [d].[NgayBatDau]) AS datetimeoffset), [d].[LanhDaoPhuTrachId], [d].[DonViPhuTrachChinhId], [d0].[Id], [d1].[Id], [t].[ChiuTrachNhiemXuLyId], [t].[DuAnId], [d].[HinhThucDauTuId], [d].[LoaiDuAnTheoNamId], [d0].[TenBuoc], [d0].[BuocId]
FROM [DuAn] AS [d]
LEFT JOIN [DuAnBuoc] AS [d0] ON [d].[BuocHienTaiId] = [d0].[Id]
LEFT JOIN [DmBuoc] AS [d1] ON [d0].[BuocId] = [d1].[Id]
LEFT JOIN (
    SELECT [d2].[ChiuTrachNhiemXuLyId], [d2].[DuAnId]
    FROM [DuAnChiuTrachNhiemXuLy] AS [d2]
    WHERE [d2].[Loai] = N'DonViPhoiHop'
) AS [t] ON [d].[Id] = [t].[DuAnId]
WHERE [d].[IsDeleted] = CAST(0 AS bit) AND [d].[IsDeleted] = CAST(0 AS bit) AND @__request_SearchDto_NamDuAn_0 >= [d].[ThoiGianKhoiCong] AND @__request_SearchDto_NamDuAn_0 <= [d].[ThoiGianHoanThanh]
ORDER BY [d].[Index] DESC, [d].[Id], [d0].[Id], [d1].[Id], [t].[DuAnId]
[2026-03-19 11:52:38.624 +07:00  INF]  Executed DbCommand (27ms) [Parameters=[@__request_SearchDto_NamDuAn_0='2026' (Nullable = true)], CommandType='"Text"', CommandTimeout='30']
SELECT [d].[Id], [d].[TenDuAn], [d].[QuyTrinhId], [d].[DiaDiem], [d].[ChuDauTuId], [d].[ThoiGianKhoiCong], [d].[ThoiGianHoanThanh], [d].[MaDuAn], [d].[MaNganSach], [d].[DuAnTrongDiem], CASE
    WHEN [d].[GiaiDoanHienTaiId] IS NOT NULL THEN [d].[GiaiDoanHienTaiId]
    WHEN [d0].[Id] IS NOT NULL AND [d1].[Id] IS NOT NULL THEN [d1].[GiaiDoanId]
    ELSE NULL
END, [d].[LinhVucId], [d].[NhomDuAnId], [d].[NangLucThietKe], [d].[QuyMoDuAn], [d].[HinhThucQuanLyDuAnId], [d].[LoaiDuAnId], [d].[TongMucDauTu], [d].[TrangThaiDuAnId], [d].[GhiChu], CAST(CONVERT(date, [d].[NgayBatDau]) AS datetimeoffset), [d].[LanhDaoPhuTrachId], [d].[DonViPhuTrachChinhId], [d0].[Id], [d1].[Id], [t].[ChiuTrachNhiemXuLyId], [t].[DuAnId], [d].[HinhThucDauTuId], [d].[LoaiDuAnTheoNamId], [d0].[TenBuoc], [d0].[BuocId]
FROM [DuAn] AS [d]
LEFT JOIN [DuAnBuoc] AS [d0] ON [d].[BuocHienTaiId] = [d0].[Id]
LEFT JOIN [DmBuoc] AS [d1] ON [d0].[BuocId] = [d1].[Id]
LEFT JOIN (
    SELECT [d2].[ChiuTrachNhiemXuLyId], [d2].[DuAnId]
    FROM [DuAnChiuTrachNhiemXuLy] AS [d2]
    WHERE [d2].[Loai] = N'DonViPhoiHop'
) AS [t] ON [d].[Id] = [t].[DuAnId]
WHERE [d].[IsDeleted] = CAST(0 AS bit) AND [d].[IsDeleted] = CAST(0 AS bit) AND @__request_SearchDto_NamDuAn_0 >= [d].[ThoiGianKhoiCong] AND @__request_SearchDto_NamDuAn_0 <= [d].[ThoiGianHoanThanh]
ORDER BY [d].[Index] DESC, [d].[Id], [d0].[Id], [d1].[Id], [t].[DuAnId]
[2026-03-19 11:52:38.635 +07:00  DBG]  Closing data reader to 'VI_DACDT' on server '192.168.1.13\sql2k16r2, 1439'.
[2026-03-19 11:52:38.638 +07:00  DBG]  A data reader for 'VI_DACDT' on server '192.168.1.13\sql2k16r2, 1439' is being disposed after spending 7ms reading results.
[2026-03-19 11:52:38.641 +07:00  DBG]  Closing connection to database 'VI_DACDT' on server '192.168.1.13\sql2k16r2, 1439'.
[2026-03-19 11:52:38.646 +07:00  DBG]  Closed connection to database 'VI_DACDT' on server '192.168.1.13\sql2k16r2, 1439' (5ms).
[2026-03-19 11:52:38.649 +07:00  DBG]  List of registered output formatters, in the following order: ["Microsoft.AspNetCore.Mvc.Formatters.HttpNoContentOutputFormatter","Microsoft.AspNetCore.Mvc.Formatters.StringOutputFormatter","Microsoft.AspNetCore.Mvc.Formatters.StreamOutputFormatter","Microsoft.AspNetCore.Mvc.Formatters.SystemTextJsonOutputFormatter"]
[2026-03-19 11:52:38.655 +07:00  DBG]  Attempting to select an output formatter based on Accept header '["text/plain"]'.
[2026-03-19 11:52:38.657 +07:00  DBG]  Could not find an output formatter based on content negotiation. Accepted types were (["text/plain"])
[2026-03-19 11:52:38.662 +07:00  DBG]  Attempting to select an output formatter without using a content type as no explicit content types were specified for the response.
[2026-03-19 11:52:38.665 +07:00  DBG]  Attempting to select the first formatter in the output formatters list which can write the result.
[2026-03-19 11:52:38.670 +07:00  DBG]  Selected output formatter 'Microsoft.AspNetCore.Mvc.Formatters.SystemTextJsonOutputFormatter' and content type 'application/json' to write the response.
[2026-03-19 11:52:38.677 +07:00  INF]  Executing ObjectResult, writing value of type 'QLDA.Application.Common.DTOs.ResultApi'.
[2026-03-19 11:52:39.100 +07:00  INF]  Executed action QLDA.WebApi.Controllers.DuAnController.Get (QLDA.WebApi) in 834.583ms
[2026-03-19 11:52:39.103 +07:00  INF]  Executed endpoint 'QLDA.WebApi.Controllers.DuAnController.Get (QLDA.WebApi)'
[2026-03-19 11:52:39.105 +07:00  INF]  HTTP GET /api/du-an/danh-sach responded 200 in 944.1974 ms
[2026-03-19 11:52:39.107 +07:00  DBG]  'AppDbContext' disposed.
[2026-03-19 11:52:39.109 +07:00  DBG]  Disposing connection to database 'VI_DACDT' on server '192.168.1.13\sql2k16r2, 1439'.
[2026-03-19 11:52:39.110 +07:00  DBG]  Disposed connection to database '' on server '' (1ms).
[2026-03-19 11:52:39.112 +07:00  INF]  Request finished HTTP/1.1 GET http://localhost:5082/api/du-an/danh-sach?NamDuAn=2026&PageIndex=1 - 499 null application/json; charset=utf-8 365521.0752ms
[2026-03-19 11:52:39.115 +07:00  DBG]  Connection id "0HNK5E8BIQ1KS" stopped.
[2026-03-19 13:47:59.073 +07:00  DBG]  Config reload token fired. Checking for changes...
