[2026-03-17 16:10:21.705 +07:00  DBG]  Registered model binder providers, in the following order: ["Microsoft.AspNetCore.Mvc.ModelBinding.Binders.BinderTypeModelBinderProvider","Microsoft.AspNetCore.Mvc.ModelBinding.Binders.ServicesModelBinderProvider","Microsoft.AspNetCore.Mvc.ModelBinding.Binders.BodyModelBinderProvider","Microsoft.AspNetCore.Mvc.ModelBinding.Binders.HeaderModelBinderProvider","Microsoft.AspNetCore.Mvc.ModelBinding.Binders.FloatingPointTypeModelBinderProvider","Microsoft.AspNetCore.Mvc.ModelBinding.Binders.EnumTypeModelBinderProvider","Microsoft.AspNetCore.Mvc.ModelBinding.Binders.DateTimeModelBinderProvider","Microsoft.AspNetCore.Mvc.ModelBinding.Binders.SimpleTypeModelBinderProvider","Microsoft.AspNetCore.Mvc.ModelBinding.Binders.TryParseModelBinderProvider","Microsoft.AspNetCore.Mvc.ModelBinding.Binders.CancellationTokenModelBinderProvider","Microsoft.AspNetCore.Mvc.ModelBinding.Binders.ByteArrayModelBinderProvider","Microsoft.AspNetCore.Mvc.ModelBinding.Binders.FormFileModelBinderProvider","Microsoft.AspNetCore.Mvc.ModelBinding.Binders.FormCollectionModelBinderProvider","Microsoft.AspNetCore.Mvc.ModelBinding.Binders.KeyValuePairModelBinderProvider","Microsoft.AspNetCore.Mvc.ModelBinding.Binders.DictionaryModelBinderProvider","Microsoft.AspNetCore.Mvc.ModelBinding.Binders.ArrayModelBinderProvider","Microsoft.AspNetCore.Mvc.ModelBinding.Binders.CollectionModelBinderProvider","Microsoft.AspNetCore.Mvc.ModelBinding.Binders.ComplexObjectModelBinderProvider"]
[2026-03-17 16:10:21.832 +07:00  DBG]  Hosting starting
[2026-03-17 16:10:21.853 +07:00  INF]  User profile is available. Using 'C:\Users\PhucTruong\AppData\Local\ASP.NET\DataProtection-Keys' as key repository and Windows DPAPI to encrypt keys at rest.
[2026-03-17 16:10:21.860 +07:00  DBG]  Reading data from file 'C:\Users\PhucTruong\AppData\Local\ASP.NET\DataProtection-Keys\key-1b396550-166d-4963-bbc7-4851fa5ec7da.xml'.
[2026-03-17 16:10:21.888 +07:00  DBG]  Reading data from file 'C:\Users\PhucTruong\AppData\Local\ASP.NET\DataProtection-Keys\key-32eddb85-f176-42d9-8959-f0eba61d82f7.xml'.
[2026-03-17 16:10:21.902 +07:00  DBG]  Reading data from file 'C:\Users\PhucTruong\AppData\Local\ASP.NET\DataProtection-Keys\key-33cf3412-961e-4bd3-ad04-ecb658f583fd.xml'.
[2026-03-17 16:10:21.915 +07:00  DBG]  Reading data from file 'C:\Users\PhucTruong\AppData\Local\ASP.NET\DataProtection-Keys\key-47935f9d-9847-4d4e-874f-a0dd392e9742.xml'.
[2026-03-17 16:10:21.933 +07:00  DBG]  Reading data from file 'C:\Users\PhucTruong\AppData\Local\ASP.NET\DataProtection-Keys\key-75a7f6c5-8341-498c-9634-b4f5280b626e.xml'.
[2026-03-17 16:10:21.946 +07:00  DBG]  Reading data from file 'C:\Users\PhucTruong\AppData\Local\ASP.NET\DataProtection-Keys\key-891896f9-c987-48ed-91d1-0a38007f1ee7.xml'.
[2026-03-17 16:10:21.960 +07:00  DBG]  Reading data from file 'C:\Users\PhucTruong\AppData\Local\ASP.NET\DataProtection-Keys\key-a37f0238-60ae-4529-a4d6-8c184821f545.xml'.
[2026-03-17 16:10:21.974 +07:00  DBG]  Reading data from file 'C:\Users\PhucTruong\AppData\Local\ASP.NET\DataProtection-Keys\key-b44e2774-fbee-4e46-8891-ca8df6aa0cc5.xml'.
[2026-03-17 16:10:21.993 +07:00  DBG]  Reading data from file 'C:\Users\PhucTruong\AppData\Local\ASP.NET\DataProtection-Keys\key-c004ae11-9260-4a42-b6f8-3f324f87369d.xml'.
[2026-03-17 16:10:22.015 +07:00  DBG]  Found key {1b396550-166d-4963-bbc7-4851fa5ec7da}.
[2026-03-17 16:10:22.021 +07:00  DBG]  Found key {32eddb85-f176-42d9-8959-f0eba61d82f7}.
[2026-03-17 16:10:22.023 +07:00  DBG]  Found key {33cf3412-961e-4bd3-ad04-ecb658f583fd}.
[2026-03-17 16:10:22.024 +07:00  DBG]  Found key {47935f9d-9847-4d4e-874f-a0dd392e9742}.
[2026-03-17 16:10:22.026 +07:00  DBG]  Found key {75a7f6c5-8341-498c-9634-b4f5280b626e}.
[2026-03-17 16:10:22.027 +07:00  DBG]  Found key {891896f9-c987-48ed-91d1-0a38007f1ee7}.
[2026-03-17 16:10:22.028 +07:00  DBG]  Found key {a37f0238-60ae-4529-a4d6-8c184821f545}.
[2026-03-17 16:10:22.030 +07:00  DBG]  Found key {b44e2774-fbee-4e46-8891-ca8df6aa0cc5}.
[2026-03-17 16:10:22.031 +07:00  DBG]  Found key {c004ae11-9260-4a42-b6f8-3f324f87369d}.
[2026-03-17 16:10:22.036 +07:00  DBG]  Considering key {a37f0238-60ae-4529-a4d6-8c184821f545} with expiration date 2026-06-04 04:03:36Z as default key.
[2026-03-17 16:10:22.040 +07:00  DBG]  Forwarded activator type request from Microsoft.AspNetCore.DataProtection.XmlEncryption.DpapiXmlDecryptor, Microsoft.AspNetCore.DataProtection, Version=8.0.0.0, Culture=neutral, PublicKeyToken=adb9793829ddae60 to Microsoft.AspNetCore.DataProtection.XmlEncryption.DpapiXmlDecryptor, Microsoft.AspNetCore.DataProtection, Culture=neutral, PublicKeyToken=adb9793829ddae60
[2026-03-17 16:10:22.045 +07:00  DBG]  Decrypting secret element using Windows DPAPI.
[2026-03-17 16:10:22.047 +07:00  DBG]  Forwarded activator type request from Microsoft.AspNetCore.DataProtection.AuthenticatedEncryption.ConfigurationModel.AuthenticatedEncryptorDescriptorDeserializer, Microsoft.AspNetCore.DataProtection, Version=8.0.0.0, Culture=neutral, PublicKeyToken=adb9793829ddae60 to Microsoft.AspNetCore.DataProtection.AuthenticatedEncryption.ConfigurationModel.AuthenticatedEncryptorDescriptorDeserializer, Microsoft.AspNetCore.DataProtection, Culture=neutral, PublicKeyToken=adb9793829ddae60
[2026-03-17 16:10:22.051 +07:00  DBG]  Opening CNG algorithm 'AES' from provider 'null' with chaining mode CBC.
[2026-03-17 16:10:22.054 +07:00  DBG]  Opening CNG algorithm 'SHA256' from provider 'null' with HMAC.
[2026-03-17 16:10:22.056 +07:00  DBG]  Using key {a37f0238-60ae-4529-a4d6-8c184821f545} as the default key.
[2026-03-17 16:10:22.058 +07:00  DBG]  Key ring with default key {a37f0238-60ae-4529-a4d6-8c184821f545} was loaded during application startup.
[2026-03-17 16:10:22.203 +07:00  INF]  Now listening on: http://localhost:5082
[2026-03-17 16:10:22.204 +07:00  INF]  Now listening on: https://localhost:5092
[2026-03-17 16:10:22.206 +07:00  DBG]  Loaded hosting startup assembly QLDA.WebApi
[2026-03-17 16:10:22.208 +07:00  DBG]  Loaded hosting startup assembly Microsoft.WebTools.ApiEndpointDiscovery
[2026-03-17 16:10:22.210 +07:00  DBG]  Loaded hosting startup assembly Microsoft.AspNetCore.Watch.BrowserRefresh
[2026-03-17 16:10:22.211 +07:00  DBG]  Loaded hosting startup assembly Microsoft.WebTools.BrowserLink.Net
[2026-03-17 16:10:22.365 +07:00  INF]  Application started. Press Ctrl+C to shut down.
[2026-03-17 16:10:22.367 +07:00  INF]  Hosting environment: Development
[2026-03-17 16:10:22.369 +07:00  INF]  Content root path: D:\Viet_info\TTCDS\pml\DesktopModules\MVC\QuanLyDuAn\SER\QLDA.WebApi
[2026-03-17 16:10:22.372 +07:00  DBG]  Hosting started
[2026-03-17 16:13:56.139 +07:00  DBG]  Connection id "0HNK40M23MK4S" accepted.
[2026-03-17 16:13:56.144 +07:00  DBG]  Connection id "0HNK40M23MK4S" started.
[2026-03-17 16:13:56.181 +07:00  INF]  Request starting HTTP/1.1 GET http://localhost:5082/swagger/index.html - null null
[2026-03-17 16:13:56.282 +07:00  DBG]  Wildcard detected, all requests with hosts will be allowed.
[2026-03-17 16:13:56.308 +07:00  DBG]  No candidates found for the request path '/swagger/index.html'
[2026-03-17 16:13:56.310 +07:00  DBG]  Request did not match any endpoints
[2026-03-17 16:13:56.461 +07:00  DBG]  Connection id "0HNK40M23MK4T" accepted.
[2026-03-17 16:13:56.464 +07:00  DBG]  Connection id "0HNK40M23MK4T" started.
[2026-03-17 16:13:56.745 +07:00  DBG]  Response markup is scheduled to include Browser Link script injection.
[2026-03-17 16:13:56.748 +07:00  DBG]  Response markup is scheduled to include browser refresh script injection.
[2026-03-17 16:13:56.763 +07:00  DBG]  Response markup was updated to include Browser Link script injection.
[2026-03-17 16:13:56.765 +07:00  DBG]  Response markup was updated to include browser refresh script injection.
[2026-03-17 16:13:56.768 +07:00  DBG]  Connection id "0HNK40M23MK4S" completed keep alive response.
[2026-03-17 16:13:56.774 +07:00  INF]  Request finished HTTP/1.1 GET http://localhost:5082/swagger/index.html - 200 null text/html;charset=utf-8 594.2571ms
[2026-03-17 16:13:56.885 +07:00  INF]  Request starting HTTP/1.1 GET http://localhost:5082/swagger/swagger-ui.css - null null
[2026-03-17 16:13:56.885 +07:00  INF]  Request starting HTTP/1.1 GET http://localhost:5082/swagger/index.css - null null
[2026-03-17 16:13:56.885 +07:00  DBG]  Connection id "0HNK40M23MK4U" accepted.
[2026-03-17 16:13:56.893 +07:00  DBG]  No candidates found for the request path '/swagger/swagger-ui.css'
[2026-03-17 16:13:56.897 +07:00  DBG]  No candidates found for the request path '/swagger/index.css'
[2026-03-17 16:13:56.898 +07:00  DBG]  Connection id "0HNK40M23MK4U" started.
[2026-03-17 16:13:56.898 +07:00  DBG]  Connection id "0HNK40M23MK4V" accepted.
[2026-03-17 16:13:56.900 +07:00  DBG]  Request did not match any endpoints
[2026-03-17 16:13:56.903 +07:00  DBG]  Request did not match any endpoints
[2026-03-17 16:13:56.905 +07:00  INF]  Request starting HTTP/1.1 GET http://localhost:5082/swagger/swagger-ui-bundle.js - null null
[2026-03-17 16:13:56.907 +07:00  DBG]  Connection id "0HNK40M23MK4V" started.
[2026-03-17 16:13:56.907 +07:00  DBG]  Connection id "0HNK40M23MK50" accepted.
[2026-03-17 16:13:56.913 +07:00  DBG]  No candidates found for the request path '/swagger/swagger-ui-bundle.js'
[2026-03-17 16:13:56.915 +07:00  INF]  Request starting HTTP/1.1 GET http://localhost:5082/swagger/swagger-ui-standalone-preset.js - null null
[2026-03-17 16:13:56.917 +07:00  DBG]  Connection id "0HNK40M23MK50" started.
[2026-03-17 16:13:56.919 +07:00  DBG]  Request did not match any endpoints
[2026-03-17 16:13:56.920 +07:00  DBG]  Connection id "0HNK40M23MK51" accepted.
[2026-03-17 16:13:56.924 +07:00  DBG]  No candidates found for the request path '/swagger/swagger-ui-standalone-preset.js'
[2026-03-17 16:13:56.926 +07:00  INF]  Request starting HTTP/1.1 GET http://localhost:5082/swagger/index.js - null null
[2026-03-17 16:13:56.930 +07:00  DBG]  Connection id "0HNK40M23MK4T" completed keep alive response.
[2026-03-17 16:13:56.930 +07:00  DBG]  Connection id "0HNK40M23MK4S" completed keep alive response.
[2026-03-17 16:13:56.930 +07:00  DBG]  Connection id "0HNK40M23MK51" started.
[2026-03-17 16:13:56.933 +07:00  DBG]  Request did not match any endpoints
[2026-03-17 16:13:56.939 +07:00  DBG]  No candidates found for the request path '/swagger/index.js'
[2026-03-17 16:13:56.942 +07:00  INF]  Request finished HTTP/1.1 GET http://localhost:5082/swagger/index.css - 200 152 text/css 57.0441ms
[2026-03-17 16:13:56.944 +07:00  INF]  Request finished HTTP/1.1 GET http://localhost:5082/swagger/swagger-ui.css - 200 23647 text/css 59.2363ms
[2026-03-17 16:13:56.947 +07:00  INF]  Request starting HTTP/1.1 GET http://localhost:5082/_framework/aspnetcore-browser-refresh.js - null null
[2026-03-17 16:13:56.951 +07:00  DBG]  Request did not match any endpoints
[2026-03-17 16:13:56.957 +07:00  DBG]  Connection id "0HNK40M23MK4U" completed keep alive response.
[2026-03-17 16:13:56.957 +07:00  DBG]  Connection id "0HNK40M23MK4V" completed keep alive response.
[2026-03-17 16:13:56.966 +07:00  INF]  Request starting HTTP/1.1 GET http://localhost:5082/_vs/browserLink - null null
[2026-03-17 16:13:56.976 +07:00  DBG]  Connection id "0HNK40M23MK51" completed keep alive response.
[2026-03-17 16:13:56.978 +07:00  DBG]  Connection id "0HNK40M23MK50" completed keep alive response.
[2026-03-17 16:13:56.979 +07:00  INF]  Request finished HTTP/1.1 GET http://localhost:5082/swagger/swagger-ui-bundle.js - 200 417980 text/javascript 73.9892ms
[2026-03-17 16:13:56.981 +07:00  INF]  Request finished HTTP/1.1 GET http://localhost:5082/swagger/swagger-ui-standalone-preset.js - 200 70860 text/javascript 66.5083ms
[2026-03-17 16:13:56.989 +07:00  INF]  Request finished HTTP/1.1 GET http://localhost:5082/_framework/aspnetcore-browser-refresh.js - 200 13758 application/javascript; charset=utf-8 41.9329ms
[2026-03-17 16:13:56.993 +07:00  INF]  Request finished HTTP/1.1 GET http://localhost:5082/swagger/index.js - 200 null application/javascript;charset=utf-8 66.169ms
[2026-03-17 16:13:57.060 +07:00  DBG]  Connection id "0HNK40M23MK4S" completed keep alive response.
[2026-03-17 16:13:57.063 +07:00  INF]  Request finished HTTP/1.1 GET http://localhost:5082/_vs/browserLink - 200 null text/javascript; charset=UTF-8 96.9823ms
[2026-03-17 16:13:57.135 +07:00  INF]  Request starting HTTP/1.1 GET http://localhost:5082/.well-known/appspecific/com.chrome.devtools.json - null null
[2026-03-17 16:13:57.144 +07:00  DBG]  No candidates found for the request path '/.well-known/appspecific/com.chrome.devtools.json'
[2026-03-17 16:13:57.147 +07:00  DBG]  Request did not match any endpoints
[2026-03-17 16:13:57.155 +07:00  INF]  No cached response available for this request.
[2026-03-17 16:13:57.234 +07:00  INF]  Request starting HTTP/1.1 GET http://localhost:5082/swagger/v1/swagger.json - null null
[2026-03-17 16:13:57.241 +07:00  DBG]  No candidates found for the request path '/swagger/v1/swagger.json'
[2026-03-17 16:13:57.243 +07:00  DBG]  Request did not match any endpoints
[2026-03-17 16:13:57.557 +07:00  DBG]  Connection id "0HNK40M23MK50" completed keep alive response.
[2026-03-17 16:13:57.561 +07:00  INF]  Request finished HTTP/1.1 GET http://localhost:5082/swagger/v1/swagger.json - 200 null application/json;charset=utf-8 326.4513ms
[2026-03-17 16:13:58.271 +07:00  DBG]  AuthenticationScheme: Bearer was not authenticated.
[2026-03-17 16:13:58.276 +07:00  INF]  HTTP GET /.well-known/appspecific/com.chrome.devtools.json responded 404 in 1114.6903 ms
[2026-03-17 16:13:58.279 +07:00  DBG]  Response is not cacheable because it does not contain the 'public' cache directive.
[2026-03-17 16:13:58.279 +07:00  INF]  The response could not be cached for this request.
[2026-03-17 16:13:58.280 +07:00  DBG]  Connection id "0HNK40M23MK4S" completed keep alive response.
[2026-03-17 16:13:58.282 +07:00  INF]  Request finished HTTP/1.1 GET http://localhost:5082/.well-known/appspecific/com.chrome.devtools.json - 404 0 null 1146.8317ms
[2026-03-17 16:13:58.287 +07:00  INF]  Request reached the end of the middleware pipeline without being handled by application code. Request path: GET http://localhost:5082/.well-known/appspecific/com.chrome.devtools.json, Response status code: 404
[2026-03-17 16:15:29.944 +07:00  DBG]  Registered model binder providers, in the following order: ["Microsoft.AspNetCore.Mvc.ModelBinding.Binders.BinderTypeModelBinderProvider","Microsoft.AspNetCore.Mvc.ModelBinding.Binders.ServicesModelBinderProvider","Microsoft.AspNetCore.Mvc.ModelBinding.Binders.BodyModelBinderProvider","Microsoft.AspNetCore.Mvc.ModelBinding.Binders.HeaderModelBinderProvider","Microsoft.AspNetCore.Mvc.ModelBinding.Binders.FloatingPointTypeModelBinderProvider","Microsoft.AspNetCore.Mvc.ModelBinding.Binders.EnumTypeModelBinderProvider","Microsoft.AspNetCore.Mvc.ModelBinding.Binders.DateTimeModelBinderProvider","Microsoft.AspNetCore.Mvc.ModelBinding.Binders.SimpleTypeModelBinderProvider","Microsoft.AspNetCore.Mvc.ModelBinding.Binders.TryParseModelBinderProvider","Microsoft.AspNetCore.Mvc.ModelBinding.Binders.CancellationTokenModelBinderProvider","Microsoft.AspNetCore.Mvc.ModelBinding.Binders.ByteArrayModelBinderProvider","Microsoft.AspNetCore.Mvc.ModelBinding.Binders.FormFileModelBinderProvider","Microsoft.AspNetCore.Mvc.ModelBinding.Binders.FormCollectionModelBinderProvider","Microsoft.AspNetCore.Mvc.ModelBinding.Binders.KeyValuePairModelBinderProvider","Microsoft.AspNetCore.Mvc.ModelBinding.Binders.DictionaryModelBinderProvider","Microsoft.AspNetCore.Mvc.ModelBinding.Binders.ArrayModelBinderProvider","Microsoft.AspNetCore.Mvc.ModelBinding.Binders.CollectionModelBinderProvider","Microsoft.AspNetCore.Mvc.ModelBinding.Binders.ComplexObjectModelBinderProvider"]
[2026-03-17 16:15:30.157 +07:00  DBG]  Hosting starting
[2026-03-17 16:15:30.245 +07:00  INF]  User profile is available. Using 'C:\Users\PhucTruong\AppData\Local\ASP.NET\DataProtection-Keys' as key repository and Windows DPAPI to encrypt keys at rest.
[2026-03-17 16:15:30.268 +07:00  DBG]  Reading data from file 'C:\Users\PhucTruong\AppData\Local\ASP.NET\DataProtection-Keys\key-1b396550-166d-4963-bbc7-4851fa5ec7da.xml'.
[2026-03-17 16:15:30.297 +07:00  DBG]  Reading data from file 'C:\Users\PhucTruong\AppData\Local\ASP.NET\DataProtection-Keys\key-32eddb85-f176-42d9-8959-f0eba61d82f7.xml'.
[2026-03-17 16:15:30.301 +07:00  DBG]  Reading data from file 'C:\Users\PhucTruong\AppData\Local\ASP.NET\DataProtection-Keys\key-33cf3412-961e-4bd3-ad04-ecb658f583fd.xml'.
[2026-03-17 16:15:30.304 +07:00  DBG]  Reading data from file 'C:\Users\PhucTruong\AppData\Local\ASP.NET\DataProtection-Keys\key-47935f9d-9847-4d4e-874f-a0dd392e9742.xml'.
[2026-03-17 16:15:30.308 +07:00  DBG]  Reading data from file 'C:\Users\PhucTruong\AppData\Local\ASP.NET\DataProtection-Keys\key-75a7f6c5-8341-498c-9634-b4f5280b626e.xml'.
[2026-03-17 16:15:30.310 +07:00  DBG]  Reading data from file 'C:\Users\PhucTruong\AppData\Local\ASP.NET\DataProtection-Keys\key-891896f9-c987-48ed-91d1-0a38007f1ee7.xml'.
[2026-03-17 16:15:30.314 +07:00  DBG]  Reading data from file 'C:\Users\PhucTruong\AppData\Local\ASP.NET\DataProtection-Keys\key-a37f0238-60ae-4529-a4d6-8c184821f545.xml'.
[2026-03-17 16:15:30.320 +07:00  DBG]  Reading data from file 'C:\Users\PhucTruong\AppData\Local\ASP.NET\DataProtection-Keys\key-b44e2774-fbee-4e46-8891-ca8df6aa0cc5.xml'.
[2026-03-17 16:15:30.329 +07:00  DBG]  Reading data from file 'C:\Users\PhucTruong\AppData\Local\ASP.NET\DataProtection-Keys\key-c004ae11-9260-4a42-b6f8-3f324f87369d.xml'.
[2026-03-17 16:15:30.351 +07:00  DBG]  Found key {1b396550-166d-4963-bbc7-4851fa5ec7da}.
[2026-03-17 16:15:30.364 +07:00  DBG]  Found key {32eddb85-f176-42d9-8959-f0eba61d82f7}.
[2026-03-17 16:15:30.370 +07:00  DBG]  Found key {33cf3412-961e-4bd3-ad04-ecb658f583fd}.
[2026-03-17 16:15:30.377 +07:00  DBG]  Found key {47935f9d-9847-4d4e-874f-a0dd392e9742}.
[2026-03-17 16:15:30.383 +07:00  DBG]  Found key {75a7f6c5-8341-498c-9634-b4f5280b626e}.
[2026-03-17 16:15:30.388 +07:00  DBG]  Found key {891896f9-c987-48ed-91d1-0a38007f1ee7}.
[2026-03-17 16:15:30.390 +07:00  DBG]  Found key {a37f0238-60ae-4529-a4d6-8c184821f545}.
[2026-03-17 16:15:30.392 +07:00  DBG]  Found key {b44e2774-fbee-4e46-8891-ca8df6aa0cc5}.
[2026-03-17 16:15:30.395 +07:00  DBG]  Found key {c004ae11-9260-4a42-b6f8-3f324f87369d}.
[2026-03-17 16:15:30.404 +07:00  DBG]  Considering key {a37f0238-60ae-4529-a4d6-8c184821f545} with expiration date 2026-06-04 04:03:36Z as default key.
[2026-03-17 16:15:30.411 +07:00  DBG]  Forwarded activator type request from Microsoft.AspNetCore.DataProtection.XmlEncryption.DpapiXmlDecryptor, Microsoft.AspNetCore.DataProtection, Version=8.0.0.0, Culture=neutral, PublicKeyToken=adb9793829ddae60 to Microsoft.AspNetCore.DataProtection.XmlEncryption.DpapiXmlDecryptor, Microsoft.AspNetCore.DataProtection, Culture=neutral, PublicKeyToken=adb9793829ddae60
[2026-03-17 16:15:30.434 +07:00  DBG]  Decrypting secret element using Windows DPAPI.
[2026-03-17 16:15:30.441 +07:00  DBG]  Forwarded activator type request from Microsoft.AspNetCore.DataProtection.AuthenticatedEncryption.ConfigurationModel.AuthenticatedEncryptorDescriptorDeserializer, Microsoft.AspNetCore.DataProtection, Version=8.0.0.0, Culture=neutral, PublicKeyToken=adb9793829ddae60 to Microsoft.AspNetCore.DataProtection.AuthenticatedEncryption.ConfigurationModel.AuthenticatedEncryptorDescriptorDeserializer, Microsoft.AspNetCore.DataProtection, Culture=neutral, PublicKeyToken=adb9793829ddae60
[2026-03-17 16:15:30.449 +07:00  DBG]  Opening CNG algorithm 'AES' from provider 'null' with chaining mode CBC.
[2026-03-17 16:15:30.453 +07:00  DBG]  Opening CNG algorithm 'SHA256' from provider 'null' with HMAC.
[2026-03-17 16:15:30.462 +07:00  DBG]  Using key {a37f0238-60ae-4529-a4d6-8c184821f545} as the default key.
[2026-03-17 16:15:30.467 +07:00  DBG]  Key ring with default key {a37f0238-60ae-4529-a4d6-8c184821f545} was loaded during application startup.
[2026-03-17 16:15:30.870 +07:00  INF]  Now listening on: http://localhost:5082
[2026-03-17 16:15:30.879 +07:00  INF]  Now listening on: https://localhost:5092
[2026-03-17 16:15:30.885 +07:00  DBG]  Loaded hosting startup assembly QLDA.WebApi
[2026-03-17 16:15:30.889 +07:00  DBG]  Loaded hosting startup assembly Microsoft.WebTools.ApiEndpointDiscovery
[2026-03-17 16:15:30.893 +07:00  DBG]  Loaded hosting startup assembly Microsoft.AspNetCore.Watch.BrowserRefresh
[2026-03-17 16:15:30.902 +07:00  DBG]  Loaded hosting startup assembly Microsoft.WebTools.BrowserLink.Net
[2026-03-17 16:15:31.021 +07:00  INF]  Application started. Press Ctrl+C to shut down.
[2026-03-17 16:15:31.022 +07:00  INF]  Hosting environment: Development
[2026-03-17 16:15:31.029 +07:00  INF]  Content root path: D:\Viet_info\TTCDS\pml\DesktopModules\MVC\QuanLyDuAn\SER\QLDA.WebApi
[2026-03-17 16:15:31.032 +07:00  DBG]  Hosting started
[2026-03-17 16:15:34.003 +07:00  DBG]  Connection id "0HNK40MV90FB9" accepted.
[2026-03-17 16:15:34.028 +07:00  DBG]  Connection id "0HNK40MV90FBA" accepted.
[2026-03-17 16:15:34.028 +07:00  DBG]  Connection id "0HNK40MV90FB9" started.
[2026-03-17 16:15:34.036 +07:00  DBG]  Connection id "0HNK40MV90FBA" started.
[2026-03-17 16:15:34.093 +07:00  DBG]  Connection id "0HNK40MV90FBB" accepted.
[2026-03-17 16:15:34.099 +07:00  DBG]  Connection id "0HNK40MV90FBB" started.
[2026-03-17 16:15:34.108 +07:00  INF]  Request starting HTTP/1.1 GET http://localhost:5082/_framework/aspnetcore-browser-refresh.js - null null
[2026-03-17 16:15:34.108 +07:00  INF]  Request starting HTTP/1.1 GET http://localhost:5082/_vs/browserLink - null null
[2026-03-17 16:15:34.108 +07:00  INF]  Request starting HTTP/1.1 GET http://localhost:5082/.well-known/appspecific/com.chrome.devtools.json - null null
[2026-03-17 16:15:34.137 +07:00  DBG]  Connection id "0HNK40MV90FBA" completed keep alive response.
[2026-03-17 16:15:34.183 +07:00  DBG]  Wildcard detected, all requests with hosts will be allowed.
[2026-03-17 16:15:34.184 +07:00  INF]  Request finished HTTP/1.1 GET http://localhost:5082/_framework/aspnetcore-browser-refresh.js - 200 13758 application/javascript; charset=utf-8 88.1976ms
[2026-03-17 16:15:34.250 +07:00  DBG]  Connection id "0HNK40MV90FBB" completed keep alive response.
[2026-03-17 16:15:34.256 +07:00  INF]  Request finished HTTP/1.1 GET http://localhost:5082/_vs/browserLink - 200 null text/javascript; charset=UTF-8 148.5227ms
[2026-03-17 16:15:34.257 +07:00  DBG]  No candidates found for the request path '/.well-known/appspecific/com.chrome.devtools.json'
[2026-03-17 16:15:34.278 +07:00  DBG]  Request did not match any endpoints
[2026-03-17 16:15:34.324 +07:00  INF]  Request starting HTTP/1.1 GET http://localhost:5082/swagger/v1/swagger.json - null null
[2026-03-17 16:15:34.328 +07:00  INF]  No cached response available for this request.
[2026-03-17 16:15:34.330 +07:00  DBG]  No candidates found for the request path '/swagger/v1/swagger.json'
[2026-03-17 16:15:34.345 +07:00  DBG]  Request did not match any endpoints
[2026-03-17 16:15:34.345 +07:00  INF]  Request starting HTTP/1.1 GET http://localhost:5082/swagger/favicon-32x32.png - null null
[2026-03-17 16:15:34.363 +07:00  DBG]  No candidates found for the request path '/swagger/favicon-32x32.png'
[2026-03-17 16:15:34.377 +07:00  DBG]  Request did not match any endpoints
[2026-03-17 16:15:34.416 +07:00  DBG]  AuthenticationScheme: Bearer was not authenticated.
[2026-03-17 16:15:34.417 +07:00  DBG]  Connection id "0HNK40MV90FBA" completed keep alive response.
[2026-03-17 16:15:34.433 +07:00  INF]  Request finished HTTP/1.1 GET http://localhost:5082/swagger/favicon-32x32.png - 200 628 image/png 87.2206ms
[2026-03-17 16:15:34.432 +07:00  INF]  HTTP GET /.well-known/appspecific/com.chrome.devtools.json responded 404 in 80.5220 ms
[2026-03-17 16:15:34.448 +07:00  DBG]  Response is not cacheable because it does not contain the 'public' cache directive.
[2026-03-17 16:15:34.451 +07:00  INF]  The response could not be cached for this request.
[2026-03-17 16:15:34.457 +07:00  DBG]  Connection id "0HNK40MV90FB9" completed keep alive response.
[2026-03-17 16:15:34.460 +07:00  INF]  Request finished HTTP/1.1 GET http://localhost:5082/.well-known/appspecific/com.chrome.devtools.json - 404 0 null 365.7137ms
[2026-03-17 16:15:34.466 +07:00  INF]  Request reached the end of the middleware pipeline without being handled by application code. Request path: GET http://localhost:5082/.well-known/appspecific/com.chrome.devtools.json, Response status code: 404
[2026-03-17 16:15:34.779 +07:00  DBG]  Connection id "0HNK40MV90FBB" completed keep alive response.
[2026-03-17 16:15:34.785 +07:00  INF]  Request finished HTTP/1.1 GET http://localhost:5082/swagger/v1/swagger.json - 200 null application/json;charset=utf-8 469.0374ms
[2026-03-17 16:22:24.616 +07:00  DBG]  Connection id "0HNK40MV90FB9" received FIN.
[2026-03-17 16:22:24.616 +07:00  DBG]  Connection id "0HNK40MV90FBA" received FIN.
[2026-03-17 16:22:24.616 +07:00  DBG]  Connection id "0HNK40MV90FBB" received FIN.
[2026-03-17 16:22:24.671 +07:00  DBG]  Connection id "0HNK40MV90FB9" disconnecting.
[2026-03-17 16:22:24.690 +07:00  DBG]  Connection id "0HNK40MV90FBA" sending FIN because: "The Socket transport's send loop completed gracefully."
[2026-03-17 16:22:24.697 +07:00  DBG]  Connection id "0HNK40MV90FBB" disconnecting.
[2026-03-17 16:22:24.738 +07:00  DBG]  Connection id "0HNK40MV90FBA" disconnecting.
[2026-03-17 16:22:24.751 +07:00  DBG]  Connection id "0HNK40MV90FBB" sending FIN because: "The Socket transport's send loop completed gracefully."
[2026-03-17 16:22:24.720 +07:00  DBG]  Connection id "0HNK40MV90FB9" sending FIN because: "The Socket transport's send loop completed gracefully."
[2026-03-17 16:22:24.768 +07:00  DBG]  Connection id "0HNK40MV90FBA" stopped.
[2026-03-17 16:22:24.781 +07:00  DBG]  Connection id "0HNK40MV90FB9" stopped.
[2026-03-17 16:22:24.781 +07:00  DBG]  Connection id "0HNK40MV90FBB" stopped.
