[2026-03-13 10:34:14.567 +07:00  DBG]  Connection id "0HNJV90SL5KK5" accepted.
[2026-03-13 10:34:14.652 +07:00  DBG]  Connection id "0HNJV90SL5KK5" started.
[2026-03-13 10:34:14.654 +07:00  DBG]  Connection id "0HNJV90SL5KK6" accepted.
[2026-03-13 10:34:14.658 +07:00  DBG]  Connection id "0HNJV90SL5KK6" started.
[2026-03-13 10:34:14.660 +07:00  DBG]  Connection id "0HNJV90SL5KK7" accepted.
[2026-03-13 10:34:14.664 +07:00  DBG]  Connection id "0HNJV90SL5KK7" started.
[2026-03-13 10:34:14.664 +07:00  DBG]  Connection id "0HNJV90SL5KK8" accepted.
[2026-03-13 10:34:14.669 +07:00  DBG]  Connection id "0HNJV90SL5KK8" started.
[2026-03-13 10:34:14.671 +07:00  INF]  Request starting HTTP/1.1 GET http://localhost:5082/swagger/index.css - null null
[2026-03-13 10:34:14.671 +07:00  INF]  Request starting HTTP/1.1 GET http://localhost:5082/swagger/swagger-ui-bundle.js - null null
[2026-03-13 10:34:14.671 +07:00  INF]  Request starting HTTP/1.1 GET http://localhost:5082/swagger/swagger-ui.css - null null
[2026-03-13 10:34:14.671 +07:00  DBG]  Connection id "0HNJV90SL5KK9" accepted.
[2026-03-13 10:34:14.673 +07:00  INF]  Request starting HTTP/1.1 GET http://localhost:5082/swagger/swagger-ui-standalone-preset.js - null null
[2026-03-13 10:34:14.684 +07:00  DBG]  No candidates found for the request path '/swagger/index.css'
[2026-03-13 10:34:14.687 +07:00  DBG]  No candidates found for the request path '/swagger/swagger-ui-bundle.js'
[2026-03-13 10:34:14.693 +07:00  DBG]  No candidates found for the request path '/swagger/swagger-ui.css'
[2026-03-13 10:34:14.695 +07:00  DBG]  Connection id "0HNJV90SL5KK9" started.
[2026-03-13 10:34:14.700 +07:00  DBG]  No candidates found for the request path '/swagger/swagger-ui-standalone-preset.js'
[2026-03-13 10:34:14.702 +07:00  DBG]  Request did not match any endpoints
[2026-03-13 10:34:14.703 +07:00  DBG]  Request did not match any endpoints
[2026-03-13 10:34:14.705 +07:00  DBG]  Request did not match any endpoints
[2026-03-13 10:34:14.708 +07:00  INF]  Request starting HTTP/1.1 GET http://localhost:5082/swagger/index.js - null null
[2026-03-13 10:34:14.709 +07:00  DBG]  Request did not match any endpoints
[2026-03-13 10:34:14.719 +07:00  DBG]  No candidates found for the request path '/swagger/index.js'
[2026-03-13 10:34:14.724 +07:00  DBG]  Request did not match any endpoints
[2026-03-13 10:34:14.730 +07:00  DBG]  Connection id "0HNJV90SL5KK6" completed keep alive response.
[2026-03-13 10:34:14.730 +07:00  DBG]  Connection id "0HNJV90SL5KK5" completed keep alive response.
[2026-03-13 10:34:14.732 +07:00  DBG]  Connection id "0HNJV90SL5KK8" completed keep alive response.
[2026-03-13 10:34:14.734 +07:00  INF]  Request finished HTTP/1.1 GET http://localhost:5082/swagger/index.css - 200 152 text/css 63.358ms
[2026-03-13 10:34:14.736 +07:00  INF]  Request finished HTTP/1.1 GET http://localhost:5082/swagger/swagger-ui.css - 200 23647 text/css 66.0935ms
[2026-03-13 10:34:14.738 +07:00  INF]  Request finished HTTP/1.1 GET http://localhost:5082/swagger/swagger-ui-standalone-preset.js - 200 70860 text/javascript 65.1959ms
[2026-03-13 10:34:14.739 +07:00  DBG]  Connection id "0HNJV90SL5KK9" completed keep alive response.
[2026-03-13 10:34:14.742 +07:00  DBG]  Connection id "0HNJV90SL5KK7" completed keep alive response.
[2026-03-13 10:34:14.765 +07:00  INF]  Request finished HTTP/1.1 GET http://localhost:5082/swagger/index.js - 200 null application/javascript;charset=utf-8 57.8836ms
[2026-03-13 10:34:14.767 +07:00  INF]  Request finished HTTP/1.1 GET http://localhost:5082/swagger/swagger-ui-bundle.js - 200 417980 text/javascript 97.2059ms
[2026-03-13 10:34:14.901 +07:00  INF]  Request starting HTTP/1.1 GET http://localhost:5082/swagger/v1/swagger.json - null null
[2026-03-13 10:34:14.907 +07:00  DBG]  No candidates found for the request path '/swagger/v1/swagger.json'
[2026-03-13 10:34:14.910 +07:00  DBG]  Request did not match any endpoints
[2026-03-13 10:34:15.783 +07:00  DBG]  Connection id "0HNJV90SL5KK7" completed keep alive response.
[2026-03-13 10:34:15.804 +07:00  INF]  Request finished HTTP/1.1 GET http://localhost:5082/swagger/v1/swagger.json - 200 null application/json;charset=utf-8 903.1156ms
[2026-03-13 10:36:26.720 +07:00  DBG]  Connection id "0HNJV90SL5KK6" disconnecting.
[2026-03-13 10:36:26.720 +07:00  DBG]  Connection id "0HNJV90SL5KK8" disconnecting.
[2026-03-13 10:36:26.721 +07:00  DBG]  Connection id "0HNJV90SL5KK9" disconnecting.
[2026-03-13 10:36:26.722 +07:00  DBG]  Connection id "0HNJV90SL5KK5" disconnecting.
[2026-03-13 10:36:26.729 +07:00  DBG]  Connection id "0HNJV90SL5KK6" stopped.
[2026-03-13 10:36:26.735 +07:00  DBG]  Connection id "0HNJV90SL5KK8" stopped.
[2026-03-13 10:36:26.743 +07:00  DBG]  Connection id "0HNJV90SL5KK9" stopped.
[2026-03-13 10:36:26.749 +07:00  DBG]  Connection id "0HNJV90SL5KK5" stopped.
[2026-03-13 10:36:26.757 +07:00  DBG]  Connection id "0HNJV90SL5KK6" sending FIN because: "The Socket transport's send loop completed gracefully."
[2026-03-13 10:36:26.763 +07:00  DBG]  Connection id "0HNJV90SL5KK8" sending FIN because: "The Socket transport's send loop completed gracefully."
[2026-03-13 10:36:26.768 +07:00  DBG]  Connection id "0HNJV90SL5KK9" sending FIN because: "The Socket transport's send loop completed gracefully."
[2026-03-13 10:36:26.770 +07:00  DBG]  Connection id "0HNJV90SL5KK5" sending FIN because: "The Socket transport's send loop completed gracefully."
[2026-03-13 10:36:27.720 +07:00  DBG]  Connection id "0HNJV90SL5KK7" disconnecting.
[2026-03-13 10:36:27.725 +07:00  DBG]  Connection id "0HNJV90SL5KK7" stopped.
[2026-03-13 10:36:27.727 +07:00  DBG]  Connection id "0HNJV90SL5KK7" sending FIN because: "The Socket transport's send loop completed gracefully."
