[2026-03-06 11:03:36.115 +07:00  DBG]  Registered model binder providers, in the following order: ["Microsoft.AspNetCore.Mvc.ModelBinding.Binders.BinderTypeModelBinderProvider","Microsoft.AspNetCore.Mvc.ModelBinding.Binders.ServicesModelBinderProvider","Microsoft.AspNetCore.Mvc.ModelBinding.Binders.BodyModelBinderProvider","Microsoft.AspNetCore.Mvc.ModelBinding.Binders.HeaderModelBinderProvider","Microsoft.AspNetCore.Mvc.ModelBinding.Binders.FloatingPointTypeModelBinderProvider","Microsoft.AspNetCore.Mvc.ModelBinding.Binders.EnumTypeModelBinderProvider","Microsoft.AspNetCore.Mvc.ModelBinding.Binders.DateTimeModelBinderProvider","Microsoft.AspNetCore.Mvc.ModelBinding.Binders.SimpleTypeModelBinderProvider","Microsoft.AspNetCore.Mvc.ModelBinding.Binders.TryParseModelBinderProvider","Microsoft.AspNetCore.Mvc.ModelBinding.Binders.CancellationTokenModelBinderProvider","Microsoft.AspNetCore.Mvc.ModelBinding.Binders.ByteArrayModelBinderProvider","Microsoft.AspNetCore.Mvc.ModelBinding.Binders.FormFileModelBinderProvider","Microsoft.AspNetCore.Mvc.ModelBinding.Binders.FormCollectionModelBinderProvider","Microsoft.AspNetCore.Mvc.ModelBinding.Binders.KeyValuePairModelBinderProvider","Microsoft.AspNetCore.Mvc.ModelBinding.Binders.DictionaryModelBinderProvider","Microsoft.AspNetCore.Mvc.ModelBinding.Binders.ArrayModelBinderProvider","Microsoft.AspNetCore.Mvc.ModelBinding.Binders.CollectionModelBinderProvider","Microsoft.AspNetCore.Mvc.ModelBinding.Binders.ComplexObjectModelBinderProvider"]
[2026-03-06 11:03:36.383 +07:00  DBG]  Hosting starting
[2026-03-06 11:03:36.480 +07:00  INF]  User profile is available. Using 'C:\Users\PhucTruong\AppData\Local\ASP.NET\DataProtection-Keys' as key repository and Windows DPAPI to encrypt keys at rest.
[2026-03-06 11:03:36.498 +07:00  DBG]  Reading data from file 'C:\Users\PhucTruong\AppData\Local\ASP.NET\DataProtection-Keys\key-1b396550-166d-4963-bbc7-4851fa5ec7da.xml'.
[2026-03-06 11:03:36.544 +07:00  DBG]  Reading data from file 'C:\Users\PhucTruong\AppData\Local\ASP.NET\DataProtection-Keys\key-32eddb85-f176-42d9-8959-f0eba61d82f7.xml'.
[2026-03-06 11:03:36.568 +07:00  DBG]  Reading data from file 'C:\Users\PhucTruong\AppData\Local\ASP.NET\DataProtection-Keys\key-33cf3412-961e-4bd3-ad04-ecb658f583fd.xml'.
[2026-03-06 11:03:36.588 +07:00  DBG]  Reading data from file 'C:\Users\PhucTruong\AppData\Local\ASP.NET\DataProtection-Keys\key-47935f9d-9847-4d4e-874f-a0dd392e9742.xml'.
[2026-03-06 11:03:36.628 +07:00  DBG]  Reading data from file 'C:\Users\PhucTruong\AppData\Local\ASP.NET\DataProtection-Keys\key-75a7f6c5-8341-498c-9634-b4f5280b626e.xml'.
[2026-03-06 11:03:36.655 +07:00  DBG]  Reading data from file 'C:\Users\PhucTruong\AppData\Local\ASP.NET\DataProtection-Keys\key-891896f9-c987-48ed-91d1-0a38007f1ee7.xml'.
[2026-03-06 11:03:36.687 +07:00  DBG]  Reading data from file 'C:\Users\PhucTruong\AppData\Local\ASP.NET\DataProtection-Keys\key-b44e2774-fbee-4e46-8891-ca8df6aa0cc5.xml'.
[2026-03-06 11:03:36.723 +07:00  DBG]  Reading data from file 'C:\Users\PhucTruong\AppData\Local\ASP.NET\DataProtection-Keys\key-c004ae11-9260-4a42-b6f8-3f324f87369d.xml'.
[2026-03-06 11:03:36.756 +07:00  DBG]  Found key {1b396550-166d-4963-bbc7-4851fa5ec7da}.
[2026-03-06 11:03:36.767 +07:00  DBG]  Found key {32eddb85-f176-42d9-8959-f0eba61d82f7}.
[2026-03-06 11:03:36.773 +07:00  DBG]  Found key {33cf3412-961e-4bd3-ad04-ecb658f583fd}.
[2026-03-06 11:03:36.779 +07:00  DBG]  Found key {47935f9d-9847-4d4e-874f-a0dd392e9742}.
[2026-03-06 11:03:36.783 +07:00  DBG]  Found key {75a7f6c5-8341-498c-9634-b4f5280b626e}.
[2026-03-06 11:03:36.791 +07:00  DBG]  Found key {891896f9-c987-48ed-91d1-0a38007f1ee7}.
[2026-03-06 11:03:36.797 +07:00  DBG]  Found key {b44e2774-fbee-4e46-8891-ca8df6aa0cc5}.
[2026-03-06 11:03:36.806 +07:00  DBG]  Found key {c004ae11-9260-4a42-b6f8-3f324f87369d}.
[2026-03-06 11:03:36.825 +07:00  DBG]  Considering key {75a7f6c5-8341-498c-9634-b4f5280b626e} with expiration date 2025-06-08 02:41:48Z as default key.
[2026-03-06 11:03:36.835 +07:00  DBG]  Key {75a7f6c5-8341-498c-9634-b4f5280b626e} is no longer under consideration as default key because it is expired, revoked, or cannot be deciphered.
[2026-03-06 11:03:36.842 +07:00  DBG]  Forwarded activator type request from Microsoft.AspNetCore.DataProtection.XmlEncryption.DpapiXmlDecryptor, Microsoft.AspNetCore.DataProtection, Version=6.0.0.0, Culture=neutral, PublicKeyToken=adb9793829ddae60 to Microsoft.AspNetCore.DataProtection.XmlEncryption.DpapiXmlDecryptor, Microsoft.AspNetCore.DataProtection, Culture=neutral, PublicKeyToken=adb9793829ddae60
[2026-03-06 11:03:36.850 +07:00  DBG]  Decrypting secret element using Windows DPAPI.
[2026-03-06 11:03:36.856 +07:00  DBG]  Forwarded activator type request from Microsoft.AspNetCore.DataProtection.AuthenticatedEncryption.ConfigurationModel.AuthenticatedEncryptorDescriptorDeserializer, Microsoft.AspNetCore.DataProtection, Version=6.0.0.0, Culture=neutral, PublicKeyToken=adb9793829ddae60 to Microsoft.AspNetCore.DataProtection.AuthenticatedEncryption.ConfigurationModel.AuthenticatedEncryptorDescriptorDeserializer, Microsoft.AspNetCore.DataProtection, Culture=neutral, PublicKeyToken=adb9793829ddae60
[2026-03-06 11:03:36.866 +07:00  DBG]  Opening CNG algorithm 'AES' from provider 'null' with chaining mode CBC.
[2026-03-06 11:03:36.874 +07:00  DBG]  Opening CNG algorithm 'SHA256' from provider 'null' with HMAC.
[2026-03-06 11:03:36.878 +07:00  DBG]  Repository contains no viable default key. Caller should generate a key with immediate activation.
[2026-03-06 11:03:36.882 +07:00  DBG]  Policy resolution states that a new key should be added to the key ring.
[2026-03-06 11:03:36.890 +07:00  INF]  Creating key {a37f0238-60ae-4529-a4d6-8c184821f545} with creation date 2026-03-06 04:03:36Z, activation date 2026-03-06 04:03:36Z, and expiration date 2026-06-04 04:03:36Z.
[2026-03-06 11:03:36.898 +07:00  DBG]  Descriptor deserializer type for key {a37f0238-60ae-4529-a4d6-8c184821f545} is 'Microsoft.AspNetCore.DataProtection.AuthenticatedEncryption.ConfigurationModel.AuthenticatedEncryptorDescriptorDeserializer, Microsoft.AspNetCore.DataProtection, Version=8.0.0.0, Culture=neutral, PublicKeyToken=adb9793829ddae60'.
[2026-03-06 11:03:36.908 +07:00  DBG]  No key escrow sink found. Not writing key {a37f0238-60ae-4529-a4d6-8c184821f545} to escrow.
[2026-03-06 11:03:36.921 +07:00  DBG]  Encrypting to Windows DPAPI for current user account (DESKTOP-K8IDPOG\PhucTruong).
[2026-03-06 11:03:36.927 +07:00  INF]  Writing data to file 'C:\Users\PhucTruong\AppData\Local\ASP.NET\DataProtection-Keys\key-a37f0238-60ae-4529-a4d6-8c184821f545.xml'.
[2026-03-06 11:03:36.935 +07:00  DBG]  Key cache expiration token triggered by 'CreateNewKey' operation.
[2026-03-06 11:03:36.941 +07:00  DBG]  Reading data from file 'C:\Users\PhucTruong\AppData\Local\ASP.NET\DataProtection-Keys\key-1b396550-166d-4963-bbc7-4851fa5ec7da.xml'.
[2026-03-06 11:03:36.949 +07:00  DBG]  Reading data from file 'C:\Users\PhucTruong\AppData\Local\ASP.NET\DataProtection-Keys\key-32eddb85-f176-42d9-8959-f0eba61d82f7.xml'.
[2026-03-06 11:03:36.957 +07:00  DBG]  Reading data from file 'C:\Users\PhucTruong\AppData\Local\ASP.NET\DataProtection-Keys\key-33cf3412-961e-4bd3-ad04-ecb658f583fd.xml'.
[2026-03-06 11:03:36.966 +07:00  DBG]  Reading data from file 'C:\Users\PhucTruong\AppData\Local\ASP.NET\DataProtection-Keys\key-47935f9d-9847-4d4e-874f-a0dd392e9742.xml'.
[2026-03-06 11:03:36.974 +07:00  DBG]  Reading data from file 'C:\Users\PhucTruong\AppData\Local\ASP.NET\DataProtection-Keys\key-75a7f6c5-8341-498c-9634-b4f5280b626e.xml'.
[2026-03-06 11:03:36.982 +07:00  DBG]  Reading data from file 'C:\Users\PhucTruong\AppData\Local\ASP.NET\DataProtection-Keys\key-891896f9-c987-48ed-91d1-0a38007f1ee7.xml'.
[2026-03-06 11:03:36.988 +07:00  DBG]  Reading data from file 'C:\Users\PhucTruong\AppData\Local\ASP.NET\DataProtection-Keys\key-a37f0238-60ae-4529-a4d6-8c184821f545.xml'.
[2026-03-06 11:03:36.994 +07:00  DBG]  Reading data from file 'C:\Users\PhucTruong\AppData\Local\ASP.NET\DataProtection-Keys\key-b44e2774-fbee-4e46-8891-ca8df6aa0cc5.xml'.
[2026-03-06 11:03:37.001 +07:00  DBG]  Reading data from file 'C:\Users\PhucTruong\AppData\Local\ASP.NET\DataProtection-Keys\key-c004ae11-9260-4a42-b6f8-3f324f87369d.xml'.
[2026-03-06 11:03:37.006 +07:00  DBG]  Found key {1b396550-166d-4963-bbc7-4851fa5ec7da}.
[2026-03-06 11:03:37.011 +07:00  DBG]  Found key {32eddb85-f176-42d9-8959-f0eba61d82f7}.
[2026-03-06 11:03:37.016 +07:00  DBG]  Found key {33cf3412-961e-4bd3-ad04-ecb658f583fd}.
[2026-03-06 11:03:37.022 +07:00  DBG]  Found key {47935f9d-9847-4d4e-874f-a0dd392e9742}.
[2026-03-06 11:03:37.028 +07:00  DBG]  Found key {75a7f6c5-8341-498c-9634-b4f5280b626e}.
[2026-03-06 11:03:37.034 +07:00  DBG]  Found key {891896f9-c987-48ed-91d1-0a38007f1ee7}.
[2026-03-06 11:03:37.040 +07:00  DBG]  Found key {a37f0238-60ae-4529-a4d6-8c184821f545}.
[2026-03-06 11:03:37.047 +07:00  DBG]  Found key {b44e2774-fbee-4e46-8891-ca8df6aa0cc5}.
[2026-03-06 11:03:37.051 +07:00  DBG]  Found key {c004ae11-9260-4a42-b6f8-3f324f87369d}.
[2026-03-06 11:03:37.053 +07:00  DBG]  Considering key {a37f0238-60ae-4529-a4d6-8c184821f545} with expiration date 2026-06-04 04:03:36Z as default key.
[2026-03-06 11:03:37.056 +07:00  DBG]  Forwarded activator type request from Microsoft.AspNetCore.DataProtection.XmlEncryption.DpapiXmlDecryptor, Microsoft.AspNetCore.DataProtection, Version=8.0.0.0, Culture=neutral, PublicKeyToken=adb9793829ddae60 to Microsoft.AspNetCore.DataProtection.XmlEncryption.DpapiXmlDecryptor, Microsoft.AspNetCore.DataProtection, Culture=neutral, PublicKeyToken=adb9793829ddae60
[2026-03-06 11:03:37.063 +07:00  DBG]  Decrypting secret element using Windows DPAPI.
[2026-03-06 11:03:37.069 +07:00  DBG]  Forwarded activator type request from Microsoft.AspNetCore.DataProtection.AuthenticatedEncryption.ConfigurationModel.AuthenticatedEncryptorDescriptorDeserializer, Microsoft.AspNetCore.DataProtection, Version=8.0.0.0, Culture=neutral, PublicKeyToken=adb9793829ddae60 to Microsoft.AspNetCore.DataProtection.AuthenticatedEncryption.ConfigurationModel.AuthenticatedEncryptorDescriptorDeserializer, Microsoft.AspNetCore.DataProtection, Culture=neutral, PublicKeyToken=adb9793829ddae60
[2026-03-06 11:03:37.076 +07:00  DBG]  Opening CNG algorithm 'AES' from provider 'null' with chaining mode CBC.
[2026-03-06 11:03:37.085 +07:00  DBG]  Opening CNG algorithm 'SHA256' from provider 'null' with HMAC.
[2026-03-06 11:03:37.092 +07:00  DBG]  Using key {a37f0238-60ae-4529-a4d6-8c184821f545} as the default key.
[2026-03-06 11:03:37.098 +07:00  DBG]  Key ring with default key {a37f0238-60ae-4529-a4d6-8c184821f545} was loaded during application startup.
[2026-03-06 11:03:37.692 +07:00  INF]  Now listening on: http://localhost:5082
[2026-03-06 11:03:37.713 +07:00  INF]  Now listening on: https://localhost:5092
[2026-03-06 11:03:37.722 +07:00  DBG]  Loaded hosting startup assembly QLDA.WebApi
[2026-03-06 11:03:37.734 +07:00  DBG]  Loaded hosting startup assembly Microsoft.WebTools.ApiEndpointDiscovery
[2026-03-06 11:03:37.755 +07:00  DBG]  Loaded hosting startup assembly Microsoft.AspNetCore.Watch.BrowserRefresh
[2026-03-06 11:03:37.816 +07:00  DBG]  Loaded hosting startup assembly Microsoft.WebTools.BrowserLink.Net
[2026-03-06 11:03:37.993 +07:00  INF]  Application started. Press Ctrl+C to shut down.
[2026-03-06 11:03:38.010 +07:00  INF]  Hosting environment: Development
[2026-03-06 11:03:38.028 +07:00  INF]  Content root path: D:\Viet_info\TTCDS\pml\DesktopModules\MVC\QuanLyDuAn\SER\QLDA.WebApi
[2026-03-06 11:03:38.040 +07:00  DBG]  Hosting started
