[2026-03-11 15:23:50.253 +07:00  DBG]  Registered model binder providers, in the following order: ["Microsoft.AspNetCore.Mvc.ModelBinding.Binders.BinderTypeModelBinderProvider","Microsoft.AspNetCore.Mvc.ModelBinding.Binders.ServicesModelBinderProvider","Microsoft.AspNetCore.Mvc.ModelBinding.Binders.BodyModelBinderProvider","Microsoft.AspNetCore.Mvc.ModelBinding.Binders.HeaderModelBinderProvider","Microsoft.AspNetCore.Mvc.ModelBinding.Binders.FloatingPointTypeModelBinderProvider","Microsoft.AspNetCore.Mvc.ModelBinding.Binders.EnumTypeModelBinderProvider","Microsoft.AspNetCore.Mvc.ModelBinding.Binders.DateTimeModelBinderProvider","Microsoft.AspNetCore.Mvc.ModelBinding.Binders.SimpleTypeModelBinderProvider","Microsoft.AspNetCore.Mvc.ModelBinding.Binders.TryParseModelBinderProvider","Microsoft.AspNetCore.Mvc.ModelBinding.Binders.CancellationTokenModelBinderProvider","Microsoft.AspNetCore.Mvc.ModelBinding.Binders.ByteArrayModelBinderProvider","Microsoft.AspNetCore.Mvc.ModelBinding.Binders.FormFileModelBinderProvider","Microsoft.AspNetCore.Mvc.ModelBinding.Binders.FormCollectionModelBinderProvider","Microsoft.AspNetCore.Mvc.ModelBinding.Binders.KeyValuePairModelBinderProvider","Microsoft.AspNetCore.Mvc.ModelBinding.Binders.DictionaryModelBinderProvider","Microsoft.AspNetCore.Mvc.ModelBinding.Binders.ArrayModelBinderProvider","Microsoft.AspNetCore.Mvc.ModelBinding.Binders.CollectionModelBinderProvider","Microsoft.AspNetCore.Mvc.ModelBinding.Binders.ComplexObjectModelBinderProvider"]
[2026-03-11 15:23:50.472 +07:00  DBG]  Hosting starting
[2026-03-11 15:23:50.546 +07:00  INF]  User profile is available. Using 'C:\Users\PhucTruong\AppData\Local\ASP.NET\DataProtection-Keys' as key repository and Windows DPAPI to encrypt keys at rest.
[2026-03-11 15:23:50.563 +07:00  DBG]  Reading data from file 'C:\Users\PhucTruong\AppData\Local\ASP.NET\DataProtection-Keys\key-1b396550-166d-4963-bbc7-4851fa5ec7da.xml'.
[2026-03-11 15:23:50.604 +07:00  DBG]  Reading data from file 'C:\Users\PhucTruong\AppData\Local\ASP.NET\DataProtection-Keys\key-32eddb85-f176-42d9-8959-f0eba61d82f7.xml'.
[2026-03-11 15:23:50.626 +07:00  DBG]  Reading data from file 'C:\Users\PhucTruong\AppData\Local\ASP.NET\DataProtection-Keys\key-33cf3412-961e-4bd3-ad04-ecb658f583fd.xml'.
[2026-03-11 15:23:50.657 +07:00  DBG]  Reading data from file 'C:\Users\PhucTruong\AppData\Local\ASP.NET\DataProtection-Keys\key-47935f9d-9847-4d4e-874f-a0dd392e9742.xml'.
[2026-03-11 15:23:50.688 +07:00  DBG]  Reading data from file 'C:\Users\PhucTruong\AppData\Local\ASP.NET\DataProtection-Keys\key-75a7f6c5-8341-498c-9634-b4f5280b626e.xml'.
[2026-03-11 15:23:50.720 +07:00  DBG]  Reading data from file 'C:\Users\PhucTruong\AppData\Local\ASP.NET\DataProtection-Keys\key-891896f9-c987-48ed-91d1-0a38007f1ee7.xml'.
[2026-03-11 15:23:50.751 +07:00  DBG]  Reading data from file 'C:\Users\PhucTruong\AppData\Local\ASP.NET\DataProtection-Keys\key-a37f0238-60ae-4529-a4d6-8c184821f545.xml'.
[2026-03-11 15:23:50.780 +07:00  DBG]  Reading data from file 'C:\Users\PhucTruong\AppData\Local\ASP.NET\DataProtection-Keys\key-b44e2774-fbee-4e46-8891-ca8df6aa0cc5.xml'.
[2026-03-11 15:23:50.807 +07:00  DBG]  Reading data from file 'C:\Users\PhucTruong\AppData\Local\ASP.NET\DataProtection-Keys\key-c004ae11-9260-4a42-b6f8-3f324f87369d.xml'.
[2026-03-11 15:23:50.843 +07:00  DBG]  Found key {1b396550-166d-4963-bbc7-4851fa5ec7da}.
[2026-03-11 15:23:50.856 +07:00  DBG]  Found key {32eddb85-f176-42d9-8959-f0eba61d82f7}.
[2026-03-11 15:23:50.862 +07:00  DBG]  Found key {33cf3412-961e-4bd3-ad04-ecb658f583fd}.
[2026-03-11 15:23:50.867 +07:00  DBG]  Found key {47935f9d-9847-4d4e-874f-a0dd392e9742}.
[2026-03-11 15:23:50.871 +07:00  DBG]  Found key {75a7f6c5-8341-498c-9634-b4f5280b626e}.
[2026-03-11 15:23:50.874 +07:00  DBG]  Found key {891896f9-c987-48ed-91d1-0a38007f1ee7}.
[2026-03-11 15:23:50.878 +07:00  DBG]  Found key {a37f0238-60ae-4529-a4d6-8c184821f545}.
[2026-03-11 15:23:50.883 +07:00  DBG]  Found key {b44e2774-fbee-4e46-8891-ca8df6aa0cc5}.
[2026-03-11 15:23:50.886 +07:00  DBG]  Found key {c004ae11-9260-4a42-b6f8-3f324f87369d}.
[2026-03-11 15:23:50.898 +07:00  DBG]  Considering key {a37f0238-60ae-4529-a4d6-8c184821f545} with expiration date 2026-06-04 04:03:36Z as default key.
[2026-03-11 15:23:50.906 +07:00  DBG]  Forwarded activator type request from Microsoft.AspNetCore.DataProtection.XmlEncryption.DpapiXmlDecryptor, Microsoft.AspNetCore.DataProtection, Version=8.0.0.0, Culture=neutral, PublicKeyToken=adb9793829ddae60 to Microsoft.AspNetCore.DataProtection.XmlEncryption.DpapiXmlDecryptor, Microsoft.AspNetCore.DataProtection, Culture=neutral, PublicKeyToken=adb9793829ddae60
[2026-03-11 15:23:50.913 +07:00  DBG]  Decrypting secret element using Windows DPAPI.
[2026-03-11 15:23:50.917 +07:00  DBG]  Forwarded activator type request from Microsoft.AspNetCore.DataProtection.AuthenticatedEncryption.ConfigurationModel.AuthenticatedEncryptorDescriptorDeserializer, Microsoft.AspNetCore.DataProtection, Version=8.0.0.0, Culture=neutral, PublicKeyToken=adb9793829ddae60 to Microsoft.AspNetCore.DataProtection.AuthenticatedEncryption.ConfigurationModel.AuthenticatedEncryptorDescriptorDeserializer, Microsoft.AspNetCore.DataProtection, Culture=neutral, PublicKeyToken=adb9793829ddae60
[2026-03-11 15:23:50.925 +07:00  DBG]  Opening CNG algorithm 'AES' from provider 'null' with chaining mode CBC.
[2026-03-11 15:23:50.930 +07:00  DBG]  Opening CNG algorithm 'SHA256' from provider 'null' with HMAC.
[2026-03-11 15:23:50.935 +07:00  DBG]  Using key {a37f0238-60ae-4529-a4d6-8c184821f545} as the default key.
[2026-03-11 15:23:50.942 +07:00  DBG]  Key ring with default key {a37f0238-60ae-4529-a4d6-8c184821f545} was loaded during application startup.
[2026-03-11 15:23:51.299 +07:00  INF]  Now listening on: http://localhost:5082
[2026-03-11 15:23:51.301 +07:00  INF]  Now listening on: https://localhost:5092
[2026-03-11 15:23:51.303 +07:00  DBG]  Loaded hosting startup assembly QLDA.WebApi
[2026-03-11 15:23:51.306 +07:00  DBG]  Loaded hosting startup assembly Microsoft.WebTools.ApiEndpointDiscovery
[2026-03-11 15:23:51.308 +07:00  DBG]  Loaded hosting startup assembly Microsoft.AspNetCore.Watch.BrowserRefresh
[2026-03-11 15:23:51.310 +07:00  DBG]  Loaded hosting startup assembly Microsoft.WebTools.BrowserLink.Net
[2026-03-11 15:23:51.458 +07:00  INF]  Application started. Press Ctrl+C to shut down.
[2026-03-11 15:23:51.461 +07:00  INF]  Hosting environment: Development
[2026-03-11 15:23:51.464 +07:00  INF]  Content root path: D:\Viet_info\TTCDS\pml\DesktopModules\MVC\QuanLyDuAn\SER\QLDA.WebApi
[2026-03-11 15:23:51.467 +07:00  DBG]  Hosting started
[2026-03-11 15:28:37.477 +07:00  DBG]  Registered model binder providers, in the following order: ["Microsoft.AspNetCore.Mvc.ModelBinding.Binders.BinderTypeModelBinderProvider","Microsoft.AspNetCore.Mvc.ModelBinding.Binders.ServicesModelBinderProvider","Microsoft.AspNetCore.Mvc.ModelBinding.Binders.BodyModelBinderProvider","Microsoft.AspNetCore.Mvc.ModelBinding.Binders.HeaderModelBinderProvider","Microsoft.AspNetCore.Mvc.ModelBinding.Binders.FloatingPointTypeModelBinderProvider","Microsoft.AspNetCore.Mvc.ModelBinding.Binders.EnumTypeModelBinderProvider","Microsoft.AspNetCore.Mvc.ModelBinding.Binders.DateTimeModelBinderProvider","Microsoft.AspNetCore.Mvc.ModelBinding.Binders.SimpleTypeModelBinderProvider","Microsoft.AspNetCore.Mvc.ModelBinding.Binders.TryParseModelBinderProvider","Microsoft.AspNetCore.Mvc.ModelBinding.Binders.CancellationTokenModelBinderProvider","Microsoft.AspNetCore.Mvc.ModelBinding.Binders.ByteArrayModelBinderProvider","Microsoft.AspNetCore.Mvc.ModelBinding.Binders.FormFileModelBinderProvider","Microsoft.AspNetCore.Mvc.ModelBinding.Binders.FormCollectionModelBinderProvider","Microsoft.AspNetCore.Mvc.ModelBinding.Binders.KeyValuePairModelBinderProvider","Microsoft.AspNetCore.Mvc.ModelBinding.Binders.DictionaryModelBinderProvider","Microsoft.AspNetCore.Mvc.ModelBinding.Binders.ArrayModelBinderProvider","Microsoft.AspNetCore.Mvc.ModelBinding.Binders.CollectionModelBinderProvider","Microsoft.AspNetCore.Mvc.ModelBinding.Binders.ComplexObjectModelBinderProvider"]
[2026-03-11 15:28:37.734 +07:00  DBG]  Hosting starting
[2026-03-11 15:28:37.755 +07:00  INF]  User profile is available. Using 'C:\Users\PhucTruong\AppData\Local\ASP.NET\DataProtection-Keys' as key repository and Windows DPAPI to encrypt keys at rest.
[2026-03-11 15:28:37.770 +07:00  DBG]  Reading data from file 'C:\Users\PhucTruong\AppData\Local\ASP.NET\DataProtection-Keys\key-1b396550-166d-4963-bbc7-4851fa5ec7da.xml'.
[2026-03-11 15:28:37.783 +07:00  DBG]  Reading data from file 'C:\Users\PhucTruong\AppData\Local\ASP.NET\DataProtection-Keys\key-32eddb85-f176-42d9-8959-f0eba61d82f7.xml'.
[2026-03-11 15:28:37.787 +07:00  DBG]  Reading data from file 'C:\Users\PhucTruong\AppData\Local\ASP.NET\DataProtection-Keys\key-33cf3412-961e-4bd3-ad04-ecb658f583fd.xml'.
[2026-03-11 15:28:37.791 +07:00  DBG]  Reading data from file 'C:\Users\PhucTruong\AppData\Local\ASP.NET\DataProtection-Keys\key-47935f9d-9847-4d4e-874f-a0dd392e9742.xml'.
[2026-03-11 15:28:37.794 +07:00  DBG]  Reading data from file 'C:\Users\PhucTruong\AppData\Local\ASP.NET\DataProtection-Keys\key-75a7f6c5-8341-498c-9634-b4f5280b626e.xml'.
[2026-03-11 15:28:37.798 +07:00  DBG]  Reading data from file 'C:\Users\PhucTruong\AppData\Local\ASP.NET\DataProtection-Keys\key-891896f9-c987-48ed-91d1-0a38007f1ee7.xml'.
[2026-03-11 15:28:37.802 +07:00  DBG]  Reading data from file 'C:\Users\PhucTruong\AppData\Local\ASP.NET\DataProtection-Keys\key-a37f0238-60ae-4529-a4d6-8c184821f545.xml'.
[2026-03-11 15:28:37.805 +07:00  DBG]  Reading data from file 'C:\Users\PhucTruong\AppData\Local\ASP.NET\DataProtection-Keys\key-b44e2774-fbee-4e46-8891-ca8df6aa0cc5.xml'.
[2026-03-11 15:28:37.809 +07:00  DBG]  Reading data from file 'C:\Users\PhucTruong\AppData\Local\ASP.NET\DataProtection-Keys\key-c004ae11-9260-4a42-b6f8-3f324f87369d.xml'.
[2026-03-11 15:28:37.817 +07:00  DBG]  Found key {1b396550-166d-4963-bbc7-4851fa5ec7da}.
[2026-03-11 15:28:37.824 +07:00  DBG]  Found key {32eddb85-f176-42d9-8959-f0eba61d82f7}.
[2026-03-11 15:28:37.827 +07:00  DBG]  Found key {33cf3412-961e-4bd3-ad04-ecb658f583fd}.
[2026-03-11 15:28:37.830 +07:00  DBG]  Found key {47935f9d-9847-4d4e-874f-a0dd392e9742}.
[2026-03-11 15:28:37.832 +07:00  DBG]  Found key {75a7f6c5-8341-498c-9634-b4f5280b626e}.
[2026-03-11 15:28:37.835 +07:00  DBG]  Found key {891896f9-c987-48ed-91d1-0a38007f1ee7}.
[2026-03-11 15:28:37.838 +07:00  DBG]  Found key {a37f0238-60ae-4529-a4d6-8c184821f545}.
[2026-03-11 15:28:37.841 +07:00  DBG]  Found key {b44e2774-fbee-4e46-8891-ca8df6aa0cc5}.
[2026-03-11 15:28:37.844 +07:00  DBG]  Found key {c004ae11-9260-4a42-b6f8-3f324f87369d}.
[2026-03-11 15:28:37.851 +07:00  DBG]  Considering key {a37f0238-60ae-4529-a4d6-8c184821f545} with expiration date 2026-06-04 04:03:36Z as default key.
[2026-03-11 15:28:37.857 +07:00  DBG]  Forwarded activator type request from Microsoft.AspNetCore.DataProtection.XmlEncryption.DpapiXmlDecryptor, Microsoft.AspNetCore.DataProtection, Version=8.0.0.0, Culture=neutral, PublicKeyToken=adb9793829ddae60 to Microsoft.AspNetCore.DataProtection.XmlEncryption.DpapiXmlDecryptor, Microsoft.AspNetCore.DataProtection, Culture=neutral, PublicKeyToken=adb9793829ddae60
[2026-03-11 15:28:37.864 +07:00  DBG]  Decrypting secret element using Windows DPAPI.
[2026-03-11 15:28:37.867 +07:00  DBG]  Forwarded activator type request from Microsoft.AspNetCore.DataProtection.AuthenticatedEncryption.ConfigurationModel.AuthenticatedEncryptorDescriptorDeserializer, Microsoft.AspNetCore.DataProtection, Version=8.0.0.0, Culture=neutral, PublicKeyToken=adb9793829ddae60 to Microsoft.AspNetCore.DataProtection.AuthenticatedEncryption.ConfigurationModel.AuthenticatedEncryptorDescriptorDeserializer, Microsoft.AspNetCore.DataProtection, Culture=neutral, PublicKeyToken=adb9793829ddae60
[2026-03-11 15:28:37.872 +07:00  DBG]  Opening CNG algorithm 'AES' from provider 'null' with chaining mode CBC.
[2026-03-11 15:28:37.877 +07:00  DBG]  Opening CNG algorithm 'SHA256' from provider 'null' with HMAC.
[2026-03-11 15:28:37.881 +07:00  DBG]  Using key {a37f0238-60ae-4529-a4d6-8c184821f545} as the default key.
[2026-03-11 15:28:37.885 +07:00  DBG]  Key ring with default key {a37f0238-60ae-4529-a4d6-8c184821f545} was loaded during application startup.
[2026-03-11 15:28:37.974 +07:00  INF]  Now listening on: http://localhost:5082
[2026-03-11 15:28:37.977 +07:00  INF]  Now listening on: https://localhost:5092
[2026-03-11 15:28:37.980 +07:00  DBG]  Loaded hosting startup assembly QLDA.WebApi
[2026-03-11 15:28:37.983 +07:00  INF]  Application started. Press Ctrl+C to shut down.
[2026-03-11 15:28:37.985 +07:00  INF]  Hosting environment: Development
[2026-03-11 15:28:37.987 +07:00  INF]  Content root path: D:\Viet_info\TTCDS\pml\DesktopModules\MVC\QuanLyDuAn\SER\QLDA.WebApi
[2026-03-11 15:28:37.989 +07:00  DBG]  Hosting started
[2026-03-11 15:28:50.931 +07:00  DBG]  Connection id "0HNJV90SL5KJO" accepted.
[2026-03-11 15:28:50.935 +07:00  DBG]  Connection id "0HNJV90SL5KJO" started.
[2026-03-11 15:28:50.936 +07:00  DBG]  Connection id "0HNJV90SL5KJP" accepted.
[2026-03-11 15:28:50.941 +07:00  DBG]  Connection id "0HNJV90SL5KJP" started.
[2026-03-11 15:28:50.999 +07:00  INF]  Request starting HTTP/1.1 GET http://localhost:5082/swagger/index.html - null null
[2026-03-11 15:28:51.008 +07:00  DBG]  Wildcard detected, all requests with hosts will be allowed.
[2026-03-11 15:28:51.074 +07:00  DBG]  No candidates found for the request path '/swagger/index.html'
[2026-03-11 15:28:51.078 +07:00  DBG]  Request did not match any endpoints
[2026-03-11 15:28:52.015 +07:00  DBG]  Connection id "0HNJV90SL5KJO" completed keep alive response.
[2026-03-11 15:28:52.021 +07:00  INF]  Request finished HTTP/1.1 GET http://localhost:5082/swagger/index.html - 200 null text/html;charset=utf-8 1024.5044ms
[2026-03-11 15:28:52.077 +07:00  DBG]  Connection id "0HNJV90SL5KJQ" accepted.
[2026-03-11 15:28:52.078 +07:00  INF]  Request starting HTTP/1.1 GET http://localhost:5082/swagger/index.css - null null
[2026-03-11 15:28:52.078 +07:00  INF]  Request starting HTTP/1.1 GET http://localhost:5082/swagger/swagger-ui.css - null null
[2026-03-11 15:28:52.082 +07:00  DBG]  Connection id "0HNJV90SL5KJR" accepted.
[2026-03-11 15:28:52.082 +07:00  DBG]  Connection id "0HNJV90SL5KJQ" started.
[2026-03-11 15:28:52.087 +07:00  DBG]  No candidates found for the request path '/swagger/index.css'
[2026-03-11 15:28:52.093 +07:00  DBG]  No candidates found for the request path '/swagger/swagger-ui.css'
[2026-03-11 15:28:52.096 +07:00  DBG]  Connection id "0HNJV90SL5KJR" started.
[2026-03-11 15:28:52.096 +07:00  DBG]  Connection id "0HNJV90SL5KJS" accepted.
[2026-03-11 15:28:52.099 +07:00  INF]  Request starting HTTP/1.1 GET http://localhost:5082/swagger/swagger-ui-bundle.js - null null
[2026-03-11 15:28:52.101 +07:00  DBG]  Request did not match any endpoints
[2026-03-11 15:28:52.103 +07:00  DBG]  Request did not match any endpoints
[2026-03-11 15:28:52.106 +07:00  INF]  Request starting HTTP/1.1 GET http://localhost:5082/swagger/swagger-ui-standalone-preset.js - null null
[2026-03-11 15:28:52.108 +07:00  DBG]  Connection id "0HNJV90SL5KJS" started.
[2026-03-11 15:28:52.113 +07:00  DBG]  No candidates found for the request path '/swagger/swagger-ui-bundle.js'
[2026-03-11 15:28:52.122 +07:00  DBG]  No candidates found for the request path '/swagger/swagger-ui-standalone-preset.js'
[2026-03-11 15:28:52.125 +07:00  INF]  Request starting HTTP/1.1 GET http://localhost:5082/swagger/index.js - null null
[2026-03-11 15:28:52.127 +07:00  DBG]  Request did not match any endpoints
[2026-03-11 15:28:52.130 +07:00  DBG]  Request did not match any endpoints
[2026-03-11 15:28:52.134 +07:00  DBG]  No candidates found for the request path '/swagger/index.js'
[2026-03-11 15:28:52.141 +07:00  DBG]  Request did not match any endpoints
[2026-03-11 15:28:52.145 +07:00  DBG]  Connection id "0HNJV90SL5KJS" completed keep alive response.
[2026-03-11 15:28:52.148 +07:00  DBG]  Connection id "0HNJV90SL5KJP" completed keep alive response.
[2026-03-11 15:28:52.148 +07:00  DBG]  Connection id "0HNJV90SL5KJO" completed keep alive response.
[2026-03-11 15:28:52.149 +07:00  INF]  Request finished HTTP/1.1 GET http://localhost:5082/swagger/index.js - 200 null application/javascript;charset=utf-8 24.0275ms
[2026-03-11 15:28:52.153 +07:00  INF]  Request finished HTTP/1.1 GET http://localhost:5082/swagger/index.css - 200 152 text/css 75.5091ms
[2026-03-11 15:28:52.156 +07:00  INF]  Request finished HTTP/1.1 GET http://localhost:5082/swagger/swagger-ui.css - 200 23647 text/css 78.2542ms
[2026-03-11 15:28:52.165 +07:00  DBG]  Connection id "0HNJV90SL5KJR" completed keep alive response.
[2026-03-11 15:28:52.171 +07:00  DBG]  Connection id "0HNJV90SL5KJQ" completed keep alive response.
[2026-03-11 15:28:52.188 +07:00  INF]  Request finished HTTP/1.1 GET http://localhost:5082/swagger/swagger-ui-standalone-preset.js - 200 70860 text/javascript 82.4332ms
[2026-03-11 15:28:52.190 +07:00  INF]  Request finished HTTP/1.1 GET http://localhost:5082/swagger/swagger-ui-bundle.js - 200 417980 text/javascript 91.4711ms
[2026-03-11 15:28:52.366 +07:00  INF]  Request starting HTTP/1.1 GET http://localhost:5082/swagger/v1/swagger.json - null null
[2026-03-11 15:28:52.372 +07:00  DBG]  No candidates found for the request path '/swagger/v1/swagger.json'
[2026-03-11 15:28:52.374 +07:00  DBG]  Request did not match any endpoints
[2026-03-11 15:28:52.407 +07:00  INF]  Request starting HTTP/1.1 GET http://localhost:5082/swagger/favicon-32x32.png - null null
[2026-03-11 15:28:52.418 +07:00  DBG]  No candidates found for the request path '/swagger/favicon-32x32.png'
[2026-03-11 15:28:52.422 +07:00  DBG]  Request did not match any endpoints
[2026-03-11 15:28:52.428 +07:00  DBG]  Connection id "0HNJV90SL5KJR" completed keep alive response.
[2026-03-11 15:28:52.433 +07:00  INF]  Request finished HTTP/1.1 GET http://localhost:5082/swagger/favicon-32x32.png - 200 628 image/png 26.1969ms
[2026-03-11 15:28:53.511 +07:00  DBG]  Connection id "0HNJV90SL5KJQ" completed keep alive response.
[2026-03-11 15:28:53.515 +07:00  INF]  Request finished HTTP/1.1 GET http://localhost:5082/swagger/v1/swagger.json - 200 null application/json;charset=utf-8 1149.1086ms
[2026-03-11 15:31:03.232 +07:00  DBG]  Connection id "0HNJV90SL5KJR" disconnecting.
[2026-03-11 15:31:03.232 +07:00  DBG]  Connection id "0HNJV90SL5KJP" disconnecting.
[2026-03-11 15:31:03.233 +07:00  DBG]  Connection id "0HNJV90SL5KJS" disconnecting.
[2026-03-11 15:31:03.233 +07:00  DBG]  Connection id "0HNJV90SL5KJO" disconnecting.
[2026-03-11 15:31:03.237 +07:00  DBG]  Connection id "0HNJV90SL5KJR" stopped.
[2026-03-11 15:31:03.239 +07:00  DBG]  Connection id "0HNJV90SL5KJP" stopped.
[2026-03-11 15:31:03.242 +07:00  DBG]  Connection id "0HNJV90SL5KJS" stopped.
[2026-03-11 15:31:03.246 +07:00  DBG]  Connection id "0HNJV90SL5KJO" stopped.
[2026-03-11 15:31:03.254 +07:00  DBG]  Connection id "0HNJV90SL5KJR" sending FIN because: "The Socket transport's send loop completed gracefully."
[2026-03-11 15:31:03.254 +07:00  DBG]  Connection id "0HNJV90SL5KJP" sending FIN because: "The Socket transport's send loop completed gracefully."
[2026-03-11 15:31:03.257 +07:00  DBG]  Connection id "0HNJV90SL5KJS" sending FIN because: "The Socket transport's send loop completed gracefully."
[2026-03-11 15:31:03.262 +07:00  DBG]  Connection id "0HNJV90SL5KJO" sending FIN because: "The Socket transport's send loop completed gracefully."
[2026-03-11 15:31:04.243 +07:00  DBG]  Connection id "0HNJV90SL5KJQ" disconnecting.
[2026-03-11 15:31:04.246 +07:00  DBG]  Connection id "0HNJV90SL5KJQ" stopped.
[2026-03-11 15:31:04.249 +07:00  DBG]  Connection id "0HNJV90SL5KJQ" sending FIN because: "The Socket transport's send loop completed gracefully."
[2026-03-11 15:50:28.324 +07:00  DBG]  Connection id "0HNJV90SL5KJT" accepted.
[2026-03-11 15:50:28.329 +07:00  DBG]  Connection id "0HNJV90SL5KJT" started.
[2026-03-11 15:50:28.336 +07:00  INF]  Request starting HTTP/1.1 GET http://localhost:5082/api/danh-muc-don-vi/danh-sach - null null
[2026-03-11 15:50:28.353 +07:00  DBG]  1 candidate(s) found for the request path '/api/danh-muc-don-vi/danh-sach'
[2026-03-11 15:50:28.363 +07:00  DBG]  Endpoint 'QLDA.WebApi.Controllers.DanhMucDonViController.Get (QLDA.WebApi)' with route pattern 'api/danh-muc-don-vi/danh-sach' is valid for the request path '/api/danh-muc-don-vi/danh-sach'
[2026-03-11 15:50:28.367 +07:00  DBG]  Request matched endpoint 'QLDA.WebApi.Controllers.DanhMucDonViController.Get (QLDA.WebApi)'
[2026-03-11 15:50:28.378 +07:00  DBG]  The request cannot be served from cache because it contains an 'Authorization' header.
[2026-03-11 15:50:30.784 +07:00  INF]  Failed to validate the token.
Microsoft.IdentityModel.Tokens.SecurityTokenMalformedException: IDX14100: JWT is not well formed, there are no dots (.).
The token needs to be in JWS or JWE Compact Serialization Format. (JWS): 'EncodedHeader.EndcodedPayload.EncodedSignature'. (JWE): 'EncodedProtectedHeader.EncodedEncryptedKey.EncodedInitializationVector.EncodedCiphertext.EncodedAuthenticationTag'.
 ---> System.ArgumentException: IDX14102: Unable to decode the header '[PII of type 'Microsoft.IdentityModel.Logging.SecurityArtifact' is hidden. For more details, see https://aka.ms/IdentityModel/PII.]' as Base64Url encoded string.
 ---> System.ArgumentOutOfRangeException: Specified argument was out of the range of valid values. (Parameter 'IDX10820: Invalid character found in Base64UrlEncoding. Character: '32', Encoding: '[PII of type 'System.String' is hidden. For more details, see https://aka.ms/IdentityModel/PII.]'.')
   at Microsoft.IdentityModel.Tokens.Base64UrlEncoding.Decode(ReadOnlySpan`1 input, Int32 offset, Int32 length, Byte[] output)
   at Microsoft.IdentityModel.JsonWebTokens.JsonWebToken.CreateClaimSet(ReadOnlySpan`1 strSpan, Int32 startIndex, Int32 length, Boolean createHeaderClaimSet)
   at Microsoft.IdentityModel.JsonWebTokens.JsonWebToken.ReadToken(ReadOnlyMemory`1 encodedTokenMemory)
   --- End of inner exception stack trace ---
   at Microsoft.IdentityModel.JsonWebTokens.JsonWebToken.ReadToken(ReadOnlyMemory`1 encodedTokenMemory)
   at Microsoft.IdentityModel.JsonWebTokens.JsonWebToken..ctor(String jwtEncodedString)
   at Microsoft.IdentityModel.JsonWebTokens.JsonWebTokenHandler.ReadToken(String token, TokenValidationParameters validationParameters)
   --- End of inner exception stack trace ---
[2026-03-11 15:50:30.805 +07:00  INF]  Bearer was not authenticated. Failure message: IDX14100: JWT is not well formed, there are no dots (.).
The token needs to be in JWS or JWE Compact Serialization Format. (JWS): 'EncodedHeader.EndcodedPayload.EncodedSignature'. (JWE): 'EncodedProtectedHeader.EncodedEncryptedKey.EncodedInitializationVector.EncodedCiphertext.EncodedAuthenticationTag'.
[2026-03-11 15:50:30.812 +07:00  DBG]  Policy authentication schemes  did not succeed
[2026-03-11 15:50:30.816 +07:00  INF]  Authorization failed. These requirements were not met:
RolesAuthorizationRequirement:User.IsInRole must be true for one of the following roles: (QLDA_TatCa|QLDA_QuanTri|QLDA_LDDV)
RolesAuthorizationRequirement:User.IsInRole must be true for one of the following roles: (QLDA_TatCa|QLDA_QuanTri|QLDA_ChuyenVien|QLDA_LD|QLDA_LDDV)
[2026-03-11 15:50:30.822 +07:00  INF]  AuthenticationScheme: Bearer was challenged.
[2026-03-11 15:50:30.825 +07:00  INF]  HTTP GET /api/danh-muc-don-vi/danh-sach responded 401 in 2427.9659 ms
[2026-03-11 15:50:30.830 +07:00  DBG]  Connection id "0HNJV90SL5KJT" completed keep alive response.
[2026-03-11 15:50:30.833 +07:00  INF]  Request finished HTTP/1.1 GET http://localhost:5082/api/danh-muc-don-vi/danh-sach - 401 0 null 2496.88ms
[2026-03-11 15:50:51.837 +07:00  INF]  Request starting HTTP/1.1 GET http://localhost:5082/api/danh-muc-don-vi/danh-sach - null null
[2026-03-11 15:50:51.870 +07:00  DBG]  1 candidate(s) found for the request path '/api/danh-muc-don-vi/danh-sach'
[2026-03-11 15:50:51.874 +07:00  DBG]  Endpoint 'QLDA.WebApi.Controllers.DanhMucDonViController.Get (QLDA.WebApi)' with route pattern 'api/danh-muc-don-vi/danh-sach' is valid for the request path '/api/danh-muc-don-vi/danh-sach'
[2026-03-11 15:50:51.877 +07:00  DBG]  Request matched endpoint 'QLDA.WebApi.Controllers.DanhMucDonViController.Get (QLDA.WebApi)'
[2026-03-11 15:50:51.881 +07:00  DBG]  The request cannot be served from cache because it contains an 'Authorization' header.
[2026-03-11 15:50:51.916 +07:00  DBG]  Successfully validated the token.
[2026-03-11 15:50:51.919 +07:00  DBG]  AuthenticationScheme: Bearer was successfully authenticated.
[2026-03-11 15:50:51.925 +07:00  DBG]  Authorization was successful.
[2026-03-11 15:50:51.929 +07:00  INF]  Executing endpoint 'QLDA.WebApi.Controllers.DanhMucDonViController.Get (QLDA.WebApi)'
[2026-03-11 15:50:51.954 +07:00  INF]  Route matched with {action = "Get", controller = "DanhMucDonVi"}. Executing controller action with signature System.Threading.Tasks.Task`1[QLDA.Application.Common.DTOs.ResultApi] Get() on controller QLDA.WebApi.Controllers.DanhMucDonViController (QLDA.WebApi).
[2026-03-11 15:50:51.962 +07:00  DBG]  Execution plan of authorization filters (in the following order): ["None"]
[2026-03-11 15:50:51.966 +07:00  DBG]  Execution plan of resource filters (in the following order): ["None"]
[2026-03-11 15:50:51.969 +07:00  DBG]  Execution plan of action filters (in the following order): ["Microsoft.AspNetCore.Mvc.ModelBinding.UnsupportedContentTypeFilter (Order: -3000)","Microsoft.AspNetCore.Mvc.Infrastructure.ModelStateInvalidFilter (Order: -2000)"]
[2026-03-11 15:50:51.973 +07:00  DBG]  Execution plan of exception filters (in the following order): ["None"]
[2026-03-11 15:50:51.976 +07:00  DBG]  Execution plan of result filters (in the following order): ["Microsoft.AspNetCore.Mvc.Infrastructure.ClientErrorResultFilter (Order: -2000)"]
[2026-03-11 15:50:51.982 +07:00  DBG]  Executing controller factory for controller QLDA.WebApi.Controllers.DanhMucDonViController (QLDA.WebApi)
[2026-03-11 15:50:51.985 +07:00  DBG]  Executed controller factory for controller QLDA.WebApi.Controllers.DanhMucDonViController (QLDA.WebApi)
[2026-03-11 15:50:53.041 +07:00  DBG]  An 'IServiceProvider' was created for internal use by Entity Framework.
[2026-03-11 15:50:53.280 +07:00  DBG]  No relationship from 'DuAn' to 'DuAnBuoc' has been configured by convention because there are multiple properties on one entity type - {'BuocHienTai', 'DuAnBuocs'} that could be matched with the properties on the other entity type - {'DuAn', 'DuAnHienTai'}. This message can be disregarded if explicit configuration has been specified in 'OnModelCreating'.
[2026-03-11 15:50:53.293 +07:00  DBG]  No relationship from 'DuAn' to 'DuToan' has been configured by convention because there are multiple properties on one entity type - {'DuToanHienTai', 'DuToans'} that could be matched with the properties on the other entity type - {'DuAn'}. This message can be disregarded if explicit configuration has been specified in 'OnModelCreating'.
[2026-03-11 15:50:53.304 +07:00  DBG]  No relationship from 'DuAnBuoc' to 'DuAn' has been configured by convention because there are multiple properties on one entity type - {'DuAn', 'DuAnHienTai'} that could be matched with the properties on the other entity type - {'BuocHienTai', 'DuAnBuocs'}. This message can be disregarded if explicit configuration has been specified in 'OnModelCreating'.
[2026-03-11 15:50:53.408 +07:00  DBG]  No relationship from 'DuToan' to 'DuAn' has been configured by convention because there are multiple properties on one entity type - {'DuAn'} that could be matched with the properties on the other entity type - {'DuToanHienTai', 'DuToans'}. This message can be disregarded if explicit configuration has been specified in 'OnModelCreating'.
[2026-03-11 15:50:53.526 +07:00  DBG]  No relationship from 'DuAnBuoc' to 'DuAn' has been configured by convention because there are multiple properties on one entity type - {'DuAn', 'DuAnHienTai'} that could be matched with the properties on the other entity type - {'BuocHienTai', 'DuAnBuocs'}. This message can be disregarded if explicit configuration has been specified in 'OnModelCreating'.
[2026-03-11 15:50:53.534 +07:00  DBG]  No relationship from 'DuAn' to 'DuAnBuoc' has been configured by convention because there are multiple properties on one entity type - {'BuocHienTai', 'DuAnBuocs'} that could be matched with the properties on the other entity type - {'DuAn', 'DuAnHienTai'}. This message can be disregarded if explicit configuration has been specified in 'OnModelCreating'.
[2026-03-11 15:50:53.538 +07:00  DBG]  No relationship from 'DuAn' to 'DuToan' has been configured by convention because there are multiple properties on one entity type - {'DuToanHienTai', 'DuToans'} that could be matched with the properties on the other entity type - {'DuAn'}. This message can be disregarded if explicit configuration has been specified in 'OnModelCreating'.
[2026-03-11 15:50:53.613 +07:00  DBG]  No relationship from 'DuAnBuoc' to 'DuAn' has been configured by convention because there are multiple properties on one entity type - {'DuAn', 'DuAnHienTai'} that could be matched with the properties on the other entity type - {'BuocHienTai', 'DuAnBuocs'}. This message can be disregarded if explicit configuration has been specified in 'OnModelCreating'.
[2026-03-11 15:50:53.619 +07:00  DBG]  No relationship from 'DuAn' to 'DuAnBuoc' has been configured by convention because there are multiple properties on one entity type - {'BuocHienTai', 'DuAnBuocs'} that could be matched with the properties on the other entity type - {'DuAn', 'DuAnHienTai'}. This message can be disregarded if explicit configuration has been specified in 'OnModelCreating'.
[2026-03-11 15:50:53.624 +07:00  DBG]  No relationship from 'DuAn' to 'DuToan' has been configured by convention because there are multiple properties on one entity type - {'DuToanHienTai', 'DuToans'} that could be matched with the properties on the other entity type - {'DuAn'}. This message can be disregarded if explicit configuration has been specified in 'OnModelCreating'.
[2026-03-11 15:50:53.669 +07:00  DBG]  No relationship from 'DuAnBuoc' to 'DuAn' has been configured by convention because there are multiple properties on one entity type - {'DuAn', 'DuAnHienTai'} that could be matched with the properties on the other entity type - {'BuocHienTai', 'DuAnBuocs'}. This message can be disregarded if explicit configuration has been specified in 'OnModelCreating'.
[2026-03-11 15:50:53.676 +07:00  DBG]  No relationship from 'DuAn' to 'DuAnBuoc' has been configured by convention because there are multiple properties on one entity type - {'BuocHienTai', 'DuAnBuocs'} that could be matched with the properties on the other entity type - {'DuAn', 'DuAnHienTai'}. This message can be disregarded if explicit configuration has been specified in 'OnModelCreating'.
[2026-03-11 15:50:53.681 +07:00  DBG]  No relationship from 'DuAn' to 'DuToan' has been configured by convention because there are multiple properties on one entity type - {'DuToanHienTai', 'DuToans'} that could be matched with the properties on the other entity type - {'DuAn'}. This message can be disregarded if explicit configuration has been specified in 'OnModelCreating'.
[2026-03-11 15:50:53.702 +07:00  DBG]  No relationship from 'DuAnBuoc' to 'DuAn' has been configured by convention because there are multiple properties on one entity type - {'DuAn', 'DuAnHienTai'} that could be matched with the properties on the other entity type - {'BuocHienTai', 'DuAnBuocs'}. This message can be disregarded if explicit configuration has been specified in 'OnModelCreating'.
[2026-03-11 15:50:53.709 +07:00  DBG]  No relationship from 'DuAn' to 'DuAnBuoc' has been configured by convention because there are multiple properties on one entity type - {'BuocHienTai', 'DuAnBuocs'} that could be matched with the properties on the other entity type - {'DuAn', 'DuAnHienTai'}. This message can be disregarded if explicit configuration has been specified in 'OnModelCreating'.
[2026-03-11 15:50:53.713 +07:00  DBG]  No relationship from 'DuAn' to 'DuToan' has been configured by convention because there are multiple properties on one entity type - {'DuToanHienTai', 'DuToans'} that could be matched with the properties on the other entity type - {'DuAn'}. This message can be disregarded if explicit configuration has been specified in 'OnModelCreating'.
[2026-03-11 15:50:53.735 +07:00  DBG]  No relationship from 'DuAnBuoc' to 'DuAn' has been configured by convention because there are multiple properties on one entity type - {'DuAn', 'DuAnHienTai'} that could be matched with the properties on the other entity type - {'BuocHienTai', 'DuAnBuocs'}. This message can be disregarded if explicit configuration has been specified in 'OnModelCreating'.
[2026-03-11 15:50:53.741 +07:00  DBG]  No relationship from 'DuAn' to 'DuAnBuoc' has been configured by convention because there are multiple properties on one entity type - {'BuocHienTai', 'DuAnBuocs'} that could be matched with the properties on the other entity type - {'DuAn', 'DuAnHienTai'}. This message can be disregarded if explicit configuration has been specified in 'OnModelCreating'.
[2026-03-11 15:50:53.746 +07:00  DBG]  No relationship from 'DuAn' to 'DuToan' has been configured by convention because there are multiple properties on one entity type - {'DuToanHienTai', 'DuToans'} that could be matched with the properties on the other entity type - {'DuAn'}. This message can be disregarded if explicit configuration has been specified in 'OnModelCreating'.
[2026-03-11 15:50:53.772 +07:00  DBG]  No relationship from 'DuAnBuoc' to 'DuAn' has been configured by convention because there are multiple properties on one entity type - {'DuAn', 'DuAnHienTai'} that could be matched with the properties on the other entity type - {'BuocHienTai', 'DuAnBuocs'}. This message can be disregarded if explicit configuration has been specified in 'OnModelCreating'.
[2026-03-11 15:50:53.779 +07:00  DBG]  No relationship from 'DuAn' to 'DuAnBuoc' has been configured by convention because there are multiple properties on one entity type - {'BuocHienTai', 'DuAnBuocs'} that could be matched with the properties on the other entity type - {'DuAn', 'DuAnHienTai'}. This message can be disregarded if explicit configuration has been specified in 'OnModelCreating'.
[2026-03-11 15:50:53.784 +07:00  DBG]  No relationship from 'DuAn' to 'DuToan' has been configured by convention because there are multiple properties on one entity type - {'DuToanHienTai', 'DuToans'} that could be matched with the properties on the other entity type - {'DuAn'}. This message can be disregarded if explicit configuration has been specified in 'OnModelCreating'.
[2026-03-11 15:50:53.792 +07:00  DBG]  No relationship from 'DuAnBuoc' to 'DuAn' has been configured by convention because there are multiple properties on one entity type - {'DuAn', 'DuAnHienTai'} that could be matched with the properties on the other entity type - {'BuocHienTai', 'DuAnBuocs'}. This message can be disregarded if explicit configuration has been specified in 'OnModelCreating'.
[2026-03-11 15:50:53.797 +07:00  DBG]  No relationship from 'DuAn' to 'DuAnBuoc' has been configured by convention because there are multiple properties on one entity type - {'BuocHienTai', 'DuAnBuocs'} that could be matched with the properties on the other entity type - {'DuAn', 'DuAnHienTai'}. This message can be disregarded if explicit configuration has been specified in 'OnModelCreating'.
[2026-03-11 15:50:53.801 +07:00  DBG]  No relationship from 'DuAn' to 'DuToan' has been configured by convention because there are multiple properties on one entity type - {'DuToanHienTai', 'DuToans'} that could be matched with the properties on the other entity type - {'DuAn'}. This message can be disregarded if explicit configuration has been specified in 'OnModelCreating'.
[2026-03-11 15:50:53.809 +07:00  DBG]  No relationship from 'DuAnBuoc' to 'DuAn' has been configured by convention because there are multiple properties on one entity type - {'DuAn', 'DuAnHienTai'} that could be matched with the properties on the other entity type - {'BuocHienTai', 'DuAnBuocs'}. This message can be disregarded if explicit configuration has been specified in 'OnModelCreating'.
[2026-03-11 15:50:53.814 +07:00  DBG]  No relationship from 'DuAn' to 'DuAnBuoc' has been configured by convention because there are multiple properties on one entity type - {'BuocHienTai', 'DuAnBuocs'} that could be matched with the properties on the other entity type - {'DuAn', 'DuAnHienTai'}. This message can be disregarded if explicit configuration has been specified in 'OnModelCreating'.
[2026-03-11 15:50:53.818 +07:00  DBG]  No relationship from 'DuAn' to 'DuToan' has been configured by convention because there are multiple properties on one entity type - {'DuToanHienTai', 'DuToans'} that could be matched with the properties on the other entity type - {'DuAn'}. This message can be disregarded if explicit configuration has been specified in 'OnModelCreating'.
[2026-03-11 15:50:53.983 +07:00  DBG]  No relationship from 'DuAnBuoc' to 'DuAn' has been configured by convention because there are multiple properties on one entity type - {'DuAn', 'DuAnHienTai'} that could be matched with the properties on the other entity type - {'BuocHienTai', 'DuAnBuocs'}. This message can be disregarded if explicit configuration has been specified in 'OnModelCreating'.
[2026-03-11 15:50:53.989 +07:00  DBG]  No relationship from 'DuAn' to 'DuAnBuoc' has been configured by convention because there are multiple properties on one entity type - {'BuocHienTai', 'DuAnBuocs'} that could be matched with the properties on the other entity type - {'DuAn', 'DuAnHienTai'}. This message can be disregarded if explicit configuration has been specified in 'OnModelCreating'.
[2026-03-11 15:50:53.994 +07:00  DBG]  No relationship from 'DuAn' to 'DuToan' has been configured by convention because there are multiple properties on one entity type - {'DuToanHienTai', 'DuToans'} that could be matched with the properties on the other entity type - {'DuAn'}. This message can be disregarded if explicit configuration has been specified in 'OnModelCreating'.
[2026-03-11 15:50:54.070 +07:00  DBG]  No relationship from 'DuAn' to 'DuAnBuoc' has been configured by convention because there are multiple properties on one entity type - {'BuocHienTai', 'DuAnBuocs'} that could be matched with the properties on the other entity type - {'DuAn', 'DuAnHienTai'}. This message can be disregarded if explicit configuration has been specified in 'OnModelCreating'.
[2026-03-11 15:50:54.076 +07:00  DBG]  No relationship from 'DuAn' to 'DuToan' has been configured by convention because there are multiple properties on one entity type - {'DuToanHienTai', 'DuToans'} that could be matched with the properties on the other entity type - {'DuAn'}. This message can be disregarded if explicit configuration has been specified in 'OnModelCreating'.
[2026-03-11 15:50:54.082 +07:00  DBG]  No relationship from 'DuAnBuoc' to 'DuAn' has been configured by convention because there are multiple properties on one entity type - {'DuAn', 'DuAnHienTai'} that could be matched with the properties on the other entity type - {'BuocHienTai', 'DuAnBuocs'}. This message can be disregarded if explicit configuration has been specified in 'OnModelCreating'.
[2026-03-11 15:50:54.090 +07:00  DBG]  No relationship from 'DuAn' to 'DuToan' has been configured by convention because there are multiple properties on one entity type - {'DuToanHienTai', 'DuToans'} that could be matched with the properties on the other entity type - {'DuAn'}. This message can be disregarded if explicit configuration has been specified in 'OnModelCreating'.
[2026-03-11 15:50:54.113 +07:00  DBG]  No relationship from 'DuAn' to 'DuToan' has been configured by convention because there are multiple properties on one entity type - {'DuToanHienTai', 'DuToans'} that could be matched with the properties on the other entity type - {'DuAn'}. This message can be disregarded if explicit configuration has been specified in 'OnModelCreating'.
[2026-03-11 15:50:54.119 +07:00  DBG]  No relationship from 'DuToan' to 'DuAn' has been configured by convention because there are multiple properties on one entity type - {'DuAn'} that could be matched with the properties on the other entity type - {'DuToanHienTai', 'DuToans'}. This message can be disregarded if explicit configuration has been specified in 'OnModelCreating'.
[2026-03-11 15:50:54.314 +07:00  DBG]  The index {'BuocId'} was not created on entity type 'DanhMucBuocManHinh' as the properties are already covered by the index {'BuocId', 'ManHinhId'}.
[2026-03-11 15:50:54.319 +07:00  DBG]  The index {'BuocId'} was not created on entity type 'DuAnBuocManHinh' as the properties are already covered by the index {'BuocId', 'ManHinhId'}.
[2026-03-11 15:50:54.322 +07:00  DBG]  The index {'DuAnId'} was not created on entity type 'DuAnChiuTrachNhiemXuLy' as the properties are already covered by the index {'DuAnId', 'ChiuTrachNhiemXuLyId'}.
[2026-03-11 15:50:54.325 +07:00  DBG]  The index {'DuAnId'} was not created on entity type 'DuAnNguonVon' as the properties are already covered by the index {'DuAnId', 'NguonVonId'}.
[2026-03-11 15:50:54.329 +07:00  DBG]  The index {'NghiemThuId'} was not created on entity type 'NghiemThuPhuLucHopDong' as the properties are already covered by the index {'NghiemThuId', 'PhuLucHopDongId'}.
[2026-03-11 15:50:54.332 +07:00  DBG]  The index {'NhaThauId'} was not created on entity type 'NhaThauNguoiDung' as the properties are already covered by the index {'NhaThauId', 'NguoiDungId'}.
[2026-03-11 15:50:54.479 +07:00  WRN]  Sensitive data logging is enabled. Log entries and exception messages may include sensitive application data; this mode should only be enabled during development.
[2026-03-11 15:50:54.569 +07:00  DBG]  The property 'GoiThau.DuAnBuocId' was created in shadow state because there are no eligible CLR members with a matching name.
[2026-03-11 15:50:54.574 +07:00  DBG]  The property 'NghiemThu.DuAnBuocId' was created in shadow state because there are no eligible CLR members with a matching name.
[2026-03-11 15:50:54.578 +07:00  DBG]  The property 'VanBanPhapLy.ChuDauTuId' was created in shadow state because there are no eligible CLR members with a matching name.
[2026-03-11 15:50:55.128 +07:00  DBG]  Entity Framework Core 8.0.15 initialized 'AppDbContext' using provider 'Microsoft.EntityFrameworkCore.SqlServer:8.0.15' with options: SensitiveDataLoggingEnabled CompatibilityLevel=120
[2026-03-11 15:50:55.214 +07:00  DBG]  Compiling query expression: 
'DbSet<DanhMucDonVi>()
    .AsNoTracking()
    .Where(e => e.Used == (bool?)True)
    .Where(e => __request_CapDonViIds_0.Contains(e.CapDonViId))
    .AsNoTracking()
    .Count()'
[2026-03-11 15:50:55.399 +07:00  DBG]  Generated query execution expression: 
'queryContext => ShapedQueryCompilingExpressionVisitor.SingleAsync<int>(
    asyncEnumerable: new SingleQueryingEnumerable<int>(
        (RelationalQueryContext)queryContext, 
        RelationalCommandCache.QueryExpression(
            Projection Mapping:
                EmptyProjectionMember -> 0
            SELECT COUNT(*)
            FROM DM_DONVI AS d
            WHERE (d.Used == CAST(1 AS bit)) && d.CapDonViID IN (@__request_CapDonViIds_0)), 
        null, 
        Func<QueryContext, DbDataReader, ResultContext, SingleQueryResultCoordinator, int>, 
        QLDA.Persistence.AppDbContext, 
        False, 
        False, 
        True
    ), 
    cancellationToken: queryContext.CancellationToken)'
[2026-03-11 15:50:55.447 +07:00  DBG]  Creating DbConnection.
[2026-03-11 15:50:55.478 +07:00  DBG]  Created DbConnection. (29ms).
[2026-03-11 15:50:55.486 +07:00  DBG]  Opening connection to database 'VI_DACDT' on server '192.168.1.13\sql2k16r2, 1439'.
[2026-03-11 15:50:56.177 +07:00  DBG]  Opened connection to database 'VI_DACDT' on server '192.168.1.13\sql2k16r2, 1439'.
[2026-03-11 15:50:56.185 +07:00  DBG]  Creating DbCommand for 'ExecuteReader'.
[2026-03-11 15:50:56.196 +07:00  DBG]  Created DbCommand for 'ExecuteReader' (6ms).
[2026-03-11 15:50:56.201 +07:00  DBG]  Initialized DbCommand for 'ExecuteReader' (16ms).
[2026-03-11 15:50:56.212 +07:00  DBG]  Executing DbCommand [Parameters=[], CommandType='"Text"', CommandTimeout='30']
SELECT COUNT(*)
FROM [DM_DONVI] AS [d]
WHERE [d].[Used] = CAST(1 AS bit) AND [d].[CapDonViID] IN (CAST(4 AS bigint), CAST(5 AS bigint))
[2026-03-11 15:50:56.258 +07:00  INF]  Executed DbCommand (48ms) [Parameters=[], CommandType='"Text"', CommandTimeout='30']
SELECT COUNT(*)
FROM [DM_DONVI] AS [d]
WHERE [d].[Used] = CAST(1 AS bit) AND [d].[CapDonViID] IN (CAST(4 AS bigint), CAST(5 AS bigint))
[2026-03-11 15:50:56.284 +07:00  DBG]  Closing data reader to 'VI_DACDT' on server '192.168.1.13\sql2k16r2, 1439'.
[2026-03-11 15:50:56.297 +07:00  DBG]  A data reader for 'VI_DACDT' on server '192.168.1.13\sql2k16r2, 1439' is being disposed after spending 23ms reading results.
[2026-03-11 15:50:56.304 +07:00  DBG]  Closing connection to database 'VI_DACDT' on server '192.168.1.13\sql2k16r2, 1439'.
[2026-03-11 15:50:56.313 +07:00  DBG]  Closed connection to database 'VI_DACDT' on server '192.168.1.13\sql2k16r2, 1439' (9ms).
[2026-03-11 15:50:56.321 +07:00  DBG]  Compiling query expression: 
'DbSet<DanhMucDonVi>()
    .AsNoTracking()
    .Where(e => e.Used == (bool?)True)
    .Where(e => __request_CapDonViIds_0.Contains(e.CapDonViId))
    .AsNoTracking()'
[2026-03-11 15:50:56.360 +07:00  DBG]  Generated query execution expression: 
'queryContext => new SingleQueryingEnumerable<DanhMucDonVi>(
    (RelationalQueryContext)queryContext, 
    RelationalCommandCache.QueryExpression(
        Projection Mapping:
            EmptyProjectionMember -> Dictionary<IProperty, int> { [Property: DanhMucDonVi.Id (long) Required PK AfterSave:Throw ValueGenerated.OnAdd, 0], [Property: DanhMucDonVi.Cap (int?), 1], [Property: DanhMucDonVi.CapDonViId (long?), 2], [Property: DanhMucDonVi.DiaChiDayDu (string) MaxLength(1000), 3], [Property: DanhMucDonVi.DienThoai (string) MaxLength(50), 4], [Property: DanhMucDonVi.DonViCapChaId (long?) Index, 5], [Property: DanhMucDonVi.DuongId (long?), 6], [Property: DanhMucDonVi.Email (string) MaxLength(100), 7], [Property: DanhMucDonVi.Fax (string) MaxLength(50), 8], [Property: DanhMucDonVi.Latitude (string) MaxLength(20), 9], [Property: DanhMucDonVi.LoaiDonViId (long?), 10], [Property: DanhMucDonVi.Longitude (string) MaxLength(20), 11], [Property: DanhMucDonVi.MaDonVi (string) MaxLength(20), 12], [Property: DanhMucDonVi.MoTa (string) MaxLength(4000), 13], [Property: DanhMucDonVi.PhuongXaId (long?), 14], [Property: DanhMucDonVi.QuanHuyenId (long?), 15], [Property: DanhMucDonVi.SoNha (string) MaxLength(100), 16], [Property: DanhMucDonVi.TenDonVi (string) MaxLength(2000), 17], [Property: DanhMucDonVi.TenVietTat (string) MaxLength(100), 18], [Property: DanhMucDonVi.TinhThanhId (long?), 19], [Property: DanhMucDonVi.Used (bool?), 20], [Property: DanhMucDonVi.Website (string) MaxLength(100), 21] }
        SELECT d.DonViID, d.Cap, d.CapDonViID, d.DiaChiDayDu, d.DienThoai, d.DonViCapChaID, d.DuongID, d.Email, d.Fax, d.Latitude, d.LoaiDonViID, d.Longitude, d.MaDonVi, d.MoTa, d.PhuongXaID, d.QuanHuyenID, d.SoNha, d.TenDonVi, d.TenVietTat, d.TinhThanhID, d.Used, d.Website
        FROM DM_DONVI AS d
        WHERE (d.Used == CAST(1 AS bit)) && d.CapDonViID IN (@__request_CapDonViIds_0)), 
    null, 
    Func<QueryContext, DbDataReader, ResultContext, SingleQueryResultCoordinator, DanhMucDonVi>, 
    QLDA.Persistence.AppDbContext, 
    False, 
    False, 
    True
)'
[2026-03-11 15:50:56.370 +07:00  DBG]  Opening connection to database 'VI_DACDT' on server '192.168.1.13\sql2k16r2, 1439'.
[2026-03-11 15:50:56.375 +07:00  DBG]  Opened connection to database 'VI_DACDT' on server '192.168.1.13\sql2k16r2, 1439'.
[2026-03-11 15:50:56.378 +07:00  DBG]  Creating DbCommand for 'ExecuteReader'.
[2026-03-11 15:50:56.381 +07:00  DBG]  Created DbCommand for 'ExecuteReader' (2ms).
[2026-03-11 15:50:56.385 +07:00  DBG]  Initialized DbCommand for 'ExecuteReader' (6ms).
[2026-03-11 15:50:56.387 +07:00  DBG]  Executing DbCommand [Parameters=[], CommandType='"Text"', CommandTimeout='30']
SELECT [d].[DonViID], [d].[Cap], [d].[CapDonViID], [d].[DiaChiDayDu], [d].[DienThoai], [d].[DonViCapChaID], [d].[DuongID], [d].[Email], [d].[Fax], [d].[Latitude], [d].[LoaiDonViID], [d].[Longitude], [d].[MaDonVi], [d].[MoTa], [d].[PhuongXaID], [d].[QuanHuyenID], [d].[SoNha], [d].[TenDonVi], [d].[TenVietTat], [d].[TinhThanhID], [d].[Used], [d].[Website]
FROM [DM_DONVI] AS [d]
WHERE [d].[Used] = CAST(1 AS bit) AND [d].[CapDonViID] IN (CAST(4 AS bigint), CAST(5 AS bigint))
[2026-03-11 15:50:56.399 +07:00  INF]  Executed DbCommand (12ms) [Parameters=[], CommandType='"Text"', CommandTimeout='30']
SELECT [d].[DonViID], [d].[Cap], [d].[CapDonViID], [d].[DiaChiDayDu], [d].[DienThoai], [d].[DonViCapChaID], [d].[DuongID], [d].[Email], [d].[Fax], [d].[Latitude], [d].[LoaiDonViID], [d].[Longitude], [d].[MaDonVi], [d].[MoTa], [d].[PhuongXaID], [d].[QuanHuyenID], [d].[SoNha], [d].[TenDonVi], [d].[TenVietTat], [d].[TinhThanhID], [d].[Used], [d].[Website]
FROM [DM_DONVI] AS [d]
WHERE [d].[Used] = CAST(1 AS bit) AND [d].[CapDonViID] IN (CAST(4 AS bigint), CAST(5 AS bigint))
[2026-03-11 15:50:56.412 +07:00  DBG]  Closing data reader to 'VI_DACDT' on server '192.168.1.13\sql2k16r2, 1439'.
[2026-03-11 15:50:56.415 +07:00  DBG]  A data reader for 'VI_DACDT' on server '192.168.1.13\sql2k16r2, 1439' is being disposed after spending 11ms reading results.
[2026-03-11 15:50:56.418 +07:00  DBG]  Closing connection to database 'VI_DACDT' on server '192.168.1.13\sql2k16r2, 1439'.
[2026-03-11 15:50:56.421 +07:00  DBG]  Closed connection to database 'VI_DACDT' on server '192.168.1.13\sql2k16r2, 1439' (2ms).
[2026-03-11 15:50:56.450 +07:00  WRN]  Messenger Long Running Request: DanhMucDonViGetDanhSachQuery (4426 milliseconds)  {"Cap":null,"CapDonViIds":[4,5],"IsTracking":false,"PageIndex":0,"PageSize":0}
[2026-03-11 15:50:56.462 +07:00  DBG]  List of registered output formatters, in the following order: ["Microsoft.AspNetCore.Mvc.Formatters.HttpNoContentOutputFormatter","Microsoft.AspNetCore.Mvc.Formatters.StringOutputFormatter","Microsoft.AspNetCore.Mvc.Formatters.StreamOutputFormatter","Microsoft.AspNetCore.Mvc.Formatters.SystemTextJsonOutputFormatter"]
[2026-03-11 15:50:56.472 +07:00  DBG]  Attempting to select an output formatter based on Accept header '["text/plain"]'.
[2026-03-11 15:50:56.476 +07:00  DBG]  Could not find an output formatter based on content negotiation. Accepted types were (["text/plain"])
[2026-03-11 15:50:56.481 +07:00  DBG]  Attempting to select an output formatter without using a content type as no explicit content types were specified for the response.
[2026-03-11 15:50:56.484 +07:00  DBG]  Attempting to select the first formatter in the output formatters list which can write the result.
[2026-03-11 15:50:56.487 +07:00  DBG]  Selected output formatter 'Microsoft.AspNetCore.Mvc.Formatters.SystemTextJsonOutputFormatter' and content type 'application/json' to write the response.
[2026-03-11 15:50:56.490 +07:00  INF]  Executing ObjectResult, writing value of type 'QLDA.Application.Common.DTOs.ResultApi'.
[2026-03-11 15:50:56.528 +07:00  INF]  Executed action QLDA.WebApi.Controllers.DanhMucDonViController.Get (QLDA.WebApi) in 4545.8343ms
[2026-03-11 15:50:56.533 +07:00  INF]  Executed endpoint 'QLDA.WebApi.Controllers.DanhMucDonViController.Get (QLDA.WebApi)'
[2026-03-11 15:50:56.537 +07:00  INF]  HTTP GET /api/danh-muc-don-vi/danh-sach responded 200 in 4653.7994 ms
[2026-03-11 15:50:56.541 +07:00  DBG]  Connection id "0HNJV90SL5KJT" completed keep alive response.
[2026-03-11 15:50:56.547 +07:00  DBG]  'AppDbContext' disposed.
[2026-03-11 15:50:56.555 +07:00  DBG]  Disposing connection to database 'VI_DACDT' on server '192.168.1.13\sql2k16r2, 1439'.
[2026-03-11 15:50:56.560 +07:00  DBG]  Disposed connection to database '' on server '' (5ms).
[2026-03-11 15:50:56.565 +07:00  INF]  Request finished HTTP/1.1 GET http://localhost:5082/api/danh-muc-don-vi/danh-sach - 200 null application/json; charset=utf-8 4727.635ms
[2026-03-11 15:53:08.462 +07:00  DBG]  Connection id "0HNJV90SL5KJT" disconnecting.
[2026-03-11 15:53:08.470 +07:00  DBG]  Connection id "0HNJV90SL5KJT" stopped.
[2026-03-11 15:53:08.479 +07:00  DBG]  Connection id "0HNJV90SL5KJT" sending FIN because: "The Socket transport's send loop completed gracefully."
