[2026-03-12 09:04:43.936 +07:00  DBG]  Connection id "0HNJV90SL5KJU" accepted.
[2026-03-12 09:04:44.000 +07:00  DBG]  Connection id "0HNJV90SL5KJU" started.
[2026-03-12 09:04:44.016 +07:00  INF]  Request starting HTTP/1.1 GET http://localhost:5082/swagger/index.html - null null
[2026-03-12 09:04:44.028 +07:00  DBG]  No candidates found for the request path '/swagger/index.html'
[2026-03-12 09:04:44.032 +07:00  DBG]  Request did not match any endpoints
[2026-03-12 09:04:44.052 +07:00  DBG]  Connection id "0HNJV90SL5KJU" completed keep alive response.
[2026-03-12 09:04:44.057 +07:00  INF]  Request finished HTTP/1.1 GET http://localhost:5082/swagger/index.html - 200 null text/html;charset=utf-8 41.0729ms
[2026-03-12 09:06:56.055 +07:00  DBG]  Connection id "0HNJV90SL5KJU" disconnecting.
[2026-03-12 09:06:56.062 +07:00  DBG]  Connection id "0HNJV90SL5KJU" stopped.
[2026-03-12 09:06:56.068 +07:00  DBG]  Connection id "0HNJV90SL5KJU" sending FIN because: "The Socket transport's send loop completed gracefully."
[2026-03-12 11:11:14.085 +07:00  DBG]  Connection id "0HNJV90SL5KJV" accepted.
[2026-03-12 11:11:14.104 +07:00  DBG]  Connection id "0HNJV90SL5KK0" accepted.
[2026-03-12 11:11:14.108 +07:00  DBG]  Connection id "0HNJV90SL5KJV" started.
[2026-03-12 11:11:14.120 +07:00  DBG]  Connection id "0HNJV90SL5KK0" started.
[2026-03-12 11:11:14.132 +07:00  DBG]  Connection id "0HNJV90SL5KK1" accepted.
[2026-03-12 11:11:14.139 +07:00  DBG]  Connection id "0HNJV90SL5KK2" accepted.
[2026-03-12 11:11:14.141 +07:00  DBG]  Connection id "0HNJV90SL5KK1" started.
[2026-03-12 11:11:14.143 +07:00  DBG]  Connection id "0HNJV90SL5KK2" started.
[2026-03-12 11:11:14.144 +07:00  DBG]  Connection id "0HNJV90SL5KK3" accepted.
[2026-03-12 11:11:14.149 +07:00  DBG]  Connection id "0HNJV90SL5KK3" started.
[2026-03-12 11:11:14.149 +07:00  INF]  Request starting HTTP/1.1 GET http://localhost:5082/swagger/index.css - null null
[2026-03-12 11:11:14.149 +07:00  INF]  Request starting HTTP/1.1 GET http://localhost:5082/swagger/index.js - null null
[2026-03-12 11:11:14.149 +07:00  INF]  Request starting HTTP/1.1 GET http://localhost:5082/swagger/swagger-ui.css - null null
[2026-03-12 11:11:14.149 +07:00  INF]  Request starting HTTP/1.1 GET http://localhost:5082/swagger/swagger-ui-standalone-preset.js - null null
[2026-03-12 11:11:14.152 +07:00  INF]  Request starting HTTP/1.1 GET http://localhost:5082/swagger/swagger-ui-bundle.js - null null
[2026-03-12 11:11:14.165 +07:00  DBG]  No candidates found for the request path '/swagger/index.css'
[2026-03-12 11:11:14.167 +07:00  DBG]  No candidates found for the request path '/swagger/index.js'
[2026-03-12 11:11:14.175 +07:00  DBG]  No candidates found for the request path '/swagger/swagger-ui.css'
[2026-03-12 11:11:14.182 +07:00  DBG]  No candidates found for the request path '/swagger/swagger-ui-standalone-preset.js'
[2026-03-12 11:11:14.186 +07:00  DBG]  No candidates found for the request path '/swagger/swagger-ui-bundle.js'
[2026-03-12 11:11:14.188 +07:00  DBG]  Request did not match any endpoints
[2026-03-12 11:11:14.196 +07:00  DBG]  Request did not match any endpoints
[2026-03-12 11:11:14.200 +07:00  DBG]  Request did not match any endpoints
[2026-03-12 11:11:14.203 +07:00  DBG]  Request did not match any endpoints
[2026-03-12 11:11:14.206 +07:00  DBG]  Request did not match any endpoints
[2026-03-12 11:11:14.242 +07:00  DBG]  Connection id "0HNJV90SL5KK0" completed keep alive response.
[2026-03-12 11:11:14.243 +07:00  DBG]  Connection id "0HNJV90SL5KJV" completed keep alive response.
[2026-03-12 11:11:14.258 +07:00  INF]  Request finished HTTP/1.1 GET http://localhost:5082/swagger/swagger-ui.css - 200 23647 text/css 109.4963ms
[2026-03-12 11:11:14.248 +07:00  DBG]  Connection id "0HNJV90SL5KK2" completed keep alive response.
[2026-03-12 11:11:14.248 +07:00  DBG]  Connection id "0HNJV90SL5KK1" completed keep alive response.
[2026-03-12 11:11:14.250 +07:00  INF]  Request finished HTTP/1.1 GET http://localhost:5082/swagger/index.css - 200 152 text/css 101.5458ms
[2026-03-12 11:11:14.253 +07:00  DBG]  Connection id "0HNJV90SL5KK3" completed keep alive response.
[2026-03-12 11:11:14.244 +07:00  DBG]  Connection id "0HNJV90SL5KK4" accepted.
[2026-03-12 11:11:14.295 +07:00  INF]  Request finished HTTP/1.1 GET http://localhost:5082/swagger/swagger-ui-standalone-preset.js - 200 70860 text/javascript 147.0828ms
[2026-03-12 11:11:14.297 +07:00  INF]  Request finished HTTP/1.1 GET http://localhost:5082/swagger/index.js - 200 null application/javascript;charset=utf-8 149.0544ms
[2026-03-12 11:11:14.307 +07:00  INF]  Request finished HTTP/1.1 GET http://localhost:5082/swagger/swagger-ui-bundle.js - 200 417980 text/javascript 153.8002ms
[2026-03-12 11:11:14.310 +07:00  DBG]  Connection id "0HNJV90SL5KK4" started.
[2026-03-12 11:11:14.335 +07:00  INF]  Request starting HTTP/1.1 GET http://localhost:5082/.well-known/appspecific/com.chrome.devtools.json - null null
[2026-03-12 11:11:14.341 +07:00  DBG]  No candidates found for the request path '/.well-known/appspecific/com.chrome.devtools.json'
[2026-03-12 11:11:14.344 +07:00  DBG]  Request did not match any endpoints
[2026-03-12 11:11:14.418 +07:00  INF]  No cached response available for this request.
[2026-03-12 11:11:14.449 +07:00  DBG]  AuthenticationScheme: Bearer was not authenticated.
[2026-03-12 11:11:14.458 +07:00  INF]  HTTP GET /.well-known/appspecific/com.chrome.devtools.json responded 404 in 28.1968 ms
[2026-03-12 11:11:14.462 +07:00  DBG]  Response is not cacheable because it does not contain the 'public' cache directive.
[2026-03-12 11:11:14.464 +07:00  INF]  The response could not be cached for this request.
[2026-03-12 11:11:14.466 +07:00  DBG]  Connection id "0HNJV90SL5KK4" completed keep alive response.
[2026-03-12 11:11:14.469 +07:00  INF]  Request finished HTTP/1.1 GET http://localhost:5082/.well-known/appspecific/com.chrome.devtools.json - 404 0 null 134.6013ms
[2026-03-12 11:11:14.482 +07:00  INF]  Request reached the end of the middleware pipeline without being handled by application code. Request path: GET http://localhost:5082/.well-known/appspecific/com.chrome.devtools.json, Response status code: 404
[2026-03-12 11:11:14.549 +07:00  INF]  Request starting HTTP/1.1 GET http://localhost:5082/swagger/v1/swagger.json - null null
[2026-03-12 11:11:14.556 +07:00  DBG]  No candidates found for the request path '/swagger/v1/swagger.json'
[2026-03-12 11:11:14.559 +07:00  DBG]  Request did not match any endpoints
[2026-03-12 11:11:15.362 +07:00  DBG]  Connection id "0HNJV90SL5KK4" completed keep alive response.
[2026-03-12 11:11:15.366 +07:00  INF]  Request finished HTTP/1.1 GET http://localhost:5082/swagger/v1/swagger.json - 200 null application/json;charset=utf-8 816.4444ms
[2026-03-12 11:11:19.243 +07:00  INF]  Request starting HTTP/1.1 GET http://localhost:5082/swagger/v1/swagger.json - null null
[2026-03-12 11:11:19.250 +07:00  DBG]  No candidates found for the request path '/swagger/v1/swagger.json'
[2026-03-12 11:11:19.256 +07:00  DBG]  Request did not match any endpoints
[2026-03-12 11:11:19.774 +07:00  DBG]  Connection id "0HNJV90SL5KK4" completed keep alive response.
[2026-03-12 11:11:19.777 +07:00  INF]  Request finished HTTP/1.1 GET http://localhost:5082/swagger/v1/swagger.json - 200 null application/json;charset=utf-8 533.5348ms
[2026-03-12 11:11:28.313 +07:00  INF]  Request starting HTTP/1.1 GET http://localhost:5082/swagger/index.html - null null
[2026-03-12 11:11:28.319 +07:00  DBG]  No candidates found for the request path '/swagger/index.html'
[2026-03-12 11:11:28.322 +07:00  DBG]  Request did not match any endpoints
[2026-03-12 11:11:28.324 +07:00  DBG]  Connection id "0HNJV90SL5KK4" completed keep alive response.
[2026-03-12 11:11:28.327 +07:00  INF]  Request finished HTTP/1.1 GET http://localhost:5082/swagger/index.html - 200 null text/html;charset=utf-8 13.466ms
[2026-03-12 11:11:28.389 +07:00  INF]  Request starting HTTP/1.1 GET http://localhost:5082/swagger/v1/swagger.json - null null
[2026-03-12 11:11:28.391 +07:00  INF]  Request starting HTTP/1.1 GET http://localhost:5082/swagger/favicon-32x32.png - null null
[2026-03-12 11:11:28.395 +07:00  DBG]  No candidates found for the request path '/swagger/v1/swagger.json'
[2026-03-12 11:11:28.401 +07:00  DBG]  No candidates found for the request path '/swagger/favicon-32x32.png'
[2026-03-12 11:11:28.404 +07:00  DBG]  Request did not match any endpoints
[2026-03-12 11:11:28.406 +07:00  DBG]  Request did not match any endpoints
[2026-03-12 11:11:28.419 +07:00  DBG]  Connection id "0HNJV90SL5KK3" completed keep alive response.
[2026-03-12 11:11:28.423 +07:00  INF]  Request finished HTTP/1.1 GET http://localhost:5082/swagger/favicon-32x32.png - 200 628 image/png 31.2441ms
[2026-03-12 11:11:28.783 +07:00  DBG]  Connection id "0HNJV90SL5KK4" completed keep alive response.
[2026-03-12 11:11:28.786 +07:00  INF]  Request finished HTTP/1.1 GET http://localhost:5082/swagger/v1/swagger.json - 200 null application/json;charset=utf-8 397.6546ms
[2026-03-12 11:12:30.204 +07:00  DBG]  Connection id "0HNJV90SL5KJV" received FIN.
[2026-03-12 11:12:30.205 +07:00  DBG]  Connection id "0HNJV90SL5KK1" received FIN.
[2026-03-12 11:12:30.205 +07:00  DBG]  Connection id "0HNJV90SL5KK0" received FIN.
[2026-03-12 11:12:30.205 +07:00  DBG]  Connection id "0HNJV90SL5KK2" received FIN.
[2026-03-12 11:12:30.206 +07:00  DBG]  Connection id "0HNJV90SL5KK3" received FIN.
[2026-03-12 11:12:30.206 +07:00  DBG]  Connection id "0HNJV90SL5KK4" received FIN.
[2026-03-12 11:12:30.208 +07:00  DBG]  Connection id "0HNJV90SL5KJV" disconnecting.
[2026-03-12 11:12:30.214 +07:00  DBG]  Connection id "0HNJV90SL5KK0" disconnecting.
[2026-03-12 11:12:30.214 +07:00  DBG]  Connection id "0HNJV90SL5KK1" sending FIN because: "The Socket transport's send loop completed gracefully."
[2026-03-12 11:12:30.216 +07:00  DBG]  Connection id "0HNJV90SL5KK2" disconnecting.
[2026-03-12 11:12:30.218 +07:00  DBG]  Connection id "0HNJV90SL5KK3" sending FIN because: "The Socket transport's send loop completed gracefully."
[2026-03-12 11:12:30.220 +07:00  DBG]  Connection id "0HNJV90SL5KK4" sending FIN because: "The Socket transport's send loop completed gracefully."
[2026-03-12 11:12:30.222 +07:00  DBG]  Connection id "0HNJV90SL5KJV" sending FIN because: "The Socket transport's send loop completed gracefully."
[2026-03-12 11:12:30.224 +07:00  DBG]  Connection id "0HNJV90SL5KK0" sending FIN because: "The Socket transport's send loop completed gracefully."
[2026-03-12 11:12:30.229 +07:00  DBG]  Connection id "0HNJV90SL5KK2" sending FIN because: "The Socket transport's send loop completed gracefully."
[2026-03-12 11:12:30.230 +07:00  DBG]  Connection id "0HNJV90SL5KK1" disconnecting.
[2026-03-12 11:12:30.232 +07:00  DBG]  Connection id "0HNJV90SL5KK3" disconnecting.
[2026-03-12 11:12:30.234 +07:00  DBG]  Connection id "0HNJV90SL5KK4" disconnecting.
[2026-03-12 11:12:30.247 +07:00  DBG]  Connection id "0HNJV90SL5KK3" stopped.
[2026-03-12 11:12:30.248 +07:00  DBG]  Connection id "0HNJV90SL5KK4" stopped.
[2026-03-12 11:12:30.254 +07:00  DBG]  Connection id "0HNJV90SL5KK1" stopped.
[2026-03-12 11:12:30.254 +07:00  DBG]  Connection id "0HNJV90SL5KK2" stopped.
[2026-03-12 11:12:30.254 +07:00  DBG]  Connection id "0HNJV90SL5KJV" stopped.
[2026-03-12 11:12:30.254 +07:00  DBG]  Connection id "0HNJV90SL5KK0" stopped.
