[2026-03-06 11:05:37.544 +07:00  DBG]  Registered model binder providers, in the following order: ["Microsoft.AspNetCore.Mvc.ModelBinding.Binders.BinderTypeModelBinderProvider","Microsoft.AspNetCore.Mvc.ModelBinding.Binders.ServicesModelBinderProvider","Microsoft.AspNetCore.Mvc.ModelBinding.Binders.BodyModelBinderProvider","Microsoft.AspNetCore.Mvc.ModelBinding.Binders.HeaderModelBinderProvider","Microsoft.AspNetCore.Mvc.ModelBinding.Binders.FloatingPointTypeModelBinderProvider","Microsoft.AspNetCore.Mvc.ModelBinding.Binders.EnumTypeModelBinderProvider","Microsoft.AspNetCore.Mvc.ModelBinding.Binders.DateTimeModelBinderProvider","Microsoft.AspNetCore.Mvc.ModelBinding.Binders.SimpleTypeModelBinderProvider","Microsoft.AspNetCore.Mvc.ModelBinding.Binders.TryParseModelBinderProvider","Microsoft.AspNetCore.Mvc.ModelBinding.Binders.CancellationTokenModelBinderProvider","Microsoft.AspNetCore.Mvc.ModelBinding.Binders.ByteArrayModelBinderProvider","Microsoft.AspNetCore.Mvc.ModelBinding.Binders.FormFileModelBinderProvider","Microsoft.AspNetCore.Mvc.ModelBinding.Binders.FormCollectionModelBinderProvider","Microsoft.AspNetCore.Mvc.ModelBinding.Binders.KeyValuePairModelBinderProvider","Microsoft.AspNetCore.Mvc.ModelBinding.Binders.DictionaryModelBinderProvider","Microsoft.AspNetCore.Mvc.ModelBinding.Binders.ArrayModelBinderProvider","Microsoft.AspNetCore.Mvc.ModelBinding.Binders.CollectionModelBinderProvider","Microsoft.AspNetCore.Mvc.ModelBinding.Binders.ComplexObjectModelBinderProvider"]
[2026-03-06 11:05:37.938 +07:00  DBG]  Hosting starting
[2026-03-06 11:05:38.007 +07:00  INF]  User profile not available. Using 'HKEY_LOCAL_MACHINE\SOFTWARE\Microsoft\ASP.NET\4.0.30319.0\AutoGenKeys\S-1-5-82-4172945613-4049983107-411561429-3614976412-3930017952\DataProtection' as key repository and Windows DPAPI to encrypt keys at rest.
[2026-03-06 11:05:38.055 +07:00  DBG]  Repository contains no viable default key. Caller should generate a key with immediate activation.
[2026-03-06 11:05:38.056 +07:00  DBG]  Policy resolution states that a new key should be added to the key ring.
[2026-03-06 11:05:38.060 +07:00  INF]  Creating key {1c87334a-d30f-49a2-9f31-e68f649b8dde} with creation date 2026-03-06 04:05:38Z, activation date 2026-03-06 04:05:38Z, and expiration date 2026-06-04 04:05:38Z.
[2026-03-06 11:05:38.082 +07:00  DBG]  Descriptor deserializer type for key {1c87334a-d30f-49a2-9f31-e68f649b8dde} is 'Microsoft.AspNetCore.DataProtection.AuthenticatedEncryption.ConfigurationModel.AuthenticatedEncryptorDescriptorDeserializer, Microsoft.AspNetCore.DataProtection, Version=8.0.0.0, Culture=neutral, PublicKeyToken=adb9793829ddae60'.
[2026-03-06 11:05:38.091 +07:00  DBG]  No key escrow sink found. Not writing key {1c87334a-d30f-49a2-9f31-e68f649b8dde} to escrow.
[2026-03-06 11:05:38.093 +07:00  DBG]  Encrypting to Windows DPAPI for local machine account.
[2026-03-06 11:05:38.108 +07:00  DBG]  Key cache expiration token triggered by 'CreateNewKey' operation.
[2026-03-06 11:05:38.113 +07:00  DBG]  Reading data from registry key 'HKEY_LOCAL_MACHINE\SOFTWARE\Microsoft\ASP.NET\4.0.30319.0\AutoGenKeys\S-1-5-82-4172945613-4049983107-411561429-3614976412-3930017952\DataProtection', value 'key-1c87334a-d30f-49a2-9f31-e68f649b8dde'.
[2026-03-06 11:05:38.119 +07:00  DBG]  Found key {1c87334a-d30f-49a2-9f31-e68f649b8dde}.
[2026-03-06 11:05:38.123 +07:00  DBG]  Considering key {1c87334a-d30f-49a2-9f31-e68f649b8dde} with expiration date 2026-06-04 04:05:38Z as default key.
[2026-03-06 11:05:38.126 +07:00  DBG]  Forwarded activator type request from Microsoft.AspNetCore.DataProtection.XmlEncryption.DpapiXmlDecryptor, Microsoft.AspNetCore.DataProtection, Version=8.0.0.0, Culture=neutral, PublicKeyToken=adb9793829ddae60 to Microsoft.AspNetCore.DataProtection.XmlEncryption.DpapiXmlDecryptor, Microsoft.AspNetCore.DataProtection, Culture=neutral, PublicKeyToken=adb9793829ddae60
[2026-03-06 11:05:38.126 +07:00  DBG]  Decrypting secret element using Windows DPAPI.
[2026-03-06 11:05:38.127 +07:00  DBG]  Forwarded activator type request from Microsoft.AspNetCore.DataProtection.AuthenticatedEncryption.ConfigurationModel.AuthenticatedEncryptorDescriptorDeserializer, Microsoft.AspNetCore.DataProtection, Version=8.0.0.0, Culture=neutral, PublicKeyToken=adb9793829ddae60 to Microsoft.AspNetCore.DataProtection.AuthenticatedEncryption.ConfigurationModel.AuthenticatedEncryptorDescriptorDeserializer, Microsoft.AspNetCore.DataProtection, Culture=neutral, PublicKeyToken=adb9793829ddae60
[2026-03-06 11:05:38.129 +07:00  DBG]  Opening CNG algorithm 'AES' from provider 'null' with chaining mode CBC.
[2026-03-06 11:05:38.130 +07:00  DBG]  Opening CNG algorithm 'SHA256' from provider 'null' with HMAC.
[2026-03-06 11:05:38.131 +07:00  DBG]  Using key {1c87334a-d30f-49a2-9f31-e68f649b8dde} as the default key.
[2026-03-06 11:05:38.133 +07:00  DBG]  Key ring with default key {1c87334a-d30f-49a2-9f31-e68f649b8dde} was loaded during application startup.
[2026-03-06 11:05:38.231 +07:00  DBG]  Loaded hosting startup assembly QLDA.WebApi
[2026-03-06 11:05:38.231 +07:00  INF]  Application started. Press Ctrl+C to shut down.
[2026-03-06 11:05:38.232 +07:00  INF]  Hosting environment: Development
[2026-03-06 11:05:38.232 +07:00  INF]  Content root path: D:\Viet_info\TTCDS\pml\DesktopModules\MVC\QuanLyDuAn\SER\QLDA.WebApi\bin\Release\net8.0\publish
[2026-03-06 11:05:38.232 +07:00  DBG]  Hosting started
[2026-03-06 11:05:38.282 +07:00  INF]  Request starting HTTP/1.1 GET http://localhost:8012/swagger - null null
[2026-03-06 11:05:38.285 +07:00  DBG]  Wildcard detected, all requests with hosts will be allowed.
[2026-03-06 11:05:38.345 +07:00  DBG]  No candidates found for the request path '/swagger'
[2026-03-06 11:05:38.346 +07:00  DBG]  Request did not match any endpoints
[2026-03-06 11:05:39.146 +07:00  INF]  Request starting HTTP/1.1 GET http://localhost:8012/swagger/index.html - null null
[2026-03-06 11:05:39.147 +07:00  DBG]  No candidates found for the request path '/swagger/index.html'
[2026-03-06 11:05:39.147 +07:00  DBG]  Request did not match any endpoints
[2026-03-06 11:05:39.154 +07:00  INF]  Request finished HTTP/1.1 GET http://localhost:8012/swagger - 301 null null 872.3492ms
[2026-03-06 11:05:39.314 +07:00  INF]  Request finished HTTP/1.1 GET http://localhost:8012/swagger/index.html - 200 null text/html;charset=utf-8 168.2434ms
[2026-03-06 11:05:39.397 +07:00  INF]  Request starting HTTP/1.1 GET http://localhost:8012/swagger/swagger-ui.css - null null
[2026-03-06 11:05:39.397 +07:00  DBG]  No candidates found for the request path '/swagger/swagger-ui.css'
[2026-03-06 11:05:39.397 +07:00  DBG]  Request did not match any endpoints
[2026-03-06 11:05:39.399 +07:00  INF]  Request starting HTTP/1.1 GET http://localhost:8012/swagger/index.css - null null
[2026-03-06 11:05:39.399 +07:00  DBG]  No candidates found for the request path '/swagger/index.css'
[2026-03-06 11:05:39.399 +07:00  DBG]  Request did not match any endpoints
[2026-03-06 11:05:39.402 +07:00  INF]  Request starting HTTP/1.1 GET http://localhost:8012/swagger/swagger-ui-bundle.js - null null
[2026-03-06 11:05:39.402 +07:00  DBG]  No candidates found for the request path '/swagger/swagger-ui-bundle.js'
[2026-03-06 11:05:39.403 +07:00  DBG]  Request did not match any endpoints
[2026-03-06 11:05:39.940 +07:00  INF]  Request finished HTTP/1.1 GET http://localhost:8012/swagger/index.css - 200 152 text/css 541.5453ms
[2026-03-06 11:05:39.947 +07:00  INF]  Request finished HTTP/1.1 GET http://localhost:8012/swagger/swagger-ui.css - 200 23647 text/css 547.6039ms
[2026-03-06 11:05:39.960 +07:00  INF]  Request starting HTTP/1.1 GET http://localhost:8012/swagger/swagger-ui-standalone-preset.js - null null
[2026-03-06 11:05:39.961 +07:00  DBG]  No candidates found for the request path '/swagger/swagger-ui-standalone-preset.js'
[2026-03-06 11:05:39.961 +07:00  DBG]  Request did not match any endpoints
[2026-03-06 11:05:39.964 +07:00  INF]  Request starting HTTP/1.1 GET http://localhost:8012/swagger/index.js - null null
[2026-03-06 11:05:39.964 +07:00  DBG]  No candidates found for the request path '/swagger/index.js'
[2026-03-06 11:05:39.965 +07:00  DBG]  Request did not match any endpoints
[2026-03-06 11:05:39.966 +07:00  INF]  Request finished HTTP/1.1 GET http://localhost:8012/swagger/swagger-ui-bundle.js - 200 417980 text/javascript 563.9214ms
[2026-03-06 11:05:39.969 +07:00  INF]  Request finished HTTP/1.1 GET http://localhost:8012/swagger/index.js - 200 null application/javascript;charset=utf-8 5.0789ms
[2026-03-06 11:05:39.973 +07:00  INF]  Request finished HTTP/1.1 GET http://localhost:8012/swagger/swagger-ui-standalone-preset.js - 200 70860 text/javascript 12.0809ms
[2026-03-06 11:05:40.525 +07:00  INF]  Request starting HTTP/1.1 GET http://localhost:8012/swagger/v1/swagger.json - null null
[2026-03-06 11:05:40.526 +07:00  DBG]  No candidates found for the request path '/swagger/v1/swagger.json'
[2026-03-06 11:05:40.526 +07:00  DBG]  Request did not match any endpoints
[2026-03-06 11:05:40.710 +07:00  INF]  Request starting HTTP/1.1 GET http://localhost:8012/swagger/favicon-32x32.png - null null
[2026-03-06 11:05:40.711 +07:00  DBG]  No candidates found for the request path '/swagger/favicon-32x32.png'
[2026-03-06 11:05:40.711 +07:00  DBG]  Request did not match any endpoints
[2026-03-06 11:05:40.714 +07:00  INF]  Request finished HTTP/1.1 GET http://localhost:8012/swagger/favicon-32x32.png - 200 628 image/png 3.6423ms
[2026-03-06 11:05:42.105 +07:00  INF]  Request finished HTTP/1.1 GET http://localhost:8012/swagger/v1/swagger.json - 200 null application/json;charset=utf-8 1579.9691ms
[2026-03-06 11:26:19.466 +07:00  INF]  Application is shutting down...
[2026-03-06 11:26:19.498 +07:00  DBG]  Hosting stopping
[2026-03-06 11:26:19.557 +07:00  DBG]  Hosting stopped
