[2026-03-09 08:55:02.479 +07:00  DBG]  Registered model binder providers, in the following order: ["Microsoft.AspNetCore.Mvc.ModelBinding.Binders.BinderTypeModelBinderProvider","Microsoft.AspNetCore.Mvc.ModelBinding.Binders.ServicesModelBinderProvider","Microsoft.AspNetCore.Mvc.ModelBinding.Binders.BodyModelBinderProvider","Microsoft.AspNetCore.Mvc.ModelBinding.Binders.HeaderModelBinderProvider","Microsoft.AspNetCore.Mvc.ModelBinding.Binders.FloatingPointTypeModelBinderProvider","Microsoft.AspNetCore.Mvc.ModelBinding.Binders.EnumTypeModelBinderProvider","Microsoft.AspNetCore.Mvc.ModelBinding.Binders.DateTimeModelBinderProvider","Microsoft.AspNetCore.Mvc.ModelBinding.Binders.SimpleTypeModelBinderProvider","Microsoft.AspNetCore.Mvc.ModelBinding.Binders.TryParseModelBinderProvider","Microsoft.AspNetCore.Mvc.ModelBinding.Binders.CancellationTokenModelBinderProvider","Microsoft.AspNetCore.Mvc.ModelBinding.Binders.ByteArrayModelBinderProvider","Microsoft.AspNetCore.Mvc.ModelBinding.Binders.FormFileModelBinderProvider","Microsoft.AspNetCore.Mvc.ModelBinding.Binders.FormCollectionModelBinderProvider","Microsoft.AspNetCore.Mvc.ModelBinding.Binders.KeyValuePairModelBinderProvider","Microsoft.AspNetCore.Mvc.ModelBinding.Binders.DictionaryModelBinderProvider","Microsoft.AspNetCore.Mvc.ModelBinding.Binders.ArrayModelBinderProvider","Microsoft.AspNetCore.Mvc.ModelBinding.Binders.CollectionModelBinderProvider","Microsoft.AspNetCore.Mvc.ModelBinding.Binders.ComplexObjectModelBinderProvider"]
[2026-03-09 08:55:02.667 +07:00  DBG]  Hosting starting
[2026-03-09 08:55:02.683 +07:00  INF]  User profile not available. Using 'HKEY_LOCAL_MACHINE\SOFTWARE\Microsoft\ASP.NET\4.0.30319.0\AutoGenKeys\S-1-5-82-4172945613-4049983107-411561429-3614976412-3930017952\DataProtection' as key repository and Windows DPAPI to encrypt keys at rest.
[2026-03-09 08:55:02.707 +07:00  DBG]  Reading data from registry key 'HKEY_LOCAL_MACHINE\SOFTWARE\Microsoft\ASP.NET\4.0.30319.0\AutoGenKeys\S-1-5-82-4172945613-4049983107-411561429-3614976412-3930017952\DataProtection', value 'key-1c87334a-d30f-49a2-9f31-e68f649b8dde'.
[2026-03-09 08:55:02.720 +07:00  DBG]  Found key {1c87334a-d30f-49a2-9f31-e68f649b8dde}.
[2026-03-09 08:55:02.737 +07:00  DBG]  Considering key {1c87334a-d30f-49a2-9f31-e68f649b8dde} with expiration date 2026-06-04 04:05:38Z as default key.
[2026-03-09 08:55:02.741 +07:00  DBG]  Forwarded activator type request from Microsoft.AspNetCore.DataProtection.XmlEncryption.DpapiXmlDecryptor, Microsoft.AspNetCore.DataProtection, Version=8.0.0.0, Culture=neutral, PublicKeyToken=adb9793829ddae60 to Microsoft.AspNetCore.DataProtection.XmlEncryption.DpapiXmlDecryptor, Microsoft.AspNetCore.DataProtection, Culture=neutral, PublicKeyToken=adb9793829ddae60
[2026-03-09 08:55:02.743 +07:00  DBG]  Decrypting secret element using Windows DPAPI.
[2026-03-09 08:55:02.746 +07:00  DBG]  Forwarded activator type request from Microsoft.AspNetCore.DataProtection.AuthenticatedEncryption.ConfigurationModel.AuthenticatedEncryptorDescriptorDeserializer, Microsoft.AspNetCore.DataProtection, Version=8.0.0.0, Culture=neutral, PublicKeyToken=adb9793829ddae60 to Microsoft.AspNetCore.DataProtection.AuthenticatedEncryption.ConfigurationModel.AuthenticatedEncryptorDescriptorDeserializer, Microsoft.AspNetCore.DataProtection, Culture=neutral, PublicKeyToken=adb9793829ddae60
[2026-03-09 08:55:02.747 +07:00  DBG]  Opening CNG algorithm 'AES' from provider 'null' with chaining mode CBC.
[2026-03-09 08:55:02.749 +07:00  DBG]  Opening CNG algorithm 'SHA256' from provider 'null' with HMAC.
[2026-03-09 08:55:02.750 +07:00  DBG]  Using key {1c87334a-d30f-49a2-9f31-e68f649b8dde} as the default key.
[2026-03-09 08:55:02.751 +07:00  DBG]  Key ring with default key {1c87334a-d30f-49a2-9f31-e68f649b8dde} was loaded during application startup.
[2026-03-09 08:55:02.839 +07:00  DBG]  Loaded hosting startup assembly QLDA.WebApi
[2026-03-09 08:55:02.840 +07:00  INF]  Application started. Press Ctrl+C to shut down.
[2026-03-09 08:55:02.840 +07:00  INF]  Hosting environment: Development
[2026-03-09 08:55:02.840 +07:00  INF]  Content root path: D:\Viet_info\TTCDS\pml\DesktopModules\MVC\QuanLyDuAn\SER\QLDA.WebApi\bin\Release\net8.0\publish
[2026-03-09 08:55:02.840 +07:00  DBG]  Hosting started
[2026-03-09 08:55:02.863 +07:00  DBG]  Connection ID "18374686489066864649" disconnecting.
[2026-03-09 08:55:02.875 +07:00  INF]  Request starting HTTP/1.1 GET http://localhost:8012/swagger/index.html - null null
[2026-03-09 08:55:02.877 +07:00  DBG]  Wildcard detected, all requests with hosts will be allowed.
[2026-03-09 08:55:02.906 +07:00  DBG]  No candidates found for the request path '/swagger/index.html'
[2026-03-09 08:55:02.906 +07:00  DBG]  Request did not match any endpoints
[2026-03-09 08:55:03.735 +07:00  ERR]  An error occurred with custom message: Lỗi hệ thống, vui lòng thử lại sau. Full details: A task was canceled.
System.Threading.Tasks.TaskCanceledException: A task was canceled.
   at System.IO.StreamReader.ReadBufferAsync(CancellationToken cancellationToken)
   at System.IO.StreamReader.ReadToEndAsyncInternal(CancellationToken cancellationToken)
   at Swashbuckle.AspNetCore.SwaggerUI.SwaggerUIMiddleware.RespondWithFile(HttpResponse response, String fileName, CancellationToken cancellationToken)
   at Swashbuckle.AspNetCore.SwaggerUI.SwaggerUIMiddleware.Invoke(HttpContext httpContext)
   at Swashbuckle.AspNetCore.Swagger.SwaggerMiddleware.Invoke(HttpContext httpContext, ISwaggerProvider swaggerProvider)
   at QLDA.WebApi.Middlewares.ExceptionMiddleware.InvokeAsync(HttpContext context) in D:\Viet_info\TTCDS\pml\DesktopModules\MVC\QuanLyDuAn\SER\QLDA.WebApi\Middlewares\ExceptionMiddleware.cs:line 12
[2026-03-09 08:55:03.837 +07:00  INF]  Request finished HTTP/1.1 GET http://localhost:8012/swagger/index.html - 499 null application/json; charset=utf-8 962.7872ms
[2026-03-09 09:15:43.330 +07:00  INF]  Application is shutting down...
[2026-03-09 09:15:43.332 +07:00  DBG]  Hosting stopping
[2026-03-09 09:15:43.333 +07:00  DBG]  Hosting stopped
